Using backend: pytorch
Other supported backends: tensorflow.compat.v1, tensorflow, jax, paddle.
paddle supports more examples now and is recommended.
Set the default float type to float64
Device ID: 1, Free Memory: 11007.0 MB
self.triangles shape: (141944, 3)
Compiling model...
'compile' took 0.000238 s

Training model...

Step      Train loss                                            Test loss                                             Test metric
0         [0.00e+00, 0.00e+00, 0.00e+00, 3.63e+03, 3.63e+03]    [0.00e+00, 0.00e+00, 0.00e+00, 3.63e+03, 3.63e+03]    []  
1000      [0.00e+00, 0.00e+00, 0.00e+00, 2.12e+03, 2.12e+03]    [0.00e+00, 0.00e+00, 0.00e+00, 2.12e+03, 2.12e+03]    []  
2000      [0.00e+00, 0.00e+00, 0.00e+00, 2.09e+03, 2.09e+03]    [0.00e+00, 0.00e+00, 0.00e+00, 2.09e+03, 2.09e+03]    []  
3000      [0.00e+00, 0.00e+00, 0.00e+00, 2.09e+03, 2.09e+03]    [0.00e+00, 0.00e+00, 0.00e+00, 2.09e+03, 2.09e+03]    []  
4000      [0.00e+00, 0.00e+00, 0.00e+00, 2.09e+03, 2.09e+03]    [0.00e+00, 0.00e+00, 0.00e+00, 2.09e+03, 2.09e+03]    []  
5000      [0.00e+00, 0.00e+00, 0.00e+00, 1.40e+02, 1.40e+02]    [0.00e+00, 0.00e+00, 0.00e+00, 1.40e+02, 1.40e+02]    []  
6000      [0.00e+00, 0.00e+00, 0.00e+00, 1.49e+01, 1.49e+01]    [0.00e+00, 0.00e+00, 0.00e+00, 1.49e+01, 1.49e+01]    []  
7000      [0.00e+00, 0.00e+00, 0.00e+00, 1.00e+01, 1.00e+01]    [0.00e+00, 0.00e+00, 0.00e+00, 1.00e+01, 1.00e+01]    []  
8000      [0.00e+00, 0.00e+00, 0.00e+00, 7.82e+00, 7.82e+00]    [0.00e+00, 0.00e+00, 0.00e+00, 7.82e+00, 7.82e+00]    []  
9000      [0.00e+00, 0.00e+00, 0.00e+00, 6.39e+00, 6.39e+00]    [0.00e+00, 0.00e+00, 0.00e+00, 6.39e+00, 6.39e+00]    []  
10000     [0.00e+00, 0.00e+00, 0.00e+00, 5.23e+00, 5.23e+00]    [0.00e+00, 0.00e+00, 0.00e+00, 5.23e+00, 5.23e+00]    []  

Best model at step 10000:
  train loss: 1.05e+01
  test loss: 1.05e+01
  test metric: []

Epoch 10000: saving model to /itf-fi-ml/home/adamjak/heart/MSc/deepxDE/models/heart_model_64x5_tanh_Glorot normal_mini_t_norm-10000.pt ...

'train' took 6414.063861 s

Saving loss history to /itf-fi-ml/home/adamjak/heart/MSc/deepxDE/loss.dat ...
Saving training data to /itf-fi-ml/home/adamjak/heart/MSc/deepxDE/train.dat ...
Saving test data to /itf-fi-ml/home/adamjak/heart/MSc/deepxDE/test.dat ...
Compiling model...
'compile' took 0.000191 s

Training model...

Step      Train loss                                            Test loss                                             Test metric
10000     [1.32e+13, 2.06e+01, 9.76e-11, 5.23e+00, 5.23e+00]    [1.32e+13, 2.02e+01, 4.96e-10, 5.23e+00, 5.23e+00]    []  
11000     [1.10e+09, 2.40e+00, 5.02e-22, 5.92e+02, 5.92e+02]    [1.14e+09, 2.48e+00, 2.64e-10, 5.92e+02, 5.92e+02]    []  
12000     [6.10e+08, 1.67e+00, 1.51e-07, 3.03e+02, 3.03e+02]    [5.89e+08, 1.60e+00, 1.48e-08, 3.03e+02, 3.03e+02]    []  
13000     [3.94e+08, 1.43e+00, 3.10e-06, 2.13e+02, 2.13e+02]    [3.80e+08, 1.39e+00, 7.19e-11, 2.13e+02, 2.13e+02]    []  
14000     [2.31e+08, 1.28e+00, 1.09e-08, 1.69e+02, 1.69e+02]    [7.30e+08, 1.24e+00, 8.03e-07, 1.69e+02, 1.69e+02]    []  
15000     [1.17e+08, 1.08e+00, 3.92e-04, 1.40e+02, 1.40e+02]    [1.19e+08, 1.08e+00, 5.08e-09, 1.40e+02, 1.40e+02]    []  
16000     [5.25e+07, 8.06e-01, 2.89e-01, 1.20e+02, 1.20e+02]    [5.22e+07, 8.08e-01, 6.91e-07, 1.20e+02, 1.20e+02]    []  
17000     [1.91e+07, 4.55e-01, 8.10e-06, 1.10e+02, 1.10e+02]    [1.85e+07, 4.51e-01, 1.37e-11, 1.10e+02, 1.10e+02]    []  
18000     [1.05e+07, 3.63e-01, 8.37e-11, 1.03e+02, 1.03e+02]    [1.04e+07, 3.64e-01, 4.50e-09, 1.03e+02, 1.03e+02]    []  
19000     [6.09e+06, 3.16e-01, 1.41e-11, 9.73e+01, 9.73e+01]    [6.79e+06, 3.36e-01, 3.39e-08, 9.73e+01, 9.73e+01]    []  
20000     [4.06e+06, 3.26e-01, 3.76e-08, 9.47e+01, 9.47e+01]    [4.07e+06, 3.22e-01, 4.08e-05, 9.47e+01, 9.47e+01]    []  
21000     [2.27e+06, 3.30e-01, 4.24e-02, 9.36e+01, 9.36e+01]    [2.22e+06, 3.17e-01, 2.32e-05, 9.36e+01, 9.36e+01]    []  
22000     [1.07e+06, 4.89e+00, 7.47e-11, 9.31e+01, 9.31e+01]    [1.10e+06, 6.07e+00, 3.14e-05, 9.31e+01, 9.31e+01]    []  
23000     [6.12e+05, 3.02e-01, 3.20e-04, 9.25e+01, 9.25e+01]    [6.16e+05, 3.03e-01, 1.18e-11, 9.25e+01, 9.25e+01]    []  
24000     [3.29e+05, 3.12e-01, 2.46e-06, 9.20e+01, 9.20e+01]    [3.42e+05, 3.19e-01, 1.03e-08, 9.20e+01, 9.20e+01]    []  
25000     [1.07e+05, 1.37e+01, 1.39e-03, 9.14e+01, 9.14e+01]    [1.04e+05, 9.02e+00, 2.59e-10, 9.14e+01, 9.14e+01]    []  
26000     [3.94e+04, 4.75e+00, 1.03e-05, 9.07e+01, 9.07e+01]    [3.63e+04, 5.48e+00, 1.94e-05, 9.07e+01, 9.07e+01]    []  
27000     [1.56e+04, 3.53e+00, 2.78e-07, 8.98e+01, 8.98e+01]    [1.35e+04, 3.01e+00, 8.39e-15, 8.98e+01, 8.98e+01]    []  
28000     [6.72e+03, 2.45e+00, 2.51e-04, 8.85e+01, 8.85e+01]    [1.47e+05, 3.11e+00, 1.15e-06, 8.85e+01, 8.85e+01]    []  
29000     [5.21e+03, 1.82e+00, 1.06e-05, 8.87e+01, 8.87e+01]    [5.51e+03, 2.01e+00, 8.68e-16, 8.87e+01, 8.87e+01]    []  
30000     [1.86e+03, 1.31e+00, 1.17e-08, 8.68e+01, 8.68e+01]    [2.24e+03, 1.00e+00, 2.51e-15, 8.68e+01, 8.68e+01]    []  
31000     [1.04e+03, 8.08e-01, 3.94e-13, 8.50e+01, 8.50e+01]    [1.15e+03, 1.06e+00, 3.30e-09, 8.50e+01, 8.50e+01]    []  
32000     [5.75e+02, 3.89e-01, 4.79e-08, 8.30e+01, 8.30e+01]    [5.58e+02, 3.55e-01, 2.58e-11, 8.30e+01, 8.30e+01]    []  
33000     [2.93e+02, 3.13e-01, 5.52e-08, 8.06e+01, 8.06e+01]    [2.56e+02, 3.39e-01, 7.80e-06, 8.06e+01, 8.06e+01]    []  
34000     [1.64e+02, 1.83e-01, 2.54e-06, 7.85e+01, 7.85e+01]    [1.33e+02, 2.11e-01, 1.59e-06, 7.85e+01, 7.85e+01]    []  
35000     [7.15e+03, 5.77e-01, 3.70e-08, 8.89e+01, 8.89e+01]    [1.31e+04, 6.31e-01, 6.86e-08, 8.89e+01, 8.89e+01]    []  
36000     [2.57e+03, 9.66e-01, 4.13e-11, 8.72e+01, 8.72e+01]    [4.30e+03, 1.36e+00, 8.08e-07, 8.72e+01, 8.72e+01]    []  
37000     [3.32e+03, 2.04e+00, 1.10e-03, 8.80e+01, 8.80e+01]    [1.42e+03, 2.39e+00, 4.72e-05, 8.80e+01, 8.80e+01]    []  
38000     [4.05e+02, 1.89e+00, 8.02e-08, 8.68e+01, 8.68e+01]    [8.24e+02, 1.52e+00, 2.49e-13, 8.68e+01, 8.68e+01]    []  
39000     [2.58e+02, 1.41e+00, 1.02e-04, 8.54e+01, 8.54e+01]    [4.99e+02, 1.77e+00, 5.84e-10, 8.54e+01, 8.54e+01]    []  
40000     [1.57e+02, 1.66e+00, 2.09e-06, 8.34e+01, 8.34e+01]    [2.77e+02, 1.33e+00, 1.27e-06, 8.34e+01, 8.34e+01]    []  
41000     [4.60e+01, 9.69e-01, 1.69e-06, 8.07e+01, 8.07e+01]    [2.79e+02, 8.70e-01, 1.63e-07, 8.07e+01, 8.07e+01]    []  
42000     [2.74e+01, 5.22e-01, 4.47e-07, 7.67e+01, 7.67e+01]    [5.57e+07, 7.87e-01, 1.97e-06, 7.67e+01, 7.67e+01]    []  
43000     [3.81e+01, 3.84e-01, 9.57e-08, 6.83e+01, 6.83e+01]    [4.64e+07, 5.17e-01, 4.91e-12, 6.83e+01, 6.83e+01]    []  
44000     [2.26e+01, 2.54e-01, 1.66e-08, 5.63e+01, 5.63e+01]    [6.95e+07, 5.12e-01, 2.04e-07, 5.63e+01, 5.63e+01]    []  
45000     [9.83e+00, 1.47e-01, 1.44e-05, 4.78e+01, 4.78e+01]    [7.67e+01, 1.51e-01, 1.54e-08, 4.78e+01, 4.78e+01]    []  
46000     [8.80e+00, 1.09e-01, 8.52e-11, 4.08e+01, 4.08e+01]    [1.28e+09, 1.47e-01, 6.33e-11, 4.08e+01, 4.08e+01]    []  
47000     [3.70e+02, 5.51e-02, 2.60e-10, 5.62e+01, 5.62e+01]    [3.81e+02, 5.12e-02, 1.23e-12, 5.62e+01, 5.62e+01]    []  
48000     [2.22e+02, 5.21e-02, 1.21e-04, 5.32e+01, 5.32e+01]    [2.81e+02, 5.34e-02, 4.12e-08, 5.32e+01, 5.32e+01]    []  
49000     [1.21e+02, 8.65e-02, 2.15e-07, 5.09e+01, 5.09e+01]    [2.60e+02, 8.14e-02, 1.41e-09, 5.09e+01, 5.09e+01]    []  
50000     [1.14e+02, 8.18e-02, 1.01e-06, 4.87e+01, 4.87e+01]    [7.69e+02, 8.66e-02, 5.11e-12, 4.87e+01, 4.87e+01]    []  
51000     [7.35e+01, 9.04e-02, 4.17e-05, 4.63e+01, 4.63e+01]    [4.53e+02, 9.18e-02, 2.55e-10, 4.63e+01, 4.63e+01]    []  
52000     [1.67e+02, 1.73e-02, 6.93e-10, 5.12e+01, 5.12e+01]    [3.21e+02, 2.35e-02, 4.14e-13, 5.12e+01, 5.12e+01]    []  
53000     [5.96e+01, 9.75e-03, 4.63e-10, 5.17e+01, 5.17e+01]    [1.33e+02, 1.28e-02, 1.24e-11, 5.17e+01, 5.17e+01]    []  
54000     [1.90e+01, 7.13e-03, 1.14e-11, 5.08e+01, 5.08e+01]    [2.40e+01, 7.72e-03, 9.77e-05, 5.08e+01, 5.08e+01]    []  
55000     [8.94e+00, 6.14e-03, 1.66e-07, 4.90e+01, 4.90e+01]    [1.45e+01, 6.65e-03, 1.44e-09, 4.90e+01, 4.90e+01]    []  
56000     [8.67e+00, 6.84e-03, 3.27e-07, 4.69e+01, 4.69e+01]    [9.16e+00, 7.00e-03, 1.30e-09, 4.69e+01, 4.69e+01]    []  
57000     [6.53e+00, 6.86e-03, 1.37e-08, 4.41e+01, 4.41e+01]    [6.60e+00, 7.03e-03, 9.31e-10, 4.41e+01, 4.41e+01]    []  
58000     [5.19e+00, 6.56e-03, 4.32e-09, 4.02e+01, 4.02e+01]    [1.09e+01, 7.01e-03, 2.49e-07, 4.02e+01, 4.02e+01]    []  
59000     [4.63e+00, 5.69e-03, 6.14e-08, 3.51e+01, 3.51e+01]    [4.78e+01, 6.95e-03, 6.66e-11, 3.51e+01, 3.51e+01]    []  
60000     [6.43e+00, 6.96e-03, 5.99e-07, 3.04e+01, 3.04e+01]    [3.09e+01, 8.43e-03, 2.42e-08, 3.04e+01, 3.04e+01]    []  
61000     [3.33e+00, 6.78e-03, 6.04e-07, 2.65e+01, 2.65e+01]    [3.85e+01, 7.57e-03, 1.27e-05, 2.65e+01, 2.65e+01]    []  
62000     [2.98e+00, 6.55e-03, 8.51e-06, 2.31e+01, 2.31e+01]    [2.30e+01, 6.90e-03, 9.13e-07, 2.31e+01, 2.31e+01]    []  
63000     [1.98e+00, 4.75e-03, 9.58e-06, 2.01e+01, 2.01e+01]    [4.18e+01, 5.38e-03, 2.06e-08, 2.01e+01, 2.01e+01]    []  
64000     [1.38e+00, 3.45e-03, 7.36e-09, 1.82e+01, 1.82e+01]    [7.43e+01, 6.13e-03, 8.71e-09, 1.82e+01, 1.82e+01]    []  
65000     [1.26e+01, 6.80e-03, 1.94e-09, 1.94e+01, 1.94e+01]    [2.98e+01, 6.96e-03, 4.36e-08, 1.94e+01, 1.94e+01]    []  
66000     [1.97e+00, 2.10e-03, 7.31e-08, 1.89e+01, 1.89e+01]    [1.77e+00, 1.94e-03, 9.48e-08, 1.89e+01, 1.89e+01]    []  
67000     [1.80e+01, 2.16e-03, 2.53e-11, 2.12e+01, 2.12e+01]    [2.06e+01, 2.13e-03, 2.62e-12, 2.12e+01, 2.12e+01]    []  
68000     [1.06e+01, 2.35e-03, 1.82e-07, 2.12e+01, 2.12e+01]    [9.33e+00, 2.29e-03, 2.48e-10, 2.12e+01, 2.12e+01]    []  
69000     [6.63e+00, 2.02e-03, 6.97e-08, 2.07e+01, 2.07e+01]    [5.45e+00, 2.03e-03, 5.26e-06, 2.07e+01, 2.07e+01]    []  
70000     [4.02e+00, 1.80e-03, 3.81e-09, 2.02e+01, 2.02e+01]    [4.47e+00, 1.89e-03, 4.05e-07, 2.02e+01, 2.02e+01]    []  
71000     [3.00e+00, 1.70e-03, 1.36e-07, 1.96e+01, 1.96e+01]    [3.60e+00, 2.29e-03, 4.19e-12, 1.96e+01, 1.96e+01]    []  
72000     [2.28e+00, 1.72e-03, 5.98e-07, 1.90e+01, 1.90e+01]    [2.11e+00, 2.22e-03, 6.61e-11, 1.90e+01, 1.90e+01]    []  
73000     [1.99e+00, 1.59e-03, 3.17e-06, 1.83e+01, 1.83e+01]    [1.71e+00, 2.05e-03, 5.91e-08, 1.83e+01, 1.83e+01]    []  
74000     [1.44e+00, 2.52e-03, 2.10e-08, 1.76e+01, 1.76e+01]    [1.70e+00, 2.63e-03, 3.47e-10, 1.76e+01, 1.76e+01]    []  
75000     [9.64e-01, 4.79e-03, 2.40e-09, 1.68e+01, 1.68e+01]    [1.18e+00, 2.52e-03, 1.31e-08, 1.68e+01, 1.68e+01]    []  
76000     [5.60e-01, 1.12e-03, 2.62e-05, 1.58e+01, 1.58e+01]    [9.17e-01, 1.27e-03, 1.84e-12, 1.58e+01, 1.58e+01]    []  
77000     [4.58e-01, 1.19e-03, 9.60e-06, 1.50e+01, 1.50e+01]    [6.57e-01, 1.20e-03, 1.99e-11, 1.50e+01, 1.50e+01]    []  
78000     [3.70e-01, 1.17e-03, 3.33e-08, 1.41e+01, 1.41e+01]    [4.94e-01, 1.17e-03, 6.17e-09, 1.41e+01, 1.41e+01]    []  
79000     [3.22e-01, 1.13e-03, 4.70e-08, 1.31e+01, 1.31e+01]    [5.81e-01, 1.15e-03, 1.67e-10, 1.31e+01, 1.31e+01]    []  
80000     [2.28e-01, 1.03e-03, 2.39e-06, 1.20e+01, 1.20e+01]    [5.10e-01, 9.96e-04, 1.75e-05, 1.20e+01, 1.20e+01]    []  
81000     [1.77e-01, 8.61e-04, 3.15e-08, 1.08e+01, 1.08e+01]    [3.25e-01, 8.71e-04, 9.84e-08, 1.08e+01, 1.08e+01]    []  
82000     [1.72e-01, 7.83e-04, 6.81e-09, 9.99e+00, 9.99e+00]    [1.95e-01, 7.89e-04, 3.31e-10, 9.99e+00, 9.99e+00]    []  
83000     [1.41e-01, 7.02e-04, 3.07e-09, 9.22e+00, 9.22e+00]    [1.47e-01, 6.93e-04, 6.84e-10, 9.22e+00, 9.22e+00]    []  
84000     [8.29e-02, 6.21e-04, 2.06e-08, 8.50e+00, 8.50e+00]    [1.15e-01, 6.78e-04, 3.70e-06, 8.50e+00, 8.50e+00]    []  
85000     [9.20e-02, 5.55e-04, 4.74e-08, 7.74e+00, 7.74e+00]    [1.26e+04, 3.94e-03, 2.39e-10, 7.74e+00, 7.74e+00]    []  
86000     [8.07e-02, 4.36e-04, 1.31e-06, 7.04e+00, 7.04e+00]    [1.50e+04, 3.15e-03, 3.77e-10, 7.04e+00, 7.04e+00]    []  
87000     [6.79e-02, 2.78e-04, 1.11e-10, 6.43e+00, 6.43e+00]    [1.53e+04, 2.03e-03, 1.59e-09, 6.43e+00, 6.43e+00]    []  
88000     [4.88e-02, 2.13e-04, 2.18e-10, 5.84e+00, 5.84e+00]    [8.28e-02, 2.18e-04, 4.74e-10, 5.84e+00, 5.84e+00]    []  
89000     [3.57e-02, 2.01e-04, 3.74e-08, 5.31e+00, 5.31e+00]    [4.68e-02, 2.04e-04, 1.98e-14, 5.31e+00, 5.31e+00]    []  
90000     [3.15e-02, 1.44e-04, 4.18e-06, 4.79e+00, 4.79e+00]    [3.73e-02, 1.45e-04, 2.98e-10, 4.79e+00, 4.79e+00]    []  
91000     [2.30e-02, 1.13e-04, 8.40e-10, 4.29e+00, 4.29e+00]    [3.15e-02, 1.13e-04, 5.53e-08, 4.29e+00, 4.29e+00]    []  
92000     [1.97e-02, 7.74e-05, 5.20e-09, 3.81e+00, 3.81e+00]    [2.23e-02, 7.79e-05, 7.27e-10, 3.81e+00, 3.81e+00]    []  
93000     [1.28e-02, 6.22e-05, 1.85e-08, 3.39e+00, 3.39e+00]    [1.93e-02, 6.27e-05, 1.12e-07, 3.39e+00, 3.39e+00]    []  
94000     [7.28e-03, 6.06e-05, 2.87e-08, 3.06e+00, 3.06e+00]    [2.29e-02, 6.64e-05, 1.28e-08, 3.06e+00, 3.06e+00]    []  
95000     [5.70e-03, 2.26e-05, 6.47e-09, 2.80e+00, 2.80e+00]    [8.64e-03, 2.36e-05, 2.32e-08, 2.80e+00, 2.80e+00]    []  
96000     [3.72e-03, 1.93e-06, 5.64e-10, 2.57e+00, 2.57e+00]    [8.49e-03, 2.08e-06, 1.27e-09, 2.57e+00, 2.57e+00]    []  
97000     [4.39e-03, 4.85e-05, 2.62e-09, 2.42e+00, 2.42e+00]    [6.41e-03, 4.84e-05, 7.63e-09, 2.42e+00, 2.42e+00]    []  
98000     [2.40e-03, 2.61e-04, 6.64e-08, 2.25e+00, 2.25e+00]    [1.59e-03, 2.32e-04, 3.53e-11, 2.25e+00, 2.25e+00]    []  
99000     [1.12e-03, 3.76e-04, 9.50e-09, 2.10e+00, 2.10e+00]    [1.91e-03, 4.60e-04, 5.00e-10, 2.10e+00, 2.10e+00]    []  
100000    [7.07e-04, 6.77e-04, 7.77e-12, 1.93e+00, 1.93e+00]    [1.08e-03, 8.06e-04, 8.47e-13, 1.93e+00, 1.93e+00]    []  
101000    [5.78e-04, 1.00e-03, 1.44e-07, 1.78e+00, 1.78e+00]    [4.09e-03, 1.08e+00, 2.24e-13, 1.78e+00, 1.78e+00]    []  
102000    [6.98e-04, 1.06e-03, 1.30e-13, 1.75e+00, 1.75e+00]    [3.97e-04, 1.06e-03, 1.62e-11, 1.75e+00, 1.75e+00]    []  
103000    [4.79e-04, 1.04e-03, 1.39e-11, 1.69e+00, 1.69e+00]    [4.53e-04, 1.05e-03, 2.52e-11, 1.69e+00, 1.69e+00]    []  
104000    [5.71e-04, 1.02e-03, 1.77e-08, 1.62e+00, 1.62e+00]    [1.38e-03, 1.01e-03, 1.46e-16, 1.62e+00, 1.62e+00]    []  
105000    [7.06e-04, 9.87e-04, 1.84e-08, 1.54e+00, 1.54e+00]    [8.42e-04, 9.74e-04, 2.38e-15, 1.54e+00, 1.54e+00]    []  
106000    [8.82e-04, 9.85e-04, 9.98e-09, 1.45e+00, 1.45e+00]    [6.16e-03, 9.65e-04, 2.30e-09, 1.45e+00, 1.45e+00]    []  
107000    [6.88e-04, 9.91e-04, 1.06e-10, 1.35e+00, 1.35e+00]    [3.87e-03, 9.47e-04, 1.45e-12, 1.35e+00, 1.35e+00]    []  
108000    [1.00e-03, 9.51e-04, 1.75e-07, 1.26e+00, 1.26e+00]    [2.25e-03, 9.50e-04, 9.69e-10, 1.26e+00, 1.26e+00]    []  
109000    [1.23e-02, 5.36e-04, 3.16e-06, 1.33e+00, 1.33e+00]    [1.05e+10, 2.13e-02, 3.98e-06, 1.33e+00, 1.33e+00]    []  
110000    [1.23e-02, 3.32e-03, 5.75e-11, 1.28e+00, 1.28e+00]    [1.06e+10, 1.81e-02, 2.20e-07, 1.28e+00, 1.28e+00]    []  
111000    [4.91e-01, 4.43e-04, 1.06e-07, 6.80e+00, 6.80e+00]    [6.26e-01, 4.43e-04, 5.93e-12, 6.80e+00, 6.80e+00]    []  
112000    [4.50e-01, 4.56e-04, 1.86e-08, 4.64e+00, 4.64e+00]    [1.12e+00, 4.54e-04, 3.95e-15, 4.64e+00, 4.64e+00]    []  
113000    [1.43e+00, 4.60e-04, 2.07e-07, 3.83e+00, 3.83e+00]    [1.04e+00, 4.59e-04, 7.54e-12, 3.83e+00, 3.83e+00]    []  
114000    [8.10e-01, 4.54e-04, 7.69e-07, 3.18e+00, 3.18e+00]    [5.58e-01, 4.54e-04, 1.13e-11, 3.18e+00, 3.18e+00]    []  
115000    [1.87e-01, 4.52e-04, 3.37e-07, 2.68e+00, 2.68e+00]    [1.13e+04, 1.38e-03, 8.37e-12, 2.68e+00, 2.68e+00]    []  
116000    [4.19e-01, 4.72e-04, 1.32e-06, 2.38e+00, 2.38e+00]    [6.65e-01, 4.75e-04, 2.43e-19, 2.38e+00, 2.38e+00]    []  
117000    [2.05e-01, 4.92e-04, 4.37e-08, 2.14e+00, 2.14e+00]    [6.10e-01, 4.90e-04, 2.14e-15, 2.14e+00, 2.14e+00]    []  
118000    [6.09e-01, 5.06e-04, 1.73e-09, 1.97e+00, 1.97e+00]    [4.03e-01, 4.99e-04, 5.09e-08, 1.97e+00, 1.97e+00]    []  
119000    [2.62e-01, 5.35e-04, 4.80e-15, 1.85e+00, 1.85e+00]    [4.36e-01, 5.31e-04, 3.64e-09, 1.85e+00, 1.85e+00]    []  
120000    [2.48e-01, 5.31e-04, 2.25e-14, 1.74e+00, 1.74e+00]    [8.50e-01, 5.47e-04, 7.72e-13, 1.74e+00, 1.74e+00]    []  
121000    [1.12e-01, 5.12e-04, 1.06e-07, 1.66e+00, 1.66e+00]    [8.78e-02, 5.17e-04, 8.35e-13, 1.66e+00, 1.66e+00]    []  
122000    [5.25e-02, 5.39e-04, 1.17e-07, 1.58e+00, 1.58e+00]    [1.40e-01, 5.32e-04, 2.51e-07, 1.58e+00, 1.58e+00]    []  
123000    [3.12e-02, 5.16e-04, 3.26e-11, 1.50e+00, 1.50e+00]    [2.74e-02, 5.16e-04, 1.00e-12, 1.50e+00, 1.50e+00]    []  
124000    [2.10e-02, 5.03e-04, 3.51e-07, 1.45e+00, 1.45e+00]    [3.72e-02, 5.00e-04, 7.54e-12, 1.45e+00, 1.45e+00]    []  
125000    [3.34e-02, 4.76e-04, 1.42e-09, 1.39e+00, 1.39e+00]    [3.44e-02, 4.69e-04, 1.48e-09, 1.39e+00, 1.39e+00]    []  
126000    [1.50e-02, 4.60e-04, 3.90e-09, 1.34e+00, 1.34e+00]    [2.95e-02, 4.57e-04, 5.91e-21, 1.34e+00, 1.34e+00]    []  
127000    [1.48e-02, 4.58e-04, 2.20e-10, 1.28e+00, 1.28e+00]    [2.83e-02, 4.52e-04, 7.40e-33, 1.28e+00, 1.28e+00]    []  
128000    [1.40e-02, 4.74e-04, 3.95e-10, 1.23e+00, 1.23e+00]    [3.67e-02, 4.63e-04, 3.42e-11, 1.23e+00, 1.23e+00]    []  
129000    [1.10e-02, 4.84e-04, 6.63e-08, 1.17e+00, 1.17e+00]    [4.28e-02, 4.75e-04, 9.88e-15, 1.17e+00, 1.17e+00]    []  
130000    [7.97e-03, 4.94e-04, 3.68e-08, 1.10e+00, 1.10e+00]    [2.16e-02, 4.95e-04, 5.20e-11, 1.10e+00, 1.10e+00]    []  
131000    [6.50e-03, 5.34e-04, 1.48e-10, 1.05e+00, 1.05e+00]    [1.22e-02, 5.29e-04, 1.65e-07, 1.05e+00, 1.05e+00]    []  
132000    [6.65e-03, 5.45e-04, 9.07e-10, 1.01e+00, 1.01e+00]    [1.93e-02, 5.43e-04, 7.20e-11, 1.01e+00, 1.01e+00]    []  
133000    [4.59e-03, 5.72e-04, 2.40e-11, 9.63e-01, 9.63e-01]    [1.19e-02, 5.71e-04, 8.78e-16, 9.63e-01, 9.63e-01]    []  
134000    [3.94e-03, 5.97e-04, 1.09e-10, 9.22e-01, 9.22e-01]    [3.20e-03, 5.96e-04, 2.16e-07, 9.22e-01, 9.22e-01]    []  
135000    [2.54e-03, 6.07e-04, 3.63e-25, 8.81e-01, 8.81e-01]    [3.17e-03, 6.01e-04, 2.85e-17, 8.81e-01, 8.81e-01]    []  
136000    [2.77e-03, 6.32e-04, 4.20e-08, 8.40e-01, 8.40e-01]    [6.15e-03, 6.25e-04, 3.27e-08, 8.40e-01, 8.40e-01]    []  
137000    [2.14e-03, 6.36e-04, 5.63e-07, 8.02e-01, 8.02e-01]    [5.35e-03, 6.32e-04, 3.90e-11, 8.02e-01, 8.02e-01]    []  
138000    [1.74e-03, 6.64e-04, 1.10e-09, 7.63e-01, 7.63e-01]    [4.40e-03, 6.61e-04, 3.96e-25, 7.63e-01, 7.63e-01]    []  
139000    [1.53e-03, 6.94e-04, 2.19e-15, 7.32e-01, 7.32e-01]    [1.26e-03, 6.99e-04, 2.85e-10, 7.32e-01, 7.32e-01]    []  
140000    [9.47e-04, 7.26e-04, 2.81e-15, 7.04e-01, 7.04e-01]    [1.38e-03, 7.23e-04, 3.17e-10, 7.04e-01, 7.04e-01]    []  
141000    [6.29e-04, 7.67e-04, 6.13e-10, 6.81e-01, 6.81e-01]    [1.54e-03, 7.58e-04, 1.53e-16, 6.81e-01, 6.81e-01]    []  
142000    [5.02e-04, 7.79e-04, 8.07e-10, 6.59e-01, 6.59e-01]    [1.67e-03, 7.77e-04, 7.45e-08, 6.59e-01, 6.59e-01]    []  
143000    [4.34e-04, 8.17e-04, 5.03e-08, 6.38e-01, 6.38e-01]    [3.28e-03, 8.15e-04, 1.49e-09, 6.38e-01, 6.38e-01]    []  
144000    [4.70e-04, 8.62e-04, 6.15e-07, 6.17e-01, 6.17e-01]    [1.74e-03, 8.61e-04, 3.12e-10, 6.17e-01, 6.17e-01]    []  
145000    [4.18e-04, 8.93e-04, 8.09e-08, 6.10e-01, 6.10e-01]    [7.79e-04, 8.83e-04, 9.62e-40, 6.10e-01, 6.10e-01]    []  
146000    [3.95e-04, 9.06e-04, 8.88e-12, 5.74e-01, 5.74e-01]    [8.74e-04, 9.01e-04, 8.85e-15, 5.74e-01, 5.74e-01]    []  
147000    [3.87e-04, 9.08e-04, 1.70e-08, 5.53e-01, 5.53e-01]    [1.68e-03, 9.03e-04, 2.78e-24, 5.53e-01, 5.53e-01]    []  
148000    [2.83e-04, 9.22e-04, 7.20e-08, 5.31e-01, 5.31e-01]    [5.28e-03, 4.23e-03, 6.83e-20, 5.31e-01, 5.31e-01]    []  
149000    [3.55e-04, 9.15e-04, 4.53e-08, 5.08e-01, 5.08e-01]    [2.64e-03, 9.25e-04, 1.08e-08, 5.08e-01, 5.08e-01]    []  
150000    [6.52e-04, 9.75e-04, 1.95e-09, 4.88e-01, 4.88e-01]    [2.52e-03, 9.86e-04, 2.73e-20, 4.88e-01, 4.88e-01]    []  
151000    [1.30e-03, 1.04e-03, 1.86e-08, 4.80e-01, 4.80e-01]    [2.66e-03, 1.04e-03, 2.69e-25, 4.80e-01, 4.80e-01]    []  
152000    [1.33e-03, 9.53e-04, 2.03e-10, 4.66e-01, 4.66e-01]    [1.52e-03, 9.54e-04, 4.11e-17, 4.66e-01, 4.66e-01]    []  
153000    [1.45e-03, 6.58e-04, 1.46e-12, 4.53e-01, 4.53e-01]    [1.97e-03, 6.63e-04, 7.35e-11, 4.53e-01, 4.53e-01]    []  
154000    [1.10e-03, 5.52e-05, 4.68e-10, 4.40e-01, 4.40e-01]    [1.15e-03, 5.56e-05, 1.86e-09, 4.40e-01, 4.40e-01]    []  
155000    [3.64e-04, 5.97e-05, 5.90e-10, 4.23e-01, 4.23e-01]    [2.84e-04, 6.09e-05, 5.53e-10, 4.23e-01, 4.23e-01]    []  
156000    [3.31e-04, 6.13e-05, 1.82e-13, 4.20e-01, 4.20e-01]    [4.00e-04, 5.95e-05, 2.88e-08, 4.20e-01, 4.20e-01]    []  
157000    [3.21e-04, 8.36e-05, 6.50e-11, 3.97e-01, 3.97e-01]    [3.84e-04, 9.05e-05, 2.10e-09, 3.97e-01, 3.97e-01]    []  
158000    [4.15e-04, 7.26e-05, 7.43e-13, 3.85e-01, 3.85e-01]    [5.06e-04, 7.33e-05, 5.89e-13, 3.85e-01, 3.85e-01]    []  
159000    [4.54e-04, 4.77e-05, 3.49e-09, 3.73e-01, 3.73e-01]    [5.81e-04, 5.48e-05, 7.64e-17, 3.73e-01, 3.73e-01]    []  
160000    [4.75e-04, 5.81e-06, 4.95e-10, 3.63e-01, 3.63e-01]    [3.91e-04, 7.31e-06, 2.03e-09, 3.63e-01, 3.63e-01]    []  

Best model at step 160000:
  train loss: 7.26e-01
  test loss: 7.26e-01
  test metric: []

Epoch 160000: saving model to /itf-fi-ml/home/adamjak/heart/MSc/deepxDE/models/heart_model_64x5_tanh_Glorot normal_mini_t_norm-160000.pt ...

'train' took 96547.758326 s

Saving loss history to /itf-fi-ml/home/adamjak/heart/MSc/deepxDE/loss.dat ...
Saving training data to /itf-fi-ml/home/adamjak/heart/MSc/deepxDE/train.dat ...
Saving test data to /itf-fi-ml/home/adamjak/heart/MSc/deepxDE/test.dat ...
Compiling model...
'compile' took 0.002563 s

Training model...

Step      Train loss                                            Test loss                                             Test metric
160000    [3.61e-04, 7.67e-06, 1.13e-15, 3.63e-01, 3.63e-01]    [3.91e-04, 7.31e-06, 2.14e-10, 3.63e-01, 3.63e-01]    []  
161000    [nan, nan, nan, nan, nan]                             [nan, nan, nan, nan, nan]                             []  

Best model at step 160000:
  train loss: 7.26e-01
  test loss: 7.26e-01
  test metric: []

Epoch 161000: saving model to /itf-fi-ml/home/adamjak/heart/MSc/deepxDE/models/heart_model_64x5_tanh_Glorot normal_mini_t_norm-161000.pt ...

'train' took 637.863464 s

Saving loss history to /itf-fi-ml/home/adamjak/heart/MSc/deepxDE/loss.dat ...
Saving training data to /itf-fi-ml/home/adamjak/heart/MSc/deepxDE/train.dat ...
Saving test data to /itf-fi-ml/home/adamjak/heart/MSc/deepxDE/test.dat ...
