Using backend: pytorch
Other supported backends: tensorflow.compat.v1, tensorflow, jax, paddle.
paddle supports more examples now and is recommended.
Set the default float type to float64
Device ID: 2, Free Memory: 30610.0 MB
self.triangles shape: (141944, 3)
Compiling model...
'compile' took 0.000148 s

Training model...

Step      Train loss                                            Test loss                                             Test metric
0         [0.00e+00, 0.00e+00, 0.00e+00, 3.63e+03, 3.63e+03]    [0.00e+00, 0.00e+00, 0.00e+00, 3.63e+03, 3.63e+03]    []  
1000      [0.00e+00, 0.00e+00, 0.00e+00, 2.09e+03, 2.09e+03]    [0.00e+00, 0.00e+00, 0.00e+00, 2.09e+03, 2.09e+03]    []  
2000      [0.00e+00, 0.00e+00, 0.00e+00, 2.09e+03, 2.09e+03]    [0.00e+00, 0.00e+00, 0.00e+00, 2.09e+03, 2.09e+03]    []  
3000      [0.00e+00, 0.00e+00, 0.00e+00, 2.09e+03, 2.09e+03]    [0.00e+00, 0.00e+00, 0.00e+00, 2.09e+03, 2.09e+03]    []  
4000      [0.00e+00, 0.00e+00, 0.00e+00, 3.54e+01, 3.54e+01]    [0.00e+00, 0.00e+00, 0.00e+00, 3.54e+01, 3.54e+01]    []  
5000      [0.00e+00, 0.00e+00, 0.00e+00, 1.05e+01, 1.05e+01]    [0.00e+00, 0.00e+00, 0.00e+00, 1.05e+01, 1.05e+01]    []  
6000      [0.00e+00, 0.00e+00, 0.00e+00, 7.38e+00, 7.38e+00]    [0.00e+00, 0.00e+00, 0.00e+00, 7.38e+00, 7.38e+00]    []  
7000      [0.00e+00, 0.00e+00, 0.00e+00, 6.02e+00, 6.02e+00]    [0.00e+00, 0.00e+00, 0.00e+00, 6.02e+00, 6.02e+00]    []  
8000      [0.00e+00, 0.00e+00, 0.00e+00, 3.55e+00, 3.55e+00]    [0.00e+00, 0.00e+00, 0.00e+00, 3.55e+00, 3.55e+00]    []  
9000      [0.00e+00, 0.00e+00, 0.00e+00, 2.32e+00, 2.32e+00]    [0.00e+00, 0.00e+00, 0.00e+00, 2.32e+00, 2.32e+00]    []  
10000     [0.00e+00, 0.00e+00, 0.00e+00, 1.70e+00, 1.70e+00]    [0.00e+00, 0.00e+00, 0.00e+00, 1.70e+00, 1.70e+00]    []  

Best model at step 10000:
  train loss: 3.39e+00
  test loss: 3.39e+00
  test metric: []

Epoch 10000: saving model to /itf-fi-ml/home/adamjak/heart/MSc/deepxDE/models/heart_model_128x6_tanh_Glorot normal_mini_tnorm_domain3k_rs10k-10000.pt ...

'train' took 2316.890595 s

Saving loss history to /itf-fi-ml/home/adamjak/heart/MSc/deepxDE/loss.dat ...
Saving training data to /itf-fi-ml/home/adamjak/heart/MSc/deepxDE/train.dat ...
Saving test data to /itf-fi-ml/home/adamjak/heart/MSc/deepxDE/test.dat ...
Compiling model...
'compile' took 0.000156 s

Training model...

Step      Train loss                                            Test loss                                             Test metric
10000     [3.21e+12, 1.07e+02, 4.51e-02, 1.70e+00, 1.70e+00]    [3.13e+12, 1.05e+02, 6.75e-08, 1.70e+00, 1.70e+00]    []  
11000     [1.49e+08, 2.81e-01, 3.39e-06, 8.20e+01, 8.20e+01]    [1.80e+09, 4.73e-01, 1.12e-04, 8.20e+01, 8.20e+01]    []  
12000     [6.07e+07, 3.50e-01, 3.45e-08, 5.51e+01, 5.51e+01]    [2.93e+09, 6.13e-01, 6.20e-05, 5.51e+01, 5.51e+01]    []  
13000     [3.06e+07, 1.00e+00, 5.99e-07, 3.99e+01, 3.99e+01]    [3.63e+09, 1.33e+00, 1.55e-05, 3.99e+01, 3.99e+01]    []  
14000     [1.44e+07, 1.67e+00, 1.30e-05, 3.20e+01, 3.20e+01]    [2.45e+09, 2.01e+00, 3.38e-05, 3.20e+01, 3.20e+01]    []  
15000     [8.71e+06, 2.60e+00, 9.89e-07, 3.05e+01, 3.05e+01]    [1.33e+09, 2.87e+00, 3.35e-06, 3.05e+01, 3.05e+01]    []  
16000     [4.39e+06, 3.70e+00, 7.24e-09, 3.33e+01, 3.33e+01]    [7.81e+06, 3.79e+00, 1.44e-06, 3.33e+01, 3.33e+01]    []  
17000     [9.58e+05, 2.65e+00, 3.55e-06, 3.31e+01, 3.31e+01]    [1.52e+06, 7.67e+00, 6.62e-07, 3.31e+01, 3.31e+01]    []  
18000     [4.03e+05, 2.24e+00, 2.11e-06, 3.10e+01, 3.10e+01]    [1.09e+06, 2.33e+00, 6.33e-07, 3.10e+01, 3.10e+01]    []  
19000     [2.72e+05, 4.91e+00, 6.34e-07, 2.98e+01, 2.98e+01]    [9.03e+05, 4.21e+00, 2.35e-07, 2.98e+01, 2.98e+01]    []  
20000     [2.20e+06, 6.67e+00, 4.43e-07, 1.41e+02, 1.41e+02]    [2.20e+06, 6.72e+00, 2.97e-09, 1.41e+02, 1.41e+02]    []  
21000     [9.90e+05, 1.77e+01, 3.63e-05, 1.08e+02, 1.08e+02]    [9.79e+05, 1.77e+01, 1.39e-11, 1.08e+02, 1.08e+02]    []  
22000     [8.87e+05, 1.34e+01, 9.82e-05, 9.74e+01, 9.74e+01]    [1.09e+06, 1.34e+01, 4.59e-08, 9.74e+01, 9.74e+01]    []  
23000     [7.20e+05, 1.36e+01, 8.62e-06, 9.29e+01, 9.29e+01]    [7.25e+05, 1.32e+01, 4.96e-07, 9.29e+01, 9.29e+01]    []  
24000     [5.94e+05, 1.14e+01, 2.07e-05, 8.86e+01, 8.86e+01]    [6.67e+05, 1.15e+01, 1.59e-07, 8.86e+01, 8.86e+01]    []  
25000     [4.15e+05, 8.65e+00, 3.45e-05, 8.43e+01, 8.43e+01]    [4.16e+05, 8.55e+00, 7.74e-08, 8.43e+01, 8.43e+01]    []  
26000     [3.48e+05, 7.11e+00, 5.15e-06, 7.38e+01, 7.38e+01]    [2.17e+06, 7.15e+00, 7.07e-08, 7.38e+01, 7.38e+01]    []  
27000     [2.91e+05, 5.87e+00, 1.06e-05, 6.85e+01, 6.85e+01]    [3.13e+06, 5.91e+00, 9.68e-05, 6.85e+01, 6.85e+01]    []  
28000     [2.30e+05, 4.54e+00, 1.96e-05, 6.40e+01, 6.40e+01]    [3.31e+06, 4.60e+00, 6.26e-08, 6.40e+01, 6.40e+01]    []  
29000     [1.73e+05, 7.17e+00, 1.32e-05, 6.16e+01, 6.16e+01]    [2.60e+06, 1.06e+01, 7.40e-08, 6.16e+01, 6.16e+01]    []  
30000     [1.10e+05, 6.56e+00, 1.12e-05, 5.89e+01, 5.89e+01]    [3.81e+06, 8.41e+00, 7.58e-08, 5.89e+01, 5.89e+01]    []  
31000     [6.11e+04, 5.75e+00, 3.07e-05, 5.52e+01, 5.52e+01]    [7.00e+06, 6.68e+00, 9.60e-08, 5.52e+01, 5.52e+01]    []  
32000     [4.72e+04, 1.87e+01, 4.19e-05, 5.12e+01, 5.12e+01]    [7.54e+06, 2.70e+01, 2.20e-06, 5.12e+01, 5.12e+01]    []  
33000     [3.70e+04, 3.04e+01, 5.43e-05, 4.80e+01, 4.80e+01]    [1.14e+07, 4.19e+01, 2.89e-04, 4.80e+01, 4.80e+01]    []  
34000     [2.72e+04, 3.55e+01, 4.43e-07, 4.48e+01, 4.48e+01]    [1.53e+07, 5.03e+01, 1.33e-07, 4.48e+01, 4.48e+01]    []  
35000     [1.31e+04, 4.24e+01, 5.98e-06, 4.33e+01, 4.33e+01]    [7.12e+06, 6.47e+01, 6.20e-09, 4.33e+01, 4.33e+01]    []  
36000     [8.21e+03, 4.72e+01, 5.43e-08, 4.16e+01, 4.16e+01]    [6.07e+06, 7.16e+01, 9.22e-07, 4.16e+01, 4.16e+01]    []  
37000     [4.92e+03, 6.77e+01, 6.51e-07, 3.93e+01, 3.93e+01]    [3.88e+06, 8.98e+01, 2.41e-05, 3.93e+01, 3.93e+01]    []  
38000     [2.00e+03, 4.07e+01, 1.31e-05, 3.30e+01, 3.30e+01]    [2.15e+06, 3.43e+01, 3.20e-06, 3.30e+01, 3.30e+01]    []  
39000     [9.95e+02, 3.20e+01, 6.94e-07, 2.58e+01, 2.58e+01]    [1.23e+06, 3.24e+01, 5.26e-06, 2.58e+01, 2.58e+01]    []  
40000     [3.02e+05, 1.36e+02, 6.46e-10, 4.33e+02, 4.33e+02]    [3.13e+05, 1.86e+02, 2.55e-11, 4.33e+02, 4.33e+02]    []  
41000     [2.98e+05, 1.10e+02, 2.24e-07, 3.54e+02, 3.54e+02]    [3.02e+05, 1.20e+02, 1.69e-04, 3.54e+02, 3.54e+02]    []  
42000     [1.53e+05, 1.15e+02, 4.54e-08, 2.15e+02, 2.15e+02]    [1.54e+05, 1.28e+02, 8.15e-08, 2.15e+02, 2.15e+02]    []  
43000     [7.95e+04, 1.18e+02, 2.13e-10, 1.56e+02, 1.56e+02]    [7.96e+04, 1.32e+02, 8.27e-08, 1.56e+02, 1.56e+02]    []  
44000     [1.99e+04, 7.76e+01, 1.54e-09, 1.25e+02, 1.25e+02]    [2.01e+04, 6.33e+01, 6.01e-07, 1.25e+02, 1.25e+02]    []  
45000     [1.51e+03, 3.45e+01, 1.68e-07, 1.12e+02, 1.12e+02]    [1.83e+03, 1.83e+01, 9.91e-06, 1.12e+02, 1.12e+02]    []  
46000     [6.91e+02, 2.25e+01, 9.41e-08, 9.86e+01, 9.86e+01]    [9.12e+02, 1.04e+01, 8.26e-07, 9.86e+01, 9.86e+01]    []  
47000     [4.03e+02, 1.63e+01, 3.45e-08, 8.82e+01, 8.82e+01]    [5.84e+02, 6.63e+00, 6.24e-11, 8.82e+01, 8.82e+01]    []  
48000     [2.51e+02, 1.17e+01, 1.26e-08, 7.98e+01, 7.98e+01]    [4.08e+02, 4.14e+00, 3.04e-09, 7.98e+01, 7.98e+01]    []  
49000     [1.64e+02, 8.26e+00, 5.95e-09, 7.30e+01, 7.30e+01]    [3.01e+02, 2.95e+00, 5.75e-10, 7.30e+01, 7.30e+01]    []  
50000     [1.10e+02, 6.07e+00, 2.81e-09, 6.74e+01, 6.74e+01]    [2.15e+02, 2.16e+00, 1.49e-08, 6.74e+01, 6.74e+01]    []  
51000     [9.08e+01, 4.60e+00, 9.02e-08, 6.22e+01, 6.22e+01]    [1.14e+02, 1.69e+00, 9.91e-09, 6.22e+01, 6.22e+01]    []  
52000     [5.48e+01, 3.78e+00, 1.34e-05, 5.50e+01, 5.50e+01]    [8.25e+01, 1.62e+00, 3.12e-11, 5.50e+01, 5.50e+01]    []  
53000     [3.92e+01, 2.61e+00, 3.43e-05, 3.80e+01, 3.80e+01]    [6.02e+01, 1.13e+00, 5.59e-08, 3.80e+01, 3.80e+01]    []  
54000     [2.71e+01, 2.27e+00, 3.63e-05, 3.05e+01, 3.05e+01]    [4.46e+01, 9.66e-01, 5.68e-08, 3.05e+01, 3.05e+01]    []  
55000     [1.86e+01, 2.10e+00, 3.17e-05, 2.66e+01, 2.66e+01]    [3.38e+01, 8.85e-01, 3.23e-07, 2.66e+01, 2.66e+01]    []  
56000     [1.36e+01, 2.04e+00, 2.59e-05, 2.35e+01, 2.35e+01]    [2.83e+01, 8.70e-01, 1.20e-07, 2.35e+01, 2.35e+01]    []  
57000     [9.84e+00, 2.08e+00, 2.33e-05, 2.07e+01, 2.07e+01]    [2.26e+01, 8.74e-01, 1.72e-07, 2.07e+01, 2.07e+01]    []  
58000     [7.33e+00, 2.04e+00, 2.35e-05, 1.76e+01, 1.76e+01]    [1.86e+01, 8.40e-01, 1.78e-07, 1.76e+01, 1.76e+01]    []  
59000     [5.60e+00, 1.99e+00, 8.56e-06, 1.50e+01, 1.50e+01]    [1.85e+01, 8.01e-01, 3.44e-07, 1.50e+01, 1.50e+01]    []  
60000     [3.87e+00, 1.95e+00, 1.20e-05, 1.20e+01, 1.20e+01]    [1.82e+01, 1.07e+00, 7.66e-08, 1.20e+01, 1.20e+01]    []  
61000     [1.58e+00, 9.34e-02, 3.17e-07, 1.01e+01, 1.01e+01]    [1.66e+01, 2.50e-01, 1.07e-07, 1.01e+01, 1.01e+01]    []  
62000     [8.19e-01, 8.96e-02, 1.10e-06, 7.81e+00, 7.81e+00]    [1.08e+01, 1.92e-01, 1.53e-07, 7.81e+00, 7.81e+00]    []  
63000     [4.52e-01, 8.80e-02, 3.95e-08, 6.33e+00, 6.33e+00]    [6.42e+00, 1.47e-01, 7.90e-08, 6.33e+00, 6.33e+00]    []  
64000     [2.73e-01, 8.73e-02, 1.40e-08, 5.38e+00, 5.38e+00]    [5.23e+00, 1.25e-01, 2.67e-08, 5.38e+00, 5.38e+00]    []  
65000     [1.74e-01, 8.72e-02, 1.77e-08, 4.62e+00, 4.62e+00]    [2.97e+00, 1.13e-01, 1.57e-07, 4.62e+00, 4.62e+00]    []  
66000     [1.25e-01, 8.66e-02, 7.87e-09, 3.92e+00, 3.92e+00]    [3.28e+00, 1.12e-01, 2.00e-09, 3.92e+00, 3.92e+00]    []  
67000     [8.73e-02, 8.65e-02, 1.65e-10, 3.36e+00, 3.36e+00]    [4.20e+00, 1.17e-01, 1.52e-08, 3.36e+00, 3.36e+00]    []  
68000     [6.12e-02, 8.70e-02, 2.39e-09, 2.91e+00, 2.91e+00]    [4.39e+00, 1.23e-01, 1.07e-08, 2.91e+00, 2.91e+00]    []  
69000     [5.82e-02, 8.81e-02, 2.14e-09, 2.53e+00, 2.53e+00]    [9.64e-01, 9.24e-02, 4.69e-09, 2.53e+00, 2.53e+00]    []  
70000     [3.11e-02, 8.70e-02, 5.81e-10, 2.30e+00, 2.30e+00]    [1.00e+00, 9.12e-02, 4.96e-09, 2.30e+00, 2.30e+00]    []  
71000     [5.41e-02, 8.58e-02, 2.51e-09, 2.13e+00, 2.13e+00]    [1.15e-01, 8.59e-02, 1.00e-09, 2.13e+00, 2.13e+00]    []  
72000     [2.57e-02, 8.56e-02, 1.70e-09, 1.93e+00, 1.93e+00]    [1.27e-01, 8.58e-02, 2.04e-09, 1.93e+00, 1.93e+00]    []  
73000     [1.71e-02, 8.55e-02, 3.76e-07, 1.74e+00, 1.74e+00]    [1.33e-01, 8.57e-02, 3.70e-10, 1.74e+00, 1.74e+00]    []  
74000     [1.25e-02, 8.54e-02, 8.57e-08, 1.54e+00, 1.54e+00]    [1.42e-01, 8.58e-02, 1.72e-09, 1.54e+00, 1.54e+00]    []  
75000     [2.00e-02, 8.47e-02, 7.50e-09, 1.35e+00, 1.35e+00]    [3.70e+00, 1.27e-01, 2.07e-09, 1.35e+00, 1.35e+00]    []  
76000     [9.20e-03, 8.52e-02, 6.38e-09, 1.16e+00, 1.16e+00]    [2.37e+00, 1.09e-01, 7.37e-09, 1.16e+00, 1.16e+00]    []  
77000     [7.13e-03, 8.41e-02, 2.00e-09, 1.00e+00, 1.00e+00]    [3.35e+00, 1.20e-01, 8.58e-09, 1.00e+00, 1.00e+00]    []  
78000     [5.88e-03, 8.52e-02, 2.40e-09, 8.78e-01, 8.78e-01]    [1.61e-01, 8.64e-02, 7.11e-09, 8.78e-01, 8.78e-01]    []  
79000     [3.80e-03, 8.49e-02, 7.40e-14, 7.81e-01, 7.81e-01]    [1.27e-01, 8.57e-02, 2.19e-10, 7.81e-01, 7.81e-01]    []  
80000     [2.84e-03, 8.49e-02, 2.13e-11, 7.06e-01, 7.06e-01]    [1.18e-01, 8.56e-02, 2.51e-10, 7.06e-01, 7.06e-01]    []  
81000     [5.49e-03, 8.43e-02, 7.43e-11, 6.48e-01, 6.48e-01]    [1.78e-02, 8.43e-02, 5.84e-13, 6.48e-01, 6.48e-01]    []  
82000     [1.04e-02, 8.94e-02, 8.63e-11, 8.09e-01, 8.09e-01]    [1.95e-02, 8.94e-02, 1.98e-10, 8.09e-01, 8.09e-01]    []  
83000     [2.50e-03, 8.45e-02, 2.93e-11, 5.61e-01, 5.61e-01]    [1.12e-02, 8.45e-02, 3.15e-10, 5.61e-01, 5.61e-01]    []  
84000     [2.84e-03, 8.39e-02, 5.88e-11, 5.29e-01, 5.29e-01]    [1.21e-02, 8.39e-02, 2.61e-10, 5.29e-01, 5.29e-01]    []  
85000     [1.90e-03, 8.44e-02, 3.83e-11, 5.01e-01, 5.01e-01]    [1.08e-02, 8.44e-02, 3.27e-10, 5.01e-01, 5.01e-01]    []  
86000     [2.08e-03, 8.39e-02, 2.42e-11, 4.77e-01, 4.77e-01]    [9.04e-03, 8.39e-02, 3.69e-10, 4.77e-01, 4.77e-01]    []  
87000     [6.96e-03, 8.18e-02, 4.90e-12, 4.58e-01, 4.58e-01]    [1.55e-02, 8.17e-02, 1.43e-10, 4.58e-01, 4.58e-01]    []  
88000     [1.47e-02, 8.00e-02, 1.55e-11, 4.73e-01, 4.73e-01]    [2.29e-02, 7.99e-02, 9.72e-13, 4.73e-01, 4.73e-01]    []  
89000     [1.78e-03, 8.36e-02, 6.36e-12, 4.19e-01, 4.19e-01]    [8.80e-03, 8.36e-02, 1.68e-12, 4.19e-01, 4.19e-01]    []  
90000     [9.11e-04, 8.44e-02, 1.02e-12, 4.04e-01, 4.04e-01]    [7.12e-03, 8.44e-02, 1.05e-11, 4.04e-01, 4.04e-01]    []  
91000     [1.72e-03, 8.38e-02, 2.09e-12, 3.93e-01, 3.93e-01]    [5.75e-03, 8.37e-02, 1.47e-12, 3.93e-01, 3.93e-01]    []  
92000     [1.11e-03, 8.41e-02, 4.40e-11, 3.93e-01, 3.93e-01]    [4.89e-03, 8.40e-02, 1.90e-13, 3.93e-01, 3.93e-01]    []  
93000     [1.33e-03, 8.35e-02, 2.50e-12, 3.63e-01, 3.63e-01]    [4.87e-03, 8.34e-02, 6.86e-12, 3.63e-01, 3.63e-01]    []  
94000     [1.49e-03, 8.31e-02, 1.67e-13, 3.51e-01, 3.51e-01]    [4.48e-03, 8.31e-02, 8.93e-14, 3.51e-01, 3.51e-01]    []  
95000     [1.09e-02, 8.87e-02, 1.20e-13, 3.49e-01, 3.49e-01]    [1.31e-02, 8.87e-02, 3.27e-12, 3.49e-01, 3.49e-01]    []  
96000     [6.30e-03, 8.08e-02, 1.16e-11, 3.59e-01, 3.59e-01]    [8.67e-03, 8.08e-02, 8.42e-12, 3.59e-01, 3.59e-01]    []  
97000     [9.21e-04, 8.30e-02, 8.21e-14, 3.21e-01, 3.21e-01]    [2.93e-03, 8.30e-02, 9.78e-14, 3.21e-01, 3.21e-01]    []  
98000     [2.67e-03, 8.19e-02, 7.54e-14, 3.16e-01, 3.16e-01]    [4.46e-03, 8.19e-02, 1.27e-12, 3.16e-01, 3.16e-01]    []  
99000     [3.72e-04, 8.35e-02, 5.92e-14, 3.04e-01, 3.04e-01]    [1.95e-03, 8.35e-02, 4.41e-13, 3.04e-01, 3.04e-01]    []  
100000    [2.06e-03, 8.19e-02, 1.22e-13, 2.97e-01, 2.97e-01]    [3.64e-03, 8.19e-02, 3.14e-13, 2.97e-01, 2.97e-01]    []  
101000    [1.58e-03, 8.22e-02, 3.73e-13, 2.89e-01, 2.89e-01]    [2.68e-03, 8.21e-02, 7.86e-18, 2.89e-01, 2.89e-01]    []  
102000    [2.08e-03, 8.17e-02, 4.84e-13, 2.84e-01, 2.84e-01]    [3.16e-03, 8.17e-02, 2.12e-16, 2.84e-01, 2.84e-01]    []  
103000    [9.11e-04, 8.23e-02, 1.58e-13, 2.75e-01, 2.75e-01]    [2.14e-03, 8.23e-02, 1.72e-12, 2.75e-01, 2.75e-01]    []  
104000    [6.29e-04, 8.24e-02, 5.63e-13, 2.69e-01, 2.69e-01]    [1.90e-03, 8.24e-02, 1.47e-10, 2.69e-01, 2.69e-01]    []  
105000    [7.25e-04, 8.22e-02, 1.12e-07, 2.63e-01, 2.63e-01]    [1.95e-03, 8.21e-02, 1.57e-11, 2.63e-01, 2.63e-01]    []  
106000    [7.36e-04, 8.20e-02, 1.22e-07, 2.57e-01, 2.57e-01]    [1.72e-03, 8.20e-02, 1.76e-11, 2.57e-01, 2.57e-01]    []  
107000    [3.18e-04, 8.31e-02, 4.77e-08, 2.53e-01, 2.53e-01]    [1.34e-03, 8.30e-02, 1.73e-11, 2.53e-01, 2.53e-01]    []  
108000    [1.91e-02, 7.69e-02, 5.88e-10, 5.41e-01, 5.41e-01]    [2.01e-02, 7.69e-02, 8.40e-11, 5.41e-01, 5.41e-01]    []  
109000    [7.23e-04, 8.16e-02, 3.04e-12, 2.41e-01, 2.41e-01]    [1.65e-03, 8.16e-02, 4.50e-10, 2.41e-01, 2.41e-01]    []  
110000    [3.32e-04, 8.21e-02, 6.70e-12, 2.37e-01, 2.37e-01]    [1.37e-03, 8.21e-02, 2.08e-10, 2.37e-01, 2.37e-01]    []  
111000    [1.23e-03, 8.33e-02, 1.38e-12, 2.34e-01, 2.34e-01]    [1.49e-03, 8.33e-02, 1.11e-14, 2.34e-01, 2.34e-01]    []  
112000    [1.01e-03, 8.12e-02, 1.09e-13, 2.27e-01, 2.27e-01]    [1.36e-03, 8.12e-02, 1.16e-12, 2.27e-01, 2.27e-01]    []  
113000    [5.36e-02, 9.23e-02, 1.99e-16, 2.53e-01, 2.53e-01]    [5.35e-02, 9.22e-02, 2.36e-11, 2.53e-01, 2.53e-01]    []  
114000    [4.55e-04, 8.21e-02, 4.04e-13, 2.18e-01, 2.18e-01]    [8.24e-04, 8.21e-02, 4.51e-11, 2.18e-01, 2.18e-01]    []  
115000    [8.22e-04, 8.09e-02, 1.62e-12, 2.14e-01, 2.14e-01]    [1.26e-03, 8.09e-02, 8.24e-14, 2.14e-01, 2.14e-01]    []  
116000    [8.73e-04, 8.07e-02, 1.33e-12, 2.10e-01, 2.10e-01]    [1.29e-03, 8.07e-02, 4.83e-15, 2.10e-01, 2.10e-01]    []  
117000    [5.95e-04, 8.09e-02, 1.00e-12, 2.06e-01, 2.06e-01]    [9.86e-04, 8.09e-02, 1.27e-14, 2.06e-01, 2.06e-01]    []  
118000    [6.52e-04, 8.06e-02, 1.55e-12, 2.06e-01, 2.06e-01]    [1.16e-03, 8.06e-02, 5.36e-13, 2.06e-01, 2.06e-01]    []  
119000    [6.23e-04, 8.05e-02, 3.73e-12, 1.98e-01, 1.98e-01]    [1.12e-03, 8.05e-02, 2.11e-12, 1.98e-01, 1.98e-01]    []  
120000    [6.27e-04, 8.04e-02, 2.79e-12, 1.94e-01, 1.94e-01]    [1.09e-03, 8.04e-02, 1.60e-10, 1.94e-01, 1.94e-01]    []  
121000    [6.73e-04, 8.02e-02, 5.65e-14, 1.91e-01, 1.91e-01]    [1.19e-03, 8.02e-02, 1.63e-14, 1.91e-01, 1.91e-01]    []  
122000    [7.70e-04, 7.99e-02, 1.81e-14, 1.88e-01, 1.88e-01]    [1.29e-03, 7.99e-02, 1.39e-13, 1.88e-01, 1.88e-01]    []  
123000    [1.40e-03, 7.93e-02, 3.90e-14, 1.84e-01, 1.84e-01]    [1.95e-03, 7.93e-02, 8.14e-13, 1.84e-01, 1.84e-01]    []  
124000    [6.75e-04, 7.97e-02, 1.96e-13, 1.80e-01, 1.80e-01]    [1.23e-03, 7.97e-02, 3.28e-12, 1.80e-01, 1.80e-01]    []  
125000    [6.04e-04, 7.96e-02, 2.88e-13, 1.77e-01, 1.77e-01]    [1.17e-03, 7.96e-02, 7.86e-12, 1.77e-01, 1.77e-01]    []  
126000    [5.50e-04, 7.96e-02, 2.14e-13, 1.76e-01, 1.76e-01]    [1.12e-03, 7.96e-02, 8.02e-12, 1.76e-01, 1.76e-01]    []  
127000    [9.26e-04, 7.91e-02, 3.08e-13, 1.70e-01, 1.70e-01]    [1.53e-03, 7.91e-02, 3.20e-12, 1.70e-01, 1.70e-01]    []  
128000    [6.37e-04, 7.93e-02, 2.31e-13, 1.67e-01, 1.67e-01]    [1.19e-03, 7.93e-02, 1.88e-12, 1.67e-01, 1.67e-01]    []  
129000    [1.59e-03, 7.84e-02, 3.81e-13, 1.64e-01, 1.64e-01]    [2.24e-03, 7.84e-02, 1.99e-12, 1.64e-01, 1.64e-01]    []  
130000    [1.24e-03, 7.85e-02, 6.41e-13, 1.79e-01, 1.79e-01]    [2.01e-03, 7.85e-02, 2.73e-12, 1.79e-01, 1.79e-01]    []  
131000    [1.17e-03, 7.85e-02, 2.11e-13, 1.59e-01, 1.59e-01]    [1.60e-03, 7.85e-02, 7.27e-12, 1.59e-01, 1.59e-01]    []  
132000    [8.93e-04, 7.85e-02, 1.35e-12, 1.55e-01, 1.55e-01]    [1.29e-03, 7.86e-02, 7.61e-12, 1.55e-01, 1.55e-01]    []  
133000    [1.37e-03, 7.81e-02, 1.33e-12, 1.56e-01, 1.56e-01]    [1.96e-03, 7.81e-02, 7.08e-12, 1.56e-01, 1.56e-01]    []  
134000    [5.57e-04, 7.85e-02, 4.05e-12, 1.54e-01, 1.54e-01]    [1.17e-03, 7.86e-02, 7.31e-12, 1.54e-01, 1.54e-01]    []  
135000    [6.40e-04, 7.83e-02, 3.96e-12, 1.47e-01, 1.47e-01]    [1.36e-03, 7.83e-02, 7.47e-12, 1.47e-01, 1.47e-01]    []  
136000    [2.66e-03, 7.70e-02, 1.10e-11, 1.47e-01, 1.47e-01]    [3.31e-03, 7.70e-02, 7.68e-12, 1.47e-01, 1.47e-01]    []  
137000    [4.84e-04, 7.82e-02, 4.24e-12, 1.42e-01, 1.42e-01]    [1.29e-03, 7.82e-02, 6.06e-12, 1.42e-01, 1.42e-01]    []  
138000    [6.66e-04, 7.79e-02, 5.84e-12, 1.40e-01, 1.40e-01]    [1.51e-03, 7.79e-02, 6.57e-12, 1.40e-01, 1.40e-01]    []  
139000    [5.56e-04, 7.78e-02, 6.75e-12, 1.37e-01, 1.37e-01]    [1.40e-03, 7.78e-02, 6.73e-12, 1.37e-01, 1.37e-01]    []  
140000    [1.34e-03, 8.00e-02, 4.01e-12, 1.54e-01, 1.54e-01]    [2.12e-03, 8.00e-02, 4.84e-12, 1.54e-01, 1.54e-01]    []  
141000    [5.08e-04, 7.78e-02, 1.32e-12, 1.33e-01, 1.33e-01]    [1.06e-03, 7.78e-02, 1.52e-12, 1.33e-01, 1.33e-01]    []  
142000    [2.44e-04, 7.83e-02, 3.62e-12, 1.33e-01, 1.33e-01]    [6.45e-04, 7.83e-02, 2.87e-12, 1.33e-01, 1.33e-01]    []  
143000    [7.26e-03, 8.17e-02, 3.41e-11, 1.34e-01, 1.34e-01]    [7.29e-03, 8.16e-02, 9.76e-14, 1.34e-01, 1.34e-01]    []  
144000    [8.05e-04, 7.70e-02, 2.41e-10, 1.27e-01, 1.27e-01]    [1.12e-03, 7.70e-02, 1.37e-14, 1.27e-01, 1.27e-01]    []  
145000    [5.10e-04, 7.71e-02, 1.68e-10, 1.25e-01, 1.25e-01]    [8.85e-04, 7.71e-02, 7.46e-15, 1.25e-01, 1.25e-01]    []  
146000    [4.11e-04, 7.71e-02, 1.10e-12, 1.24e-01, 1.24e-01]    [8.50e-04, 7.71e-02, 1.13e-13, 1.24e-01, 1.24e-01]    []  
147000    [1.26e-03, 7.63e-02, 6.55e-11, 1.21e-01, 1.21e-01]    [1.77e-03, 7.62e-02, 6.51e-13, 1.21e-01, 1.21e-01]    []  
148000    [9.02e-04, 7.64e-02, 1.56e-10, 1.19e-01, 1.19e-01]    [1.41e-03, 7.63e-02, 6.10e-12, 1.19e-01, 1.19e-01]    []  
149000    [3.22e-03, 7.51e-02, 5.53e-13, 1.27e-01, 1.27e-01]    [3.89e-03, 7.50e-02, 1.73e-11, 1.27e-01, 1.27e-01]    []  
150000    [8.30e-03, 7.35e-02, 1.07e-12, 1.47e-01, 1.47e-01]    [9.19e-03, 7.35e-02, 1.47e-11, 1.47e-01, 1.47e-01]    []  
151000    [2.54e-03, 7.51e-02, 6.62e-16, 1.14e-01, 1.14e-01]    [3.35e-03, 7.51e-02, 8.58e-12, 1.14e-01, 1.14e-01]    []  
152000    [2.58e-03, 7.49e-02, 2.74e-14, 1.17e-01, 1.17e-01]    [3.51e-03, 7.49e-02, 7.77e-13, 1.17e-01, 1.17e-01]    []  
153000    [7.88e-04, 7.57e-02, 4.24e-14, 1.10e-01, 1.10e-01]    [1.63e-03, 7.58e-02, 3.42e-13, 1.10e-01, 1.10e-01]    []  
154000    [4.73e-04, 7.59e-02, 6.25e-16, 1.09e-01, 1.09e-01]    [1.35e-03, 7.59e-02, 1.90e-12, 1.09e-01, 1.09e-01]    []  
155000    [2.40e-04, 7.60e-02, 5.84e-16, 1.07e-01, 1.07e-01]    [1.21e-03, 7.61e-02, 2.54e-08, 1.07e-01, 1.07e-01]    []  
156000    [4.13e-04, 7.71e-02, 7.79e-16, 1.07e-01, 1.07e-01]    [1.11e-03, 7.71e-02, 4.14e-08, 1.07e-01, 1.07e-01]    []  
157000    [5.71e-03, 7.93e-02, 2.66e-16, 1.32e-01, 1.32e-01]    [6.47e-03, 7.93e-02, 7.86e-12, 1.32e-01, 1.32e-01]    []  
158000    [3.29e-04, 7.55e-02, 2.32e-16, 1.03e-01, 1.03e-01]    [1.01e-03, 7.55e-02, 2.94e-14, 1.03e-01, 1.03e-01]    []  
159000    [2.86e-03, 7.38e-02, 5.89e-16, 1.05e-01, 1.05e-01]    [3.46e-03, 7.38e-02, 1.88e-14, 1.05e-01, 1.05e-01]    []  
160000    [9.06e-04, 7.46e-02, 2.79e-16, 1.00e-01, 1.00e-01]    [1.59e-03, 7.47e-02, 1.88e-14, 1.00e-01, 1.00e-01]    []  
161000    [4.62e-03, 7.30e-02, 3.98e-16, 9.91e-02, 9.91e-02]    [4.68e-03, 7.30e-02, 3.46e-13, 9.91e-02, 9.91e-02]    []  
162000    [4.73e-04, 7.47e-02, 6.56e-15, 9.72e-02, 9.72e-02]    [6.11e-04, 7.47e-02, 7.55e-12, 9.72e-02, 9.72e-02]    []  
163000    [5.28e-03, 7.83e-02, 7.70e-15, 1.26e-01, 1.26e-01]    [5.27e-03, 7.83e-02, 8.10e-12, 1.26e-01, 1.26e-01]    []  
164000    [5.01e-03, 7.81e-02, 3.17e-15, 2.25e-01, 2.25e-01]    [5.22e-03, 7.81e-02, 1.78e-16, 2.25e-01, 2.25e-01]    []  
165000    [6.65e-04, 7.41e-02, 6.10e-16, 9.34e-02, 9.34e-02]    [7.99e-04, 7.41e-02, 1.48e-15, 9.34e-02, 9.34e-02]    []  
166000    [2.49e-04, 7.55e-02, 6.84e-16, 9.35e-02, 9.35e-02]    [4.19e-04, 7.55e-02, 1.24e-15, 9.35e-02, 9.35e-02]    []  
167000    [4.02e-04, 7.40e-02, 7.07e-16, 9.12e-02, 9.12e-02]    [5.79e-04, 7.40e-02, 2.03e-15, 9.12e-02, 9.12e-02]    []  
168000    [4.83e-03, 7.19e-02, 7.02e-16, 9.32e-02, 9.32e-02]    [5.05e-03, 7.19e-02, 2.56e-15, 9.32e-02, 9.32e-02]    []  
169000    [1.26e-04, 7.48e-02, 4.35e-16, 8.96e-02, 8.96e-02]    [2.74e-04, 7.48e-02, 1.03e-14, 8.96e-02, 8.96e-02]    []  
170000    [1.50e-03, 7.59e-02, 5.95e-16, 8.98e-02, 8.98e-02]    [1.62e-03, 7.59e-02, 7.48e-14, 8.98e-02, 8.98e-02]    []  
171000    [5.46e-04, 7.34e-02, 1.10e-15, 8.65e-02, 8.65e-02]    [6.09e-04, 7.34e-02, 1.70e-12, 8.65e-02, 8.65e-02]    []  
172000    [4.75e-04, 7.33e-02, 4.66e-14, 9.39e-02, 9.39e-02]    [5.99e-04, 7.33e-02, 1.48e-12, 9.39e-02, 9.39e-02]    []  
173000    [5.07e-04, 7.31e-02, 6.06e-10, 8.44e-02, 8.44e-02]    [5.98e-04, 7.31e-02, 9.97e-13, 8.44e-02, 8.44e-02]    []  
174000    [3.42e-04, 7.31e-02, 6.49e-10, 8.36e-02, 8.36e-02]    [4.37e-04, 7.31e-02, 9.08e-13, 8.36e-02, 8.36e-02]    []  
175000    [1.51e-04, 7.39e-02, 1.20e-09, 1.33e-01, 1.33e-01]    [2.37e-04, 7.39e-02, 1.32e-13, 1.33e-01, 1.33e-01]    []  
176000    [5.05e-04, 7.26e-02, 1.46e-09, 8.14e-02, 8.14e-02]    [5.96e-04, 7.26e-02, 1.27e-12, 8.14e-02, 8.14e-02]    []  
177000    [3.94e-04, 7.26e-02, 1.55e-09, 8.04e-02, 8.04e-02]    [4.73e-04, 7.26e-02, 1.13e-12, 8.04e-02, 8.04e-02]    []  
178000    [7.61e-04, 7.21e-02, 1.41e-09, 8.01e-02, 8.01e-02]    [8.43e-04, 7.21e-02, 9.11e-13, 8.01e-02, 8.01e-02]    []  
179000    [4.59e-04, 7.22e-02, 1.64e-09, 7.86e-02, 7.86e-02]    [5.46e-04, 7.22e-02, 8.85e-13, 7.86e-02, 7.86e-02]    []  
180000    [1.38e-03, 7.14e-02, 1.48e-09, 7.83e-02, 7.83e-02]    [1.50e-03, 7.14e-02, 1.43e-12, 7.83e-02, 7.83e-02]    []  
181000    [6.02e-02, 6.34e-02, 2.73e-09, 3.06e-01, 3.06e-01]    [5.96e-02, 6.34e-02, 3.92e-12, 3.06e-01, 3.06e-01]    []  
182000    [1.42e-02, 6.80e-02, 2.61e-09, 8.18e-02, 8.18e-02]    [1.42e-02, 6.80e-02, 3.69e-12, 8.18e-02, 8.18e-02]    []  
183000    [1.66e-02, 6.75e-02, 3.06e-11, 7.75e-02, 7.75e-02]    [1.66e-02, 6.75e-02, 2.07e-12, 7.75e-02, 7.75e-02]    []  
184000    [1.91e-04, 7.19e-02, 4.17e-09, 7.42e-02, 7.42e-02]    [2.74e-04, 7.19e-02, 2.88e-12, 7.42e-02, 7.42e-02]    []  
185000    [2.27e-04, 7.17e-02, 4.28e-09, 7.33e-02, 7.33e-02]    [3.39e-04, 7.17e-02, 1.58e-12, 7.33e-02, 7.33e-02]    []  
186000    [2.76e-04, 7.14e-02, 1.60e-14, 7.29e-02, 7.29e-02]    [3.94e-04, 7.14e-02, 1.16e-12, 7.29e-02, 7.29e-02]    []  
187000    [5.85e-03, 6.89e-02, 4.59e-09, 8.66e-02, 8.66e-02]    [5.91e-03, 6.89e-02, 3.91e-11, 8.66e-02, 8.66e-02]    []  
188000    [1.07e-02, 7.57e-02, 3.75e-09, 1.87e-01, 1.87e-01]    [1.07e-02, 7.57e-02, 1.03e-10, 1.87e-01, 1.87e-01]    []  
189000    [4.30e-04, 7.22e-02, 5.55e-09, 7.07e-02, 7.07e-02]    [5.27e-04, 7.22e-02, 8.30e-13, 7.07e-02, 7.07e-02]    []  
190000    [4.13e-04, 7.06e-02, 5.34e-09, 6.92e-02, 6.92e-02]    [4.97e-04, 7.06e-02, 2.93e-12, 6.92e-02, 6.92e-02]    []  
191000    [1.06e-04, 7.10e-02, 1.15e-13, 6.85e-02, 6.85e-02]    [2.20e-04, 7.10e-02, 1.46e-10, 6.85e-02, 6.85e-02]    []  
192000    [4.27e-04, 7.03e-02, 5.07e-15, 6.77e-02, 6.77e-02]    [5.69e-04, 7.03e-02, 3.33e-12, 6.77e-02, 6.77e-02]    []  
193000    [3.08e-04, 7.03e-02, 1.26e-13, 6.69e-02, 6.69e-02]    [4.58e-04, 7.03e-02, 3.77e-12, 6.69e-02, 6.69e-02]    []  
194000    [6.33e-04, 6.98e-02, 1.26e-13, 6.69e-02, 6.69e-02]    [7.94e-04, 6.98e-02, 2.95e-12, 6.69e-02, 6.69e-02]    []  
195000    [4.60e-03, 6.80e-02, 1.06e-14, 1.14e-01, 1.14e-01]    [4.76e-03, 6.80e-02, 2.68e-12, 1.14e-01, 1.14e-01]    []  
196000    [1.40e-03, 6.90e-02, 6.63e-15, 1.81e-01, 1.81e-01]    [1.61e-03, 6.90e-02, 2.16e-12, 1.81e-01, 1.81e-01]    []  
197000    [1.39e-04, 6.99e-02, 6.60e-15, 6.40e-02, 6.40e-02]    [4.03e-04, 6.99e-02, 2.73e-12, 6.40e-02, 6.40e-02]    []  
198000    [2.02e-04, 7.06e-02, 9.85e-14, 6.45e-02, 6.45e-02]    [4.73e-04, 7.06e-02, 2.55e-12, 6.45e-02, 6.45e-02]    []  
199000    [4.93e-04, 6.91e-02, 7.60e-15, 6.27e-02, 6.27e-02]    [8.01e-04, 6.91e-02, 2.62e-12, 6.27e-02, 6.27e-02]    []  
200000    [6.18e-04, 6.89e-02, 1.66e-14, 6.20e-02, 6.20e-02]    [9.35e-04, 6.89e-02, 2.36e-12, 6.20e-02, 6.20e-02]    []  
201000    [1.04e-03, 6.85e-02, 2.11e-13, 6.16e-02, 6.16e-02]    [1.48e-03, 6.84e-02, 1.94e-12, 6.16e-02, 6.16e-02]    []  
202000    [3.02e-04, 6.89e-02, 2.65e-13, 6.09e-02, 6.09e-02]    [9.81e-04, 6.89e-02, 9.89e-16, 6.09e-02, 6.09e-02]    []  
203000    [4.24e-04, 6.86e-02, 2.67e-13, 6.01e-02, 6.01e-02]    [1.69e-03, 6.86e-02, 1.16e-15, 6.01e-02, 6.01e-02]    []  
204000    [1.48e-03, 6.77e-02, 2.21e-13, 5.97e-02, 5.97e-02]    [3.43e-03, 6.77e-02, 1.52e-15, 5.97e-02, 5.97e-02]    []  
205000    [2.03e-03, 6.73e-02, 1.71e-13, 6.01e-02, 6.01e-02]    [4.64e-03, 6.73e-02, 7.67e-15, 6.01e-02, 6.01e-02]    []  
206000    [7.74e-04, 6.78e-02, 2.24e-13, 5.86e-02, 5.86e-02]    [3.96e-03, 6.78e-02, 1.37e-14, 5.86e-02, 5.86e-02]    []  
207000    [5.45e-04, 6.79e-02, 2.31e-13, 5.76e-02, 5.76e-02]    [4.74e-03, 6.78e-02, 1.62e-13, 5.76e-02, 5.76e-02]    []  
208000    [3.53e-04, 6.79e-02, 2.30e-13, 5.70e-02, 5.70e-02]    [5.71e-03, 6.79e-02, 2.51e-12, 5.70e-02, 5.70e-02]    []  
209000    [1.38e-03, 6.98e-02, 1.61e-14, 8.26e-02, 8.26e-02]    [8.47e-03, 6.98e-02, 8.64e-20, 8.26e-02, 8.26e-02]    []  
210000    [2.33e-03, 7.00e-02, 3.27e-14, 1.04e-01, 1.04e-01]    [1.24e-02, 7.01e-02, 5.81e-18, 1.04e-01, 1.04e-01]    []  
211000    [9.69e-04, 6.70e-02, 1.98e-13, 5.63e-02, 5.63e-02]    [9.91e-04, 6.70e-02, 1.34e-13, 5.63e-02, 5.63e-02]    []  
212000    [8.95e-03, 6.44e-02, 1.89e-13, 6.56e-02, 6.56e-02]    [8.99e-03, 6.44e-02, 2.64e-14, 6.56e-02, 6.56e-02]    []  
213000    [2.98e-04, 6.71e-02, 1.89e-13, 5.44e-02, 5.44e-02]    [3.49e-04, 6.71e-02, 4.26e-14, 5.44e-02, 5.44e-02]    []  
214000    [1.61e-04, 6.72e-02, 1.74e-13, 7.72e-02, 7.72e-02]    [2.29e-04, 6.72e-02, 1.09e-14, 7.72e-02, 7.72e-02]    []  
215000    [2.62e-03, 6.55e-02, 1.84e-13, 5.59e-02, 5.59e-02]    [2.71e-03, 6.55e-02, 1.60e-13, 5.59e-02, 5.59e-02]    []  
216000    [5.61e-04, 6.64e-02, 1.32e-13, 5.27e-02, 5.27e-02]    [6.39e-04, 6.64e-02, 8.22e-13, 5.27e-02, 5.27e-02]    []  
217000    [2.56e-03, 6.52e-02, 1.14e-14, 8.98e-02, 8.98e-02]    [2.66e-03, 6.52e-02, 1.13e-12, 8.98e-02, 8.98e-02]    []  
218000    [3.97e-03, 6.93e-02, 1.44e-13, 1.51e-01, 1.51e-01]    [3.98e-03, 6.92e-02, 8.09e-13, 1.51e-01, 1.51e-01]    []  
219000    [3.57e-04, 6.61e-02, 1.31e-13, 5.11e-02, 5.11e-02]    [4.44e-04, 6.61e-02, 1.36e-13, 5.11e-02, 5.11e-02]    []  
220000    [1.28e-04, 6.62e-02, 4.05e-14, 5.15e-02, 5.15e-02]    [2.12e-04, 6.62e-02, 9.35e-13, 5.15e-02, 5.15e-02]    []  
221000    [2.22e-04, 6.59e-02, 1.87e-11, 5.02e-02, 5.02e-02]    [2.38e-04, 6.59e-02, 2.04e-13, 5.02e-02, 5.02e-02]    []  
222000    [3.85e-04, 6.56e-02, 1.68e-11, 5.00e-02, 5.00e-02]    [4.17e-04, 6.56e-02, 1.68e-13, 5.00e-02, 5.00e-02]    []  
223000    [6.44e-04, 6.70e-02, 1.43e-13, 5.14e-02, 5.14e-02]    [6.54e-04, 6.70e-02, 6.37e-14, 5.14e-02, 5.14e-02]    []  
224000    [3.55e-03, 6.37e-02, 1.88e-13, 5.00e-02, 5.00e-02]    [3.60e-03, 6.37e-02, 5.82e-14, 5.00e-02, 5.00e-02]    []  
225000    [3.14e-03, 6.78e-02, 2.97e-13, 5.27e-02, 5.27e-02]    [3.17e-03, 6.78e-02, 8.02e-14, 5.27e-02, 5.27e-02]    []  
226000    [2.73e-03, 6.37e-02, 1.89e-13, 4.80e-02, 4.80e-02]    [2.78e-03, 6.37e-02, 8.48e-14, 4.80e-02, 4.80e-02]    []  
227000    [4.99e-04, 6.46e-02, 7.33e-14, 4.78e-02, 4.78e-02]    [5.40e-04, 6.46e-02, 2.24e-14, 4.78e-02, 4.78e-02]    []  
228000    [4.86e-03, 6.27e-02, 5.95e-14, 4.90e-02, 4.90e-02]    [4.91e-03, 6.27e-02, 8.80e-14, 4.90e-02, 4.90e-02]    []  
229000    [1.50e-02, 6.96e-02, 4.34e-14, 1.32e-01, 1.32e-01]    [1.50e-02, 6.96e-02, 6.00e-14, 1.32e-01, 1.32e-01]    []  
230000    [7.07e-05, 6.47e-02, 9.64e-14, 4.72e-02, 4.72e-02]    [1.08e-04, 6.47e-02, 1.08e-13, 4.72e-02, 4.72e-02]    []  
231000    [3.62e-04, 6.41e-02, 6.91e-14, 4.58e-02, 4.58e-02]    [4.24e-04, 6.40e-02, 1.49e-12, 4.58e-02, 4.58e-02]    []  
232000    [3.88e-04, 6.39e-02, 1.80e-13, 4.54e-02, 4.54e-02]    [4.70e-04, 6.38e-02, 6.62e-13, 4.54e-02, 4.54e-02]    []  
233000    [3.27e-02, 5.80e-02, 2.54e-13, 1.83e-01, 1.83e-01]    [3.29e-02, 5.80e-02, 1.94e-12, 1.83e-01, 1.83e-01]    []  
234000    [3.98e-05, 6.41e-02, 1.13e-12, 4.83e-02, 4.83e-02]    [1.47e-04, 6.41e-02, 5.75e-13, 4.83e-02, 4.83e-02]    []  
235000    [3.03e-04, 6.34e-02, 1.32e-12, 4.42e-02, 4.42e-02]    [4.09e-04, 6.34e-02, 4.32e-13, 4.42e-02, 4.42e-02]    []  
236000    [5.68e-04, 6.30e-02, 1.41e-12, 5.07e-02, 5.07e-02]    [6.90e-04, 6.30e-02, 9.70e-13, 5.07e-02, 5.07e-02]    []  
237000    [1.50e-03, 6.23e-02, 1.62e-12, 5.66e-02, 5.66e-02]    [1.63e-03, 6.23e-02, 1.09e-12, 5.66e-02, 5.66e-02]    []  
238000    [1.19e-02, 5.96e-02, 4.25e-13, 4.56e-02, 4.56e-02]    [1.21e-02, 5.96e-02, 7.31e-13, 4.56e-02, 4.56e-02]    []  
239000    [1.36e-03, 6.20e-02, 2.13e-13, 4.31e-02, 4.31e-02]    [1.49e-03, 6.20e-02, 1.25e-12, 4.31e-02, 4.31e-02]    []  
240000    [2.34e-03, 6.49e-02, 1.67e-12, 4.43e-02, 4.43e-02]    [2.44e-03, 6.49e-02, 5.71e-13, 4.43e-02, 4.43e-02]    []  
241000    [7.19e-04, 6.21e-02, 5.50e-15, 4.49e-02, 4.49e-02]    [8.42e-04, 6.21e-02, 1.16e-12, 4.49e-02, 4.49e-02]    []  
242000    [1.39e-02, 5.87e-02, 2.76e-13, 8.74e-02, 8.74e-02]    [1.41e-02, 5.87e-02, 1.76e-12, 8.74e-02, 8.74e-02]    []  
243000    [4.91e-04, 6.19e-02, 4.00e-13, 4.14e-02, 4.14e-02]    [6.43e-04, 6.19e-02, 1.61e-12, 4.14e-02, 4.14e-02]    []  
244000    [8.25e-04, 6.15e-02, 3.95e-13, 4.11e-02, 4.11e-02]    [9.94e-04, 6.15e-02, 4.50e-13, 4.11e-02, 4.11e-02]    []  
245000    [1.94e-02, 5.74e-02, 2.92e-13, 5.45e-02, 5.45e-02]    [1.97e-02, 5.74e-02, 8.82e-13, 5.45e-02, 5.45e-02]    []  
246000    [4.61e-03, 6.45e-02, 1.59e-13, 9.71e-02, 9.71e-02]    [4.71e-03, 6.45e-02, 9.24e-13, 9.71e-02, 9.71e-02]    []  
247000    [3.52e-04, 6.13e-02, 2.47e-13, 4.05e-02, 4.05e-02]    [5.71e-04, 6.13e-02, 5.23e-13, 4.05e-02, 4.05e-02]    []  
248000    [3.37e-05, 6.17e-02, 1.82e-13, 5.64e-02, 5.64e-02]    [2.54e-04, 6.17e-02, 3.89e-13, 5.64e-02, 5.64e-02]    []  
249000    [2.21e-03, 6.00e-02, 1.03e-13, 4.36e-02, 4.36e-02]    [2.54e-03, 5.99e-02, 5.04e-13, 4.36e-02, 4.36e-02]    []  
250000    [2.94e-04, 6.08e-02, 9.22e-14, 3.91e-02, 3.91e-02]    [6.61e-04, 6.08e-02, 5.14e-13, 3.91e-02, 3.91e-02]    []  
251000    [1.05e-03, 6.01e-02, 1.43e-10, 4.16e-02, 4.16e-02]    [1.41e-03, 6.01e-02, 2.90e-13, 4.16e-02, 4.16e-02]    []  
252000    [6.36e-04, 6.02e-02, 3.28e-10, 3.84e-02, 3.84e-02]    [1.02e-03, 6.02e-02, 9.27e-13, 3.84e-02, 3.84e-02]    []  
253000    [6.49e-03, 6.37e-02, 5.83e-11, 3.85e-02, 3.85e-02]    [6.74e-03, 6.37e-02, 5.13e-13, 3.85e-02, 3.85e-02]    []  
254000    [6.10e-04, 5.99e-02, 3.41e-10, 4.03e-02, 4.03e-02]    [1.03e-03, 5.99e-02, 1.32e-13, 4.03e-02, 4.03e-02]    []  
255000    [5.05e-05, 6.06e-02, 1.56e-10, 1.45e-01, 1.45e-01]    [5.06e-04, 6.06e-02, 4.81e-14, 1.45e-01, 1.45e-01]    []  
256000    [5.38e-04, 5.96e-02, 3.09e-10, 3.73e-02, 3.73e-02]    [9.71e-04, 5.96e-02, 2.03e-14, 3.73e-02, 3.73e-02]    []  
257000    [2.40e-04, 5.97e-02, 2.83e-10, 3.71e-02, 3.71e-02]    [6.60e-04, 5.97e-02, 1.63e-14, 3.71e-02, 3.71e-02]    []  
258000    [2.31e-04, 5.95e-02, 2.74e-10, 3.67e-02, 3.67e-02]    [6.52e-04, 5.95e-02, 1.75e-14, 3.67e-02, 3.67e-02]    []  
259000    [6.13e-03, 5.71e-02, 2.62e-10, 4.77e-02, 4.77e-02]    [6.66e-03, 5.71e-02, 2.09e-14, 4.77e-02, 4.77e-02]    []  
260000    [1.59e-03, 5.83e-02, 2.86e-10, 3.61e-02, 3.61e-02]    [2.04e-03, 5.83e-02, 1.68e-14, 3.61e-02, 3.61e-02]    []  
261000    [2.55e-04, 5.90e-02, 6.67e-15, 3.59e-02, 3.59e-02]    [4.83e-04, 5.89e-02, 1.42e-13, 3.59e-02, 3.59e-02]    []  
262000    [3.13e-04, 5.87e-02, 3.19e-15, 3.56e-02, 3.56e-02]    [5.31e-04, 5.87e-02, 7.74e-14, 3.56e-02, 3.56e-02]    []  
263000    [1.21e-03, 5.79e-02, 5.06e-15, 3.64e-02, 3.64e-02]    [1.44e-03, 5.79e-02, 6.56e-15, 3.64e-02, 3.64e-02]    []  
264000    [8.23e-03, 5.58e-02, 4.35e-15, 6.17e-02, 6.17e-02]    [8.47e-03, 5.58e-02, 8.09e-15, 6.17e-02, 6.17e-02]    []  
265000    [3.30e-04, 5.81e-02, 6.27e-15, 3.48e-02, 3.48e-02]    [5.51e-04, 5.81e-02, 5.87e-14, 3.48e-02, 3.48e-02]    []  
266000    [3.07e-04, 5.80e-02, 7.25e-15, 3.61e-02, 3.61e-02]    [5.37e-04, 5.80e-02, 9.21e-14, 3.61e-02, 3.61e-02]    []  
267000    [4.13e-04, 5.77e-02, 9.81e-15, 3.43e-02, 3.43e-02]    [6.47e-04, 5.77e-02, 2.24e-13, 3.43e-02, 3.43e-02]    []  
268000    [3.13e-03, 6.01e-02, 7.30e-15, 3.50e-02, 3.50e-02]    [3.31e-03, 6.01e-02, 2.47e-13, 3.50e-02, 3.50e-02]    []  
269000    [6.42e-04, 5.71e-02, 8.07e-15, 3.38e-02, 3.38e-02]    [9.17e-04, 5.71e-02, 2.44e-13, 3.38e-02, 3.38e-02]    []  
270000    [2.74e-04, 5.73e-02, 6.59e-14, 3.35e-02, 3.35e-02]    [5.75e-04, 5.73e-02, 1.81e-13, 3.35e-02, 3.35e-02]    []  
271000    [3.53e-04, 5.70e-02, 2.51e-14, 3.32e-02, 3.32e-02]    [8.28e-04, 5.70e-02, 7.06e-15, 3.32e-02, 3.32e-02]    []  
272000    [7.91e-04, 5.65e-02, 2.95e-14, 3.30e-02, 3.30e-02]    [1.30e-03, 5.65e-02, 7.65e-15, 3.30e-02, 3.30e-02]    []  
273000    [2.92e-04, 5.78e-02, 2.37e-14, 5.41e-02, 5.41e-02]    [7.48e-04, 5.78e-02, 5.30e-15, 5.41e-02, 5.41e-02]    []  
274000    [1.14e-04, 5.67e-02, 5.63e-14, 3.25e-02, 3.25e-02]    [6.21e-04, 5.67e-02, 7.03e-15, 3.25e-02, 3.25e-02]    []  
275000    [3.04e-04, 5.63e-02, 7.80e-14, 3.24e-02, 3.24e-02]    [8.27e-04, 5.63e-02, 6.61e-15, 3.24e-02, 3.24e-02]    []  
276000    [1.42e-04, 5.70e-02, 1.24e-13, 3.30e-02, 3.30e-02]    [6.21e-04, 5.70e-02, 6.38e-15, 3.30e-02, 3.30e-02]    []  
277000    [2.20e-04, 5.60e-02, 1.96e-13, 3.19e-02, 3.19e-02]    [7.36e-04, 5.60e-02, 8.09e-15, 3.19e-02, 3.19e-02]    []  
278000    [3.06e-03, 5.45e-02, 3.15e-13, 4.51e-02, 4.51e-02]    [3.65e-03, 5.45e-02, 4.88e-14, 4.51e-02, 4.51e-02]    []  
279000    [1.23e-02, 5.25e-02, 7.88e-13, 4.53e-02, 4.53e-02]    [1.29e-02, 5.25e-02, 1.04e-14, 4.53e-02, 4.53e-02]    []  
280000    [2.10e-05, 5.59e-02, 1.77e-12, 3.23e-02, 3.23e-02]    [5.27e-04, 5.59e-02, 3.03e-14, 3.23e-02, 3.23e-02]    []  
281000    [4.43e-04, 5.51e-02, 8.38e-16, 3.09e-02, 3.09e-02]    [4.74e-04, 5.51e-02, 3.36e-11, 3.09e-02, 3.09e-02]    []  
282000    [1.77e-04, 5.52e-02, 7.80e-16, 3.07e-02, 3.07e-02]    [2.89e-04, 5.52e-02, 3.09e-13, 3.07e-02, 3.07e-02]    []  
283000    [1.54e-04, 5.50e-02, 9.20e-16, 3.05e-02, 3.05e-02]    [3.24e-04, 5.51e-02, 1.14e-13, 3.05e-02, 3.05e-02]    []  
284000    [4.32e-03, 5.73e-02, 8.47e-15, 4.58e-02, 4.58e-02]    [4.66e-03, 5.74e-02, 2.11e-13, 4.58e-02, 4.58e-02]    []  
285000    [4.32e-04, 5.43e-02, 1.16e-15, 3.01e-02, 3.01e-02]    [6.63e-04, 5.44e-02, 2.77e-13, 3.01e-02, 3.01e-02]    []  
286000    [1.73e-04, 5.52e-02, 1.75e-15, 3.08e-02, 3.08e-02]    [4.91e-04, 5.52e-02, 1.86e-13, 3.08e-02, 3.08e-02]    []  
287000    [1.58e-04, 5.42e-02, 5.41e-15, 3.07e-02, 3.07e-02]    [4.62e-04, 5.43e-02, 2.08e-13, 3.07e-02, 3.07e-02]    []  
288000    [4.23e-05, 5.45e-02, 8.34e-15, 3.18e-02, 3.18e-02]    [3.95e-04, 5.46e-02, 9.50e-13, 3.18e-02, 3.18e-02]    []  
289000    [2.92e-04, 5.37e-02, 5.43e-15, 3.47e-02, 3.47e-02]    [6.26e-04, 5.37e-02, 2.37e-12, 3.47e-02, 3.47e-02]    []  
290000    [2.57e-04, 5.35e-02, 1.25e-14, 4.40e-02, 4.40e-02]    [6.27e-04, 5.36e-02, 4.22e-13, 4.40e-02, 4.40e-02]    []  
291000    [6.38e-05, 5.40e-02, 3.69e-13, 3.17e-02, 3.17e-02]    [1.14e-04, 5.40e-02, 3.67e-14, 3.17e-02, 3.17e-02]    []  
292000    [2.33e-04, 5.41e-02, 4.27e-13, 3.21e-02, 3.21e-02]    [2.96e-04, 5.41e-02, 4.72e-14, 3.21e-02, 3.21e-02]    []  
293000    [3.73e-03, 5.15e-02, 9.04e-14, 2.93e-02, 2.93e-02]    [3.76e-03, 5.15e-02, 6.56e-15, 2.93e-02, 2.93e-02]    []  
294000    [2.76e-03, 5.16e-02, 2.13e-13, 3.19e-02, 3.19e-02]    [2.80e-03, 5.16e-02, 2.29e-14, 3.19e-02, 3.19e-02]    []  
295000    [4.97e-04, 5.23e-02, 1.21e-13, 2.82e-02, 2.82e-02]    [5.51e-04, 5.23e-02, 9.75e-15, 2.82e-02, 2.82e-02]    []  
296000    [5.77e-04, 5.21e-02, 9.65e-14, 2.81e-02, 2.81e-02]    [6.34e-04, 5.21e-02, 5.43e-15, 2.81e-02, 2.81e-02]    []  
297000    [1.58e-03, 5.14e-02, 5.23e-13, 3.13e-02, 3.13e-02]    [1.64e-03, 5.14e-02, 5.41e-14, 3.13e-02, 3.13e-02]    []  
298000    [3.59e-04, 5.19e-02, 8.29e-12, 2.77e-02, 2.77e-02]    [4.34e-04, 5.19e-02, 1.68e-14, 2.77e-02, 2.77e-02]    []  
299000    [8.52e-04, 5.13e-02, 1.25e-11, 2.86e-02, 2.86e-02]    [9.33e-04, 5.13e-02, 4.31e-12, 2.86e-02, 2.86e-02]    []  
300000    [5.26e-03, 5.43e-02, 1.86e-13, 4.34e-02, 4.34e-02]    [5.32e-03, 5.43e-02, 3.31e-14, 4.34e-02, 4.34e-02]    []  
301000    [1.73e-04, 5.15e-02, 2.69e-15, 2.71e-02, 2.71e-02]    [2.51e-04, 5.15e-02, 3.69e-14, 2.71e-02, 2.71e-02]    []  
302000    [9.34e-05, 5.14e-02, 1.73e-13, 2.79e-02, 2.79e-02]    [1.84e-04, 5.14e-02, 1.59e-13, 2.79e-02, 2.79e-02]    []  
303000    [7.62e-04, 5.06e-02, 1.51e-12, 4.41e-02, 4.41e-02]    [8.60e-04, 5.06e-02, 8.89e-14, 4.41e-02, 4.41e-02]    []  
304000    [1.22e-04, 5.09e-02, 3.35e-12, 2.98e-02, 2.98e-02]    [2.28e-04, 5.09e-02, 2.13e-13, 2.98e-02, 2.98e-02]    []  
305000    [2.80e-04, 5.05e-02, 3.43e-12, 2.65e-02, 2.65e-02]    [3.92e-04, 5.05e-02, 9.07e-15, 2.65e-02, 2.65e-02]    []  
306000    [9.76e-05, 5.06e-02, 3.15e-12, 2.77e-02, 2.77e-02]    [2.13e-04, 5.06e-02, 7.82e-14, 2.77e-02, 2.77e-02]    []  
307000    [1.81e-05, 5.07e-02, 8.00e-14, 2.65e-02, 2.65e-02]    [1.37e-04, 5.07e-02, 1.69e-13, 2.65e-02, 2.65e-02]    []  
308000    [2.72e-04, 4.99e-02, 2.03e-12, 2.60e-02, 2.60e-02]    [3.88e-04, 5.00e-02, 2.42e-14, 2.60e-02, 2.60e-02]    []  
309000    [1.60e-05, 5.03e-02, 1.12e-13, 2.58e-02, 2.58e-02]    [1.39e-04, 5.03e-02, 2.21e-13, 2.58e-02, 2.58e-02]    []  
310000    [4.27e-04, 4.94e-02, 4.38e-14, 2.63e-02, 2.63e-02]    [5.48e-04, 4.94e-02, 1.65e-13, 2.63e-02, 2.63e-02]    []  

Best model at step 309000:
  train loss: 1.02e-01
  test loss: 1.02e-01
  test metric: []

Epoch 310000: saving model to /itf-fi-ml/home/adamjak/heart/MSc/deepxDE/models/heart_model_128x6_tanh_Glorot normal_mini_tnorm_domain3k_rs10k-310000.pt ...

'train' took 69444.562940 s

Saving loss history to /itf-fi-ml/home/adamjak/heart/MSc/deepxDE/loss.dat ...
Saving training data to /itf-fi-ml/home/adamjak/heart/MSc/deepxDE/train.dat ...
Saving test data to /itf-fi-ml/home/adamjak/heart/MSc/deepxDE/test.dat ...
