Using backend: pytorch
Other supported backends: tensorflow.compat.v1, tensorflow, jax, paddle.
paddle supports more examples now and is recommended.
Set the default float type to float64
Device ID: 3, Free Memory: 27038.0 MB
self.triangles shape: (141944, 3)
Compiling model...
'compile' took 0.000162 s

Training model...

Step      Train loss                                            Test loss                                             Test metric
0         [0.00e+00, 0.00e+00, 0.00e+00, 3.63e+03, 3.63e+03]    [0.00e+00, 0.00e+00, 0.00e+00, 3.63e+03, 3.63e+03]    []  
1000      [0.00e+00, 0.00e+00, 0.00e+00, 2.09e+03, 2.09e+03]    [0.00e+00, 0.00e+00, 0.00e+00, 2.09e+03, 2.09e+03]    []  
2000      [0.00e+00, 0.00e+00, 0.00e+00, 2.09e+03, 2.09e+03]    [0.00e+00, 0.00e+00, 0.00e+00, 2.09e+03, 2.09e+03]    []  
3000      [0.00e+00, 0.00e+00, 0.00e+00, 2.09e+03, 2.09e+03]    [0.00e+00, 0.00e+00, 0.00e+00, 2.09e+03, 2.09e+03]    []  
4000      [0.00e+00, 0.00e+00, 0.00e+00, 3.54e+01, 3.54e+01]    [0.00e+00, 0.00e+00, 0.00e+00, 3.54e+01, 3.54e+01]    []  
5000      [0.00e+00, 0.00e+00, 0.00e+00, 1.05e+01, 1.05e+01]    [0.00e+00, 0.00e+00, 0.00e+00, 1.05e+01, 1.05e+01]    []  
6000      [0.00e+00, 0.00e+00, 0.00e+00, 7.38e+00, 7.38e+00]    [0.00e+00, 0.00e+00, 0.00e+00, 7.38e+00, 7.38e+00]    []  
7000      [0.00e+00, 0.00e+00, 0.00e+00, 6.02e+00, 6.02e+00]    [0.00e+00, 0.00e+00, 0.00e+00, 6.02e+00, 6.02e+00]    []  
8000      [0.00e+00, 0.00e+00, 0.00e+00, 3.55e+00, 3.55e+00]    [0.00e+00, 0.00e+00, 0.00e+00, 3.55e+00, 3.55e+00]    []  
9000      [0.00e+00, 0.00e+00, 0.00e+00, 2.32e+00, 2.32e+00]    [0.00e+00, 0.00e+00, 0.00e+00, 2.32e+00, 2.32e+00]    []  
10000     [0.00e+00, 0.00e+00, 0.00e+00, 1.70e+00, 1.70e+00]    [0.00e+00, 0.00e+00, 0.00e+00, 1.70e+00, 1.70e+00]    []  

Best model at step 10000:
  train loss: 3.39e+00
  test loss: 3.39e+00
  test metric: []

Epoch 10000: saving model to /itf-fi-ml/home/adamjak/heart/MSc/deepxDE/models/heart_model_128x6_tanh_Glorot normal_mini_2norm_domain3k_rs10k-10000.pt ...

'train' took 4984.234948 s

Saving loss history to /itf-fi-ml/home/adamjak/heart/MSc/deepxDE/loss.dat ...
Saving training data to /itf-fi-ml/home/adamjak/heart/MSc/deepxDE/train.dat ...
Saving test data to /itf-fi-ml/home/adamjak/heart/MSc/deepxDE/test.dat ...
Compiling model...
'compile' took 0.000141 s

Training model...

Step      Train loss                                            Test loss                                             Test metric
10000     [1.93e+14, 1.07e+02, 4.51e-02, 1.70e+00, 1.70e+00]    [1.88e+14, 1.05e+02, 6.75e-08, 1.70e+00, 1.70e+00]    []  
11000     [9.62e+09, 3.34e-01, 9.74e-11, 8.15e+01, 8.15e+01]    [5.89e+10, 4.36e-01, 2.77e-05, 8.15e+01, 8.15e+01]    []  
12000     [3.81e+09, 6.41e-01, 9.78e-10, 5.82e+01, 5.82e+01]    [1.24e+11, 8.09e-01, 8.18e-06, 5.82e+01, 5.82e+01]    []  
13000     [1.76e+09, 1.41e+00, 6.49e-09, 4.99e+01, 4.99e+01]    [2.82e+10, 1.54e+00, 8.83e-06, 4.99e+01, 4.99e+01]    []  
14000     [4.87e+08, 1.84e+00, 2.97e-10, 3.82e+01, 3.82e+01]    [4.59e+10, 2.02e+00, 9.19e-06, 3.82e+01, 3.82e+01]    []  
15000     [1.91e+08, 1.82e+00, 3.03e-11, 3.38e+01, 3.38e+01]    [1.96e+10, 2.00e+00, 1.04e-05, 3.38e+01, 3.38e+01]    []  
16000     [1.09e+08, 2.08e+00, 9.55e-12, 3.17e+01, 3.17e+01]    [3.57e+10, 2.18e+00, 9.82e-06, 3.17e+01, 3.17e+01]    []  
17000     [7.63e+07, 2.29e+00, 7.18e-12, 3.09e+01, 3.09e+01]    [4.24e+10, 2.46e+00, 1.14e-05, 3.09e+01, 3.09e+01]    []  
18000     [5.48e+07, 2.68e+00, 9.62e-15, 3.49e+01, 3.49e+01]    [9.30e+07, 2.76e+00, 4.19e-06, 3.49e+01, 3.49e+01]    []  
19000     [2.44e+07, 2.72e+00, 7.55e-16, 3.38e+01, 3.38e+01]    [5.29e+07, 2.81e+00, 7.87e-06, 3.38e+01, 3.38e+01]    []  
20000     [1.14e+07, 2.89e+00, 5.50e-16, 3.40e+01, 3.40e+01]    [2.15e+07, 2.98e+00, 1.16e-05, 3.40e+01, 3.40e+01]    []  
21000     [7.94e+06, 3.13e+02, 1.27e-04, 3.44e+01, 3.44e+01]    [8.16e+06, 3.06e+02, 4.41e-05, 3.44e+01, 3.44e+01]    []  
22000     [6.94e+07, 1.52e+02, 2.23e-03, 3.78e+02, 3.78e+02]    [6.91e+07, 1.95e+02, 5.66e-13, 3.78e+02, 3.78e+02]    []  
23000     [2.30e+07, 1.76e+02, 1.14e-03, 2.11e+02, 2.11e+02]    [2.29e+07, 2.28e+02, 8.01e-14, 2.11e+02, 2.11e+02]    []  
24000     [1.14e+07, 1.48e+02, 8.37e-04, 1.49e+02, 1.49e+02]    [1.13e+07, 1.80e+02, 2.50e-14, 1.49e+02, 1.49e+02]    []  
25000     [6.11e+06, 1.48e+02, 7.64e-04, 1.27e+02, 1.27e+02]    [6.08e+06, 1.73e+02, 3.51e-15, 1.27e+02, 1.27e+02]    []  
26000     [3.21e+06, 1.19e+02, 1.02e-06, 1.17e+02, 1.17e+02]    [3.21e+06, 1.46e+02, 2.71e-15, 1.17e+02, 1.17e+02]    []  
27000     [1.54e+06, 1.45e+02, 1.19e-04, 1.13e+02, 1.13e+02]    [1.58e+06, 1.75e+02, 2.37e-15, 1.13e+02, 1.13e+02]    []  
28000     [6.72e+05, 2.14e+02, 2.22e-05, 1.11e+02, 1.11e+02]    [7.05e+05, 2.32e+02, 2.19e-15, 1.11e+02, 1.11e+02]    []  
29000     [2.63e+05, 3.51e+02, 3.16e-06, 1.07e+02, 1.07e+02]    [2.85e+05, 3.53e+02, 1.44e-15, 1.07e+02, 1.07e+02]    []  
30000     [9.43e+04, 4.87e+02, 7.29e-07, 1.01e+02, 1.01e+02]    [1.15e+05, 4.85e+02, 1.22e-12, 1.01e+02, 1.01e+02]    []  
31000     [4.24e+04, 1.66e+00, 2.95e-06, 1.55e+02, 1.55e+02]    [4.08e+04, 1.58e+00, 8.26e-13, 1.55e+02, 1.55e+02]    []  
32000     [1.13e+04, 8.12e-01, 2.32e-06, 1.43e+02, 1.43e+02]    [1.08e+04, 7.60e-01, 9.63e-13, 1.43e+02, 1.43e+02]    []  
33000     [6.77e+03, 6.93e-01, 2.14e-06, 1.36e+02, 1.36e+02]    [6.55e+03, 6.63e-01, 9.50e-13, 1.36e+02, 1.36e+02]    []  
34000     [4.80e+03, 5.41e-01, 1.24e-06, 1.30e+02, 1.30e+02]    [4.69e+03, 5.19e-01, 1.29e-12, 1.30e+02, 1.30e+02]    []  
35000     [3.20e+03, 3.12e-01, 2.10e-07, 1.20e+02, 1.20e+02]    [3.22e+03, 3.25e-01, 3.12e-10, 1.20e+02, 1.20e+02]    []  
36000     [1.77e+03, 1.87e-01, 2.25e-07, 1.15e+02, 1.15e+02]    [1.78e+03, 1.97e-01, 1.52e-12, 1.15e+02, 1.15e+02]    []  
37000     [5.25e+02, 9.15e-02, 1.75e-07, 1.08e+02, 1.08e+02]    [5.97e+02, 9.90e-02, 2.99e-13, 1.08e+02, 1.08e+02]    []  
38000     [1.78e+02, 6.54e-02, 1.89e-07, 9.76e+01, 9.76e+01]    [6.34e+02, 7.84e-02, 3.93e-11, 9.76e+01, 9.76e+01]    []  
39000     [4.80e+01, 5.82e-02, 1.12e-07, 8.97e+01, 8.97e+01]    [5.86e+02, 7.17e-02, 3.60e-10, 8.97e+01, 8.97e+01]    []  
40000     [2.84e+01, 5.70e-02, 3.36e-08, 8.01e+01, 8.01e+01]    [1.48e+03, 8.09e-02, 9.89e-10, 8.01e+01, 8.01e+01]    []  
41000     [1.60e+02, 6.25e-02, 4.14e-09, 6.79e+01, 6.79e+01]    [5.27e+02, 1.48e-01, 2.79e-08, 6.79e+01, 6.79e+01]    []  
42000     [6.33e+01, 5.83e-02, 2.19e-09, 5.87e+01, 5.87e+01]    [4.78e+02, 1.14e-01, 3.41e-10, 5.87e+01, 5.87e+01]    []  
43000     [2.23e+01, 5.64e-02, 1.87e-09, 5.23e+01, 5.23e+01]    [2.50e+02, 1.70e-01, 1.32e-08, 5.23e+01, 5.23e+01]    []  
44000     [1.17e+01, 5.56e-02, 1.49e-09, 4.71e+01, 4.71e+01]    [1.78e+02, 6.12e-02, 1.39e-05, 4.71e+01, 4.71e+01]    []  
45000     [7.73e+00, 5.57e-02, 1.09e-09, 3.72e+01, 3.72e+01]    [3.92e+03, 1.14e-01, 3.73e-10, 3.72e+01, 3.72e+01]    []  
46000     [5.45e+00, 5.56e-02, 1.00e-09, 3.01e+01, 3.01e+01]    [6.29e+04, 2.32e-01, 2.07e-02, 3.01e+01, 3.01e+01]    []  
47000     [3.95e+00, 5.55e-02, 7.49e-10, 2.35e+01, 2.35e+01]    [1.41e+04, 1.63e-01, 3.94e-03, 2.35e+01, 2.35e+01]    []  
48000     [2.78e+00, 5.57e-02, 4.84e-10, 1.93e+01, 1.93e+01]    [1.17e+06, 5.28e-01, 3.98e-05, 1.93e+01, 1.93e+01]    []  
49000     [2.20e+00, 5.50e-02, 2.50e-10, 1.70e+01, 1.70e+01]    [1.53e+06, 8.28e-01, 3.21e-06, 1.70e+01, 1.70e+01]    []  
50000     [1.73e+00, 5.58e-02, 1.07e-10, 1.47e+01, 1.47e+01]    [1.06e+06, 7.39e-01, 2.52e-08, 1.47e+01, 1.47e+01]    []  
51000     [8.00e+04, 8.91e+00, 3.81e-11, 6.46e+01, 6.46e+01]    [3.52e+04, 8.29e+00, 5.23e-07, 6.46e+01, 6.46e+01]    []  
52000     [2.25e+04, 5.55e-01, 5.02e-10, 6.86e+01, 6.86e+01]    [2.38e+03, 3.37e-01, 4.34e-07, 6.86e+01, 6.86e+01]    []  
53000     [1.20e+04, 4.06e-01, 3.61e-09, 6.23e+01, 6.23e+01]    [1.51e+03, 2.32e-01, 3.72e-07, 6.23e+01, 6.23e+01]    []  
54000     [8.34e+03, 3.08e-01, 1.03e-08, 5.71e+01, 5.71e+01]    [9.08e+02, 1.62e-01, 3.52e-07, 5.71e+01, 5.71e+01]    []  
55000     [5.94e+03, 2.53e-01, 2.72e-08, 4.96e+01, 4.96e+01]    [6.91e+02, 1.34e-01, 3.76e-07, 4.96e+01, 4.96e+01]    []  
56000     [4.22e+03, 2.14e-01, 6.22e-07, 4.33e+01, 4.33e+01]    [5.60e+02, 1.17e-01, 4.07e-07, 4.33e+01, 4.33e+01]    []  
57000     [2.94e+03, 1.78e-01, 3.14e-09, 3.86e+01, 3.86e+01]    [4.73e+02, 1.03e-01, 3.84e-07, 3.86e+01, 3.86e+01]    []  
58000     [1.80e+03, 1.39e-01, 6.91e-08, 3.55e+01, 3.55e+01]    [4.54e+02, 8.69e-02, 4.26e-07, 3.55e+01, 3.55e+01]    []  
59000     [1.17e+03, 1.12e-01, 1.51e-07, 3.25e+01, 3.25e+01]    [2.44e+02, 6.87e-02, 2.65e-07, 3.25e+01, 3.25e+01]    []  
60000     [7.23e+02, 8.96e-02, 4.48e-08, 2.96e+01, 2.96e+01]    [1.81e+02, 6.35e-02, 3.95e-07, 2.96e+01, 2.96e+01]    []  
61000     [4.94e+02, 6.64e-02, 5.97e-08, 2.91e+01, 2.91e+01]    [1.51e+02, 5.85e-02, 2.90e-09, 2.91e+01, 2.91e+01]    []  
62000     [2.44e+02, 4.94e-02, 3.47e-08, 2.74e+01, 2.74e+01]    [9.31e+01, 5.08e-02, 2.27e-09, 2.74e+01, 2.74e+01]    []  
63000     [1.29e+02, 3.49e-02, 2.86e-08, 2.57e+01, 2.57e+01]    [5.95e+01, 3.92e-02, 1.31e-09, 2.57e+01, 2.57e+01]    []  
64000     [6.64e+01, 2.27e-02, 3.06e-08, 2.41e+01, 2.41e+01]    [5.00e+01, 2.72e-02, 5.35e-07, 2.41e+01, 2.41e+01]    []  
65000     [3.17e+01, 1.34e-02, 1.69e-09, 2.26e+01, 2.26e+01]    [3.07e+01, 1.66e-02, 4.74e-07, 2.26e+01, 2.26e+01]    []  
66000     [1.49e+01, 6.43e-03, 8.27e-09, 2.08e+01, 2.08e+01]    [5.27e+00, 7.65e-03, 2.50e-09, 2.08e+01, 2.08e+01]    []  
67000     [6.42e+00, 2.41e-03, 5.04e-09, 1.87e+01, 1.87e+01]    [2.35e+00, 2.66e-03, 1.69e-08, 1.87e+01, 1.87e+01]    []  
68000     [2.85e+00, 6.00e-04, 8.55e-09, 1.68e+01, 1.68e+01]    [9.99e-01, 6.64e-04, 1.47e-08, 1.68e+01, 1.68e+01]    []  
69000     [1.32e+00, 7.04e-05, 3.62e-07, 1.44e+01, 1.44e+01]    [3.93e-01, 4.36e-05, 1.26e-08, 1.44e+01, 1.44e+01]    []  
70000     [6.56e-01, 4.82e-04, 1.92e-06, 1.20e+01, 1.20e+01]    [1.32e-01, 2.33e-02, 9.07e-09, 1.20e+01, 1.20e+01]    []  
71000     [2.19e+05, 1.24e-02, 1.05e-09, 3.43e+01, 3.43e+01]    [1.73e+05, 9.54e-04, 2.77e-07, 3.43e+01, 3.43e+01]    []  
72000     [6.91e+04, 7.33e-03, 6.69e-07, 2.82e+01, 2.82e+01]    [5.82e+04, 6.41e-04, 1.74e-07, 2.82e+01, 2.82e+01]    []  
73000     [1.86e+03, 3.25e-04, 1.50e-07, 2.57e+01, 2.57e+01]    [3.66e+03, 1.70e-04, 4.38e-08, 2.57e+01, 2.57e+01]    []  
74000     [1.13e+03, 3.00e-04, 2.40e-09, 2.40e+01, 2.40e+01]    [3.49e+03, 1.34e-04, 3.43e-07, 2.40e+01, 2.40e+01]    []  
75000     [9.10e+02, 2.65e-04, 5.67e-08, 2.27e+01, 2.27e+01]    [3.29e+03, 1.02e-04, 8.26e-07, 2.27e+01, 2.27e+01]    []  
76000     [7.88e+02, 5.43e-03, 3.81e-08, 2.15e+01, 2.15e+01]    [3.04e+03, 8.00e-05, 4.90e-08, 2.15e+01, 2.15e+01]    []  
77000     [7.05e+02, 1.93e-04, 4.14e-09, 2.03e+01, 2.03e+01]    [2.80e+03, 7.63e-05, 7.36e-08, 2.03e+01, 2.03e+01]    []  
78000     [5.90e+02, 1.63e-04, 7.00e-09, 1.91e+01, 1.91e+01]    [2.43e+03, 6.36e-05, 6.51e-08, 1.91e+01, 1.91e+01]    []  
79000     [4.24e+02, 1.51e-04, 9.05e-11, 1.86e+01, 1.86e+01]    [2.08e+03, 2.15e-03, 4.98e-08, 1.86e+01, 1.86e+01]    []  
80000     [3.39e+02, 1.01e-02, 1.42e-07, 1.77e+01, 1.77e+01]    [5.50e+03, 4.60e-04, 4.59e-08, 1.77e+01, 1.77e+01]    []  
81000     [2.22e+04, 4.97e-03, 5.70e-09, 8.59e+01, 8.59e+01]    [2.75e+04, 5.52e-03, 5.53e-07, 8.59e+01, 8.59e+01]    []  
82000     [5.96e+03, 2.15e-03, 2.48e-09, 6.80e+01, 6.80e+01]    [6.03e+03, 2.22e-03, 1.91e-05, 6.80e+01, 6.80e+01]    []  
83000     [1.81e+03, 1.21e-03, 3.83e-10, 5.87e+01, 5.87e+01]    [2.01e+03, 1.24e-03, 7.98e-06, 5.87e+01, 5.87e+01]    []  
84000     [1.39e+03, 1.10e-03, 7.39e-08, 5.26e+01, 5.26e+01]    [1.57e+03, 1.12e-03, 4.94e-06, 5.26e+01, 5.26e+01]    []  
85000     [1.04e+03, 1.04e-03, 1.50e-06, 4.75e+01, 4.75e+01]    [1.22e+03, 1.06e-03, 4.48e-06, 4.75e+01, 4.75e+01]    []  
86000     [8.18e+02, 1.06e-03, 1.30e-06, 4.26e+01, 4.26e+01]    [9.69e+02, 1.08e-03, 5.06e-06, 4.26e+01, 4.26e+01]    []  
87000     [6.23e+02, 1.14e-03, 1.47e-06, 3.93e+01, 3.93e+01]    [7.45e+02, 1.15e-03, 5.94e-06, 3.93e+01, 3.93e+01]    []  
88000     [3.51e+02, 1.23e-03, 1.09e-06, 3.74e+01, 3.74e+01]    [4.02e+02, 1.24e-03, 3.53e-06, 3.74e+01, 3.74e+01]    []  
89000     [2.44e+02, 1.41e-03, 5.83e-07, 3.57e+01, 3.57e+01]    [3.17e+02, 1.43e-03, 2.74e-06, 3.57e+01, 3.57e+01]    []  
90000     [1.54e+02, 1.60e-03, 3.50e-08, 3.37e+01, 3.37e+01]    [2.08e+02, 1.62e-03, 2.86e-06, 3.37e+01, 3.37e+01]    []  
91000     [1.71e+02, 4.30e-03, 8.79e-11, 3.68e+01, 3.68e+01]    [1.27e+02, 3.97e-03, 1.94e-03, 3.68e+01, 3.68e+01]    []  
92000     [1.33e+02, 3.46e-03, 7.28e-10, 3.59e+01, 3.59e+01]    [1.06e+02, 3.64e-03, 1.26e-07, 3.59e+01, 3.59e+01]    []  
93000     [9.92e+01, 2.92e-03, 7.96e-10, 3.50e+01, 3.50e+01]    [8.62e+01, 3.01e-03, 2.72e-08, 3.50e+01, 3.50e+01]    []  
94000     [7.19e+01, 2.41e-03, 1.30e-09, 3.37e+01, 3.37e+01]    [6.00e+01, 2.38e-03, 1.11e-07, 3.37e+01, 3.37e+01]    []  
95000     [5.22e+01, 1.76e-03, 1.38e-07, 3.24e+01, 3.24e+01]    [3.19e+03, 1.85e-03, 4.98e-05, 3.24e+01, 3.24e+01]    []  
96000     [3.67e+01, 1.20e-03, 1.14e-08, 3.12e+01, 3.12e+01]    [2.39e+03, 1.30e-03, 4.61e-05, 3.12e+01, 3.12e+01]    []  
97000     [2.56e+01, 1.16e-03, 2.42e-08, 3.02e+01, 3.02e+01]    [3.08e+03, 4.13e-03, 1.68e-05, 3.02e+01, 3.02e+01]    []  
98000     [2.55e+01, 4.44e-02, 7.44e-06, 3.00e+01, 3.00e+01]    [1.40e+01, 1.63e-03, 2.39e-07, 3.00e+01, 3.00e+01]    []  
99000     [1.11e+01, 1.62e-02, 5.75e-06, 2.91e+01, 2.91e+01]    [7.53e+00, 5.29e-04, 1.60e-06, 2.91e+01, 2.91e+01]    []  
100000    [3.94e+00, 1.01e-02, 3.92e-06, 2.81e+01, 2.81e+01]    [5.23e+00, 5.30e-03, 5.59e-09, 2.81e+01, 2.81e+01]    []  
101000    [5.40e+02, 1.24e-01, 1.03e-06, 4.64e+01, 4.64e+01]    [1.92e+04, 1.67e-01, 1.18e-06, 4.64e+01, 4.64e+01]    []  
102000    [4.16e+02, 4.06e-01, 9.40e-07, 4.48e+01, 4.48e+01]    [2.12e+04, 9.71e-02, 2.76e-08, 4.48e+01, 4.48e+01]    []  
103000    [3.05e+02, 5.44e-01, 1.69e-06, 4.39e+01, 4.39e+01]    [2.20e+04, 5.33e-01, 1.04e-06, 4.39e+01, 4.39e+01]    []  
104000    [2.87e+02, 4.20e-01, 1.52e-06, 4.32e+01, 4.32e+01]    [2.18e+04, 4.54e-01, 4.45e-08, 4.32e+01, 4.32e+01]    []  
105000    [2.71e+02, 4.84e-01, 1.39e-06, 4.25e+01, 4.25e+01]    [1.53e+03, 5.50e-01, 9.49e-08, 4.25e+01, 4.25e+01]    []  
106000    [1.20e+03, 1.55e+00, 2.57e-06, 4.26e+01, 4.26e+01]    [3.45e+03, 5.17e+00, 1.65e-07, 4.26e+01, 4.26e+01]    []  
107000    [4.74e+02, 2.55e+00, 2.95e-06, 4.16e+01, 4.16e+01]    [1.50e+03, 6.87e+00, 3.32e-05, 4.16e+01, 4.16e+01]    []  
108000    [2.31e+02, 3.17e+00, 3.20e-06, 4.09e+01, 4.09e+01]    [1.35e+03, 3.06e+00, 3.83e-08, 4.09e+01, 4.09e+01]    []  
109000    [5.28e+04, 1.62e-01, 7.03e-08, 5.95e+01, 5.95e+01]    [5.85e+04, 1.64e-01, 8.42e-10, 5.95e+01, 5.95e+01]    []  
110000    [4.78e+03, 8.88e-02, 3.03e-09, 5.29e+01, 5.29e+01]    [3.84e+03, 8.77e-02, 9.53e-10, 5.29e+01, 5.29e+01]    []  
111000    [2.40e+03, 1.31e-01, 1.65e-08, 4.97e+01, 4.97e+01]    [2.35e+03, 1.01e-01, 6.32e-09, 4.97e+01, 4.97e+01]    []  
112000    [1.77e+03, 1.29e-01, 2.59e-09, 4.77e+01, 4.77e+01]    [1.80e+03, 9.28e-02, 4.29e-10, 4.77e+01, 4.77e+01]    []  
113000    [1.38e+03, 1.16e-01, 1.02e-09, 4.62e+01, 4.62e+01]    [1.39e+03, 7.82e-02, 7.77e-07, 4.62e+01, 4.62e+01]    []  
114000    [1.06e+03, 9.92e-02, 1.03e-08, 4.50e+01, 4.50e+01]    [1.09e+03, 6.18e-02, 1.51e-07, 4.50e+01, 4.50e+01]    []  
115000    [7.47e+02, 7.51e-02, 4.46e-07, 4.40e+01, 4.40e+01]    [7.63e+02, 4.50e-02, 1.76e-07, 4.40e+01, 4.40e+01]    []  
116000    [4.34e+02, 3.49e-02, 2.86e-07, 4.23e+01, 4.23e+01]    [4.33e+02, 1.25e+00, 1.72e-07, 4.23e+01, 4.23e+01]    []  
117000    [2.04e+02, 5.30e-02, 1.23e-06, 4.23e+01, 4.23e+01]    [1.08e+03, 3.83e-02, 1.17e-10, 4.23e+01, 4.23e+01]    []  
118000    [1.47e+02, 2.27e-02, 5.96e-07, 4.05e+01, 4.05e+01]    [8.48e+02, 1.68e-02, 2.15e-08, 4.05e+01, 4.05e+01]    []  
119000    [1.03e+02, 1.68e-02, 3.30e-07, 3.92e+01, 3.92e+01]    [5.90e+02, 1.15e-02, 2.13e-07, 3.92e+01, 3.92e+01]    []  
120000    [7.13e+01, 1.60e-02, 9.91e-08, 3.79e+01, 3.79e+01]    [4.09e+02, 9.75e-03, 2.95e-10, 3.79e+01, 3.79e+01]    []  
121000    [5.07e+01, 2.45e-02, 8.97e-09, 3.65e+01, 3.65e+01]    [1.02e+02, 8.67e-03, 7.28e-06, 3.65e+01, 3.65e+01]    []  
122000    [3.03e+01, 1.45e-02, 1.01e-08, 3.48e+01, 3.48e+01]    [1.69e+02, 7.69e-03, 4.09e-07, 3.48e+01, 3.48e+01]    []  
123000    [2.04e+01, 9.07e-03, 6.11e-09, 3.27e+01, 3.27e+01]    [1.77e+02, 6.50e-03, 1.50e-08, 3.27e+01, 3.27e+01]    []  
124000    [1.35e+01, 6.09e-03, 4.00e-09, 2.99e+01, 2.99e+01]    [2.40e+02, 5.18e-03, 2.71e-07, 2.99e+01, 2.99e+01]    []  
125000    [8.67e+00, 4.09e-03, 5.26e-07, 2.68e+01, 2.68e+01]    [3.23e+02, 4.19e-03, 3.23e-08, 2.68e+01, 2.68e+01]    []  
126000    [5.47e+00, 3.23e-03, 4.81e-10, 2.34e+01, 2.34e+01]    [1.05e+01, 2.78e-03, 1.03e-06, 2.34e+01, 2.34e+01]    []  
127000    [3.25e+00, 6.14e-03, 2.72e-09, 1.99e+01, 1.99e+01]    [8.43e+00, 3.29e-03, 3.88e-08, 1.99e+01, 1.99e+01]    []  
128000    [2.09e+00, 8.01e-03, 6.42e-09, 1.70e+01, 1.70e+01]    [7.07e+00, 3.57e-03, 7.00e-08, 1.70e+01, 1.70e+01]    []  
129000    [1.36e+00, 8.88e-03, 9.58e-09, 1.45e+01, 1.45e+01]    [5.90e+00, 3.64e-03, 7.80e-08, 1.45e+01, 1.45e+01]    []  
130000    [1.01e+00, 9.26e-03, 6.70e-09, 1.25e+01, 1.25e+01]    [5.50e+00, 3.62e-03, 1.53e-08, 1.25e+01, 1.25e+01]    []  
131000    [3.30e+01, 2.53e-03, 2.64e-05, 1.65e+01, 1.65e+01]    [5.79e+09, 1.08e-01, 2.59e-05, 1.65e+01, 1.65e+01]    []  
132000    [2.23e+01, 1.74e-03, 2.65e-05, 1.53e+01, 1.53e+01]    [5.88e+09, 1.04e-01, 2.76e-05, 1.53e+01, 1.53e+01]    []  
133000    [1.30e+01, 1.44e-03, 3.47e-05, 1.49e+01, 1.49e+01]    [6.00e+09, 1.01e-01, 2.89e-05, 1.49e+01, 1.49e+01]    []  
134000    [9.59e+00, 1.36e-03, 2.88e-05, 1.45e+01, 1.45e+01]    [6.20e+09, 9.88e-02, 3.01e-05, 1.45e+01, 1.45e+01]    []  
135000    [7.20e+00, 1.68e-03, 3.72e-05, 1.41e+01, 1.41e+01]    [1.26e+10, 1.19e-01, 6.04e-06, 1.41e+01, 1.41e+01]    []  
136000    [4.50e+00, 1.08e-02, 5.16e-05, 1.37e+01, 1.37e+01]    [5.36e+08, 5.39e-02, 4.63e-05, 1.37e+01, 1.37e+01]    []  
137000    [3.43e+00, 4.14e-02, 6.50e-05, 1.32e+01, 1.32e+01]    [5.44e+08, 5.25e-02, 4.41e-05, 1.32e+01, 1.32e+01]    []  
138000    [2.69e+00, 4.36e-02, 8.54e-06, 1.27e+01, 1.27e+01]    [5.52e+08, 5.08e-02, 4.23e-05, 1.27e+01, 1.27e+01]    []  
139000    [1.96e+00, 3.86e-02, 3.71e-06, 1.21e+01, 1.21e+01]    [5.35e+08, 4.86e-02, 4.78e-05, 1.21e+01, 1.21e+01]    []  
140000    [1.60e+00, 4.45e-02, 7.62e-12, 1.16e+01, 1.16e+01]    [5.27e+08, 4.71e-02, 5.12e-05, 1.16e+01, 1.16e+01]    []  
141000    [4.79e+00, 4.02e-04, 1.26e-08, 1.83e+01, 1.83e+01]    [2.49e+02, 2.00e-03, 7.26e-07, 1.83e+01, 1.83e+01]    []  
142000    [3.15e+00, 4.04e-04, 3.69e-09, 1.70e+01, 1.70e+01]    [2.67e+02, 1.28e-03, 2.00e-07, 1.70e+01, 1.70e+01]    []  
143000    [1.03e+00, 3.97e-04, 1.38e-09, 1.64e+01, 1.64e+01]    [2.61e+02, 8.94e-04, 2.44e-07, 1.64e+01, 1.64e+01]    []  
144000    [6.67e-01, 3.19e-04, 3.10e-10, 1.61e+01, 1.61e+01]    [9.36e-01, 6.59e-04, 6.69e-09, 1.61e+01, 1.61e+01]    []  
145000    [5.51e-01, 2.99e-04, 2.17e-07, 1.58e+01, 1.58e+01]    [8.25e-01, 5.68e-04, 2.07e-10, 1.58e+01, 1.58e+01]    []  
146000    [5.05e+00, 2.82e-04, 6.33e-08, 1.60e+01, 1.60e+01]    [2.38e+02, 2.92e-04, 4.62e-07, 1.60e+01, 1.60e+01]    []  
147000    [3.04e+00, 2.75e-04, 4.39e-11, 1.57e+01, 1.57e+01]    [2.19e+02, 2.73e-04, 5.21e-11, 1.57e+01, 1.57e+01]    []  
148000    [3.73e+00, 1.62e-03, 2.12e-08, 1.53e+01, 1.53e+01]    [4.60e-01, 1.00e-03, 5.72e-10, 1.53e+01, 1.53e+01]    []  
149000    [1.43e+00, 3.73e-03, 1.93e-08, 1.50e+01, 1.50e+01]    [3.99e-01, 1.66e-03, 1.71e-07, 1.50e+01, 1.50e+01]    []  
150000    [7.41e-01, 6.38e-04, 2.15e-09, 1.44e+01, 1.44e+01]    [4.21e-01, 1.97e-03, 2.74e-08, 1.44e+01, 1.44e+01]    []  
151000    [9.20e+02, 1.30e+00, 3.58e-10, 3.96e+01, 3.96e+01]    [9.56e+02, 1.17e+00, 2.39e-10, 3.96e+01, 3.96e+01]    []  
152000    [1.62e+02, 8.60e+00, 3.19e-10, 3.40e+01, 3.40e+01]    [1.71e+02, 7.99e+00, 2.19e-11, 3.40e+01, 3.40e+01]    []  
153000    [7.18e+01, 1.30e+01, 1.26e-10, 3.06e+01, 3.06e+01]    [7.52e+01, 1.24e+01, 2.51e-11, 3.06e+01, 3.06e+01]    []  
154000    [5.06e+01, 8.54e+00, 1.48e-10, 2.77e+01, 2.77e+01]    [5.34e+01, 8.26e+00, 2.88e-11, 2.77e+01, 2.77e+01]    []  
155000    [3.53e+01, 4.28e+00, 1.72e-10, 2.53e+01, 2.53e+01]    [3.82e+01, 4.10e+00, 3.57e-11, 2.53e+01, 2.53e+01]    []  
156000    [1.93e+01, 1.56e+00, 9.35e-10, 2.37e+01, 2.37e+01]    [2.23e+01, 1.50e+00, 4.60e-11, 2.37e+01, 2.37e+01]    []  
157000    [8.67e+00, 7.01e-01, 1.37e-09, 2.24e+01, 2.24e+01]    [1.17e+01, 6.85e-01, 1.21e-10, 2.24e+01, 2.24e+01]    []  
158000    [5.10e+00, 5.88e-01, 4.40e-10, 2.13e+01, 2.13e+01]    [7.88e+00, 5.58e-01, 2.99e-08, 2.13e+01, 2.13e+01]    []  
159000    [3.94e+00, 5.61e-01, 2.34e-10, 1.98e+01, 1.98e+01]    [6.23e+00, 5.40e-01, 1.61e-07, 1.98e+01, 1.98e+01]    []  
160000    [3.05e+00, 5.49e-01, 2.05e-10, 1.87e+01, 1.87e+01]    [4.86e+00, 5.43e-01, 1.36e-11, 1.87e+01, 1.87e+01]    []  
161000    [1.90e+00, 5.21e-01, 1.34e-08, 1.76e+01, 1.76e+01]    [2.96e+00, 5.68e-01, 5.09e-11, 1.76e+01, 1.76e+01]    []  
162000    [1.37e+00, 5.33e-01, 5.48e-09, 1.64e+01, 1.64e+01]    [2.17e+00, 5.33e-01, 1.37e-08, 1.64e+01, 1.64e+01]    []  
163000    [9.71e-01, 5.56e-01, 1.16e-10, 1.51e+01, 1.51e+01]    [1.62e+00, 5.53e-01, 3.71e-10, 1.51e+01, 1.51e+01]    []  
164000    [7.25e-01, 5.93e-01, 1.55e-10, 1.37e+01, 1.37e+01]    [1.22e+00, 5.92e-01, 1.19e-09, 1.37e+01, 1.37e+01]    []  
165000    [5.43e-01, 6.14e-01, 4.11e-11, 1.21e+01, 1.21e+01]    [9.96e-01, 7.07e-01, 8.48e-08, 1.21e+01, 1.21e+01]    []  
166000    [4.11e-01, 5.99e-01, 3.03e-11, 1.06e+01, 1.06e+01]    [7.99e-01, 6.95e-01, 5.60e-08, 1.06e+01, 1.06e+01]    []  
167000    [3.30e-01, 5.57e-01, 1.92e-09, 9.04e+00, 9.04e+00]    [6.56e-01, 9.23e-01, 1.08e-07, 9.04e+00, 9.04e+00]    []  
168000    [2.63e-01, 5.09e-01, 3.50e-10, 7.42e+00, 7.42e+00]    [5.25e-01, 1.83e+00, 2.97e-08, 7.42e+00, 7.42e+00]    []  
169000    [1.96e-01, 4.59e-01, 4.70e-11, 5.80e+00, 5.80e+00]    [4.16e-01, 4.86e-01, 1.98e-10, 5.80e+00, 5.80e+00]    []  
170000    [1.41e-01, 4.08e-01, 4.79e-11, 4.26e+00, 4.26e+00]    [3.26e-01, 4.04e-01, 4.14e-10, 4.26e+00, 4.26e+00]    []  
171000    [1.58e-01, 3.83e-01, 1.08e-11, 3.78e+00, 3.78e+00]    [1.97e-01, 3.83e-01, 2.50e-12, 3.78e+00, 3.78e+00]    []  
172000    [9.48e-02, 3.76e-01, 3.22e-12, 2.98e+00, 2.98e+00]    [1.28e-01, 3.75e-01, 3.19e-12, 2.98e+00, 2.98e+00]    []  
173000    [7.08e-02, 3.64e-01, 3.15e-11, 2.31e+00, 2.31e+00]    [9.58e-02, 3.63e-01, 2.55e-12, 2.31e+00, 2.31e+00]    []  
174000    [4.75e-02, 3.46e-01, 2.41e-07, 1.93e+00, 1.93e+00]    [6.92e-02, 3.45e-01, 1.28e-12, 1.93e+00, 1.93e+00]    []  
175000    [3.49e-02, 3.24e-01, 1.29e-07, 1.71e+00, 1.71e+00]    [5.54e-02, 3.23e-01, 1.55e-12, 1.71e+00, 1.71e+00]    []  
176000    [2.82e-02, 3.03e-01, 1.11e-08, 1.49e+00, 1.49e+00]    [4.63e-02, 3.02e-01, 1.76e-13, 1.49e+00, 1.49e+00]    []  
177000    [2.61e-02, 2.84e-01, 2.46e-10, 1.40e+00, 1.40e+00]    [4.16e-02, 2.84e-01, 7.01e-11, 1.40e+00, 1.40e+00]    []  
178000    [1.53e-02, 2.81e-01, 9.73e-11, 1.26e+00, 1.26e+00]    [2.63e-02, 2.81e-01, 1.56e-08, 1.26e+00, 1.26e+00]    []  
179000    [1.13e-02, 2.76e-01, 2.23e-10, 1.17e+00, 1.17e+00]    [1.94e-02, 2.76e-01, 6.49e-11, 1.17e+00, 1.17e+00]    []  
180000    [1.58e-02, 2.68e-01, 9.51e-12, 1.09e+00, 1.09e+00]    [2.30e-02, 2.68e-01, 4.14e-11, 1.09e+00, 1.09e+00]    []  
181000    [5.95e-03, 2.70e-01, 3.00e-09, 1.02e+00, 1.02e+00]    [1.42e-02, 2.70e-01, 1.73e-12, 1.02e+00, 1.02e+00]    []  
182000    [5.83e-03, 2.66e-01, 9.62e-09, 9.57e-01, 9.57e-01]    [1.32e-02, 2.66e-01, 1.17e-12, 9.57e-01, 9.57e-01]    []  
183000    [4.10e-03, 2.65e-01, 1.19e-08, 9.06e-01, 9.06e-01]    [9.98e-03, 2.65e-01, 6.91e-13, 9.06e-01, 9.06e-01]    []  
184000    [4.69e-03, 2.62e-01, 8.71e-09, 8.48e-01, 8.48e-01]    [1.15e-02, 2.62e-01, 7.03e-13, 8.48e-01, 8.48e-01]    []  
185000    [4.27e-03, 2.61e-01, 1.45e-08, 8.02e-01, 8.02e-01]    [9.95e-03, 2.61e-01, 5.92e-13, 8.02e-01, 8.02e-01]    []  
186000    [5.15e-03, 2.58e-01, 1.85e-10, 7.59e-01, 7.59e-01]    [1.06e-02, 2.58e-01, 2.63e-13, 7.59e-01, 7.59e-01]    []  
187000    [3.04e-03, 2.59e-01, 9.49e-11, 7.21e-01, 7.21e-01]    [8.22e-03, 2.58e-01, 1.98e-13, 7.21e-01, 7.21e-01]    []  
188000    [3.36e-03, 2.57e-01, 6.93e-11, 6.88e-01, 6.88e-01]    [7.93e-03, 2.57e-01, 1.82e-12, 6.88e-01, 6.88e-01]    []  
189000    [2.20e-03, 2.57e-01, 7.80e-11, 6.63e-01, 6.63e-01]    [6.33e-03, 2.57e-01, 3.29e-13, 6.63e-01, 6.63e-01]    []  
190000    [2.82e-03, 2.55e-01, 4.68e-11, 6.33e-01, 6.33e-01]    [6.87e-03, 2.55e-01, 1.27e-09, 6.33e-01, 6.33e-01]    []  
191000    [3.19e-03, 2.54e-01, 6.71e-12, 6.08e-01, 6.08e-01]    [5.82e-03, 2.54e-01, 6.26e-14, 6.08e-01, 6.08e-01]    []  
192000    [1.89e-02, 2.66e-01, 6.06e-12, 6.06e-01, 6.06e-01]    [2.06e-02, 2.66e-01, 9.73e-14, 6.06e-01, 6.06e-01]    []  
193000    [3.17e-03, 2.52e-01, 5.75e-12, 5.63e-01, 5.63e-01]    [5.26e-03, 2.52e-01, 1.52e-13, 5.63e-01, 5.63e-01]    []  
194000    [9.30e-03, 2.48e-01, 2.51e-12, 5.97e-01, 5.97e-01]    [1.10e-02, 2.48e-01, 5.23e-13, 5.97e-01, 5.97e-01]    []  
195000    [1.99e-03, 2.52e-01, 4.06e-12, 5.25e-01, 5.25e-01]    [3.43e-03, 2.52e-01, 1.05e-11, 5.25e-01, 5.25e-01]    []  
196000    [2.52e-03, 2.50e-01, 3.04e-12, 5.04e-01, 5.04e-01]    [3.81e-03, 2.50e-01, 9.11e-12, 5.04e-01, 5.04e-01]    []  
197000    [1.21e-03, 2.52e-01, 1.72e-09, 4.87e-01, 4.87e-01]    [3.14e-03, 2.52e-01, 6.21e-12, 4.87e-01, 4.87e-01]    []  
198000    [1.27e-03, 2.53e-01, 4.91e-10, 4.71e-01, 4.71e-01]    [2.43e-03, 2.53e-01, 9.40e-14, 4.71e-01, 4.71e-01]    []  
199000    [2.73e-02, 2.40e-01, 1.84e-09, 5.91e-01, 5.91e-01]    [2.93e-02, 2.40e-01, 3.94e-14, 5.91e-01, 5.91e-01]    []  
200000    [7.24e-03, 2.57e-01, 3.23e-11, 5.25e-01, 5.25e-01]    [8.58e-03, 2.56e-01, 5.36e-14, 5.25e-01, 5.25e-01]    []  
201000    [2.50e-03, 2.48e-01, 1.34e-13, 4.21e-01, 4.21e-01]    [3.38e-03, 2.48e-01, 5.39e-13, 4.21e-01, 4.21e-01]    []  
202000    [2.60e-03, 2.47e-01, 8.05e-13, 4.07e-01, 4.07e-01]    [3.75e-03, 2.47e-01, 7.30e-16, 4.07e-01, 4.07e-01]    []  
203000    [4.82e-03, 2.54e-01, 3.39e-12, 8.07e-01, 8.07e-01]    [6.89e-03, 2.54e-01, 9.01e-16, 8.07e-01, 8.07e-01]    []  
204000    [3.89e-03, 2.46e-01, 2.04e-13, 3.85e-01, 3.85e-01]    [5.76e-03, 2.46e-01, 3.43e-11, 3.85e-01, 3.85e-01]    []  
205000    [2.04e-02, 2.40e-01, 3.19e-14, 3.71e-01, 3.71e-01]    [2.21e-02, 2.40e-01, 3.87e-11, 3.71e-01, 3.71e-01]    []  
206000    [2.83e-03, 2.45e-01, 4.43e-15, 3.66e-01, 3.66e-01]    [5.54e-03, 2.46e-01, 3.01e-11, 3.66e-01, 3.66e-01]    []  
207000    [7.01e-04, 2.48e-01, 7.76e-14, 3.46e-01, 3.46e-01]    [4.12e-03, 2.48e-01, 4.11e-11, 3.46e-01, 3.46e-01]    []  
208000    [2.03e-02, 2.58e-01, 8.07e-14, 3.59e-01, 3.59e-01]    [2.50e-02, 2.58e-01, 1.25e-08, 3.59e-01, 3.59e-01]    []  
209000    [7.53e-04, 2.49e-01, 5.13e-13, 3.47e-01, 3.47e-01]    [4.81e-03, 2.49e-01, 2.13e-09, 3.47e-01, 3.47e-01]    []  
210000    [1.79e-03, 2.45e-01, 9.35e-12, 3.18e-01, 3.18e-01]    [5.57e-03, 2.45e-01, 3.07e-11, 3.18e-01, 3.18e-01]    []  
211000    [1.95e-03, 2.45e-01, 4.71e-10, 3.09e-01, 3.09e-01]    [2.12e-03, 2.45e-01, 2.76e-14, 3.09e-01, 3.09e-01]    []  
212000    [4.14e-03, 2.43e-01, 1.48e-10, 4.10e-01, 4.10e-01]    [4.37e-03, 2.43e-01, 3.40e-12, 4.10e-01, 4.10e-01]    []  
213000    [7.97e-04, 2.46e-01, 1.37e-10, 2.97e-01, 2.97e-01]    [1.03e-03, 2.46e-01, 1.66e-12, 2.97e-01, 2.97e-01]    []  
214000    [4.93e-03, 2.51e-01, 1.13e-10, 3.10e-01, 3.10e-01]    [5.06e-03, 2.51e-01, 3.20e-12, 3.10e-01, 3.10e-01]    []  
215000    [9.30e-03, 2.40e-01, 7.09e-10, 2.84e-01, 2.84e-01]    [9.70e-03, 2.40e-01, 2.52e-12, 2.84e-01, 2.84e-01]    []  
216000    [1.35e-03, 2.44e-01, 6.63e-10, 2.73e-01, 2.73e-01]    [1.69e-03, 2.44e-01, 2.52e-12, 2.73e-01, 2.73e-01]    []  
217000    [1.74e-03, 2.44e-01, 1.37e-10, 2.67e-01, 2.67e-01]    [2.09e-03, 2.44e-01, 2.23e-12, 2.67e-01, 2.67e-01]    []  
218000    [7.37e-04, 2.45e-01, 1.73e-10, 2.61e-01, 2.61e-01]    [1.06e-03, 2.45e-01, 3.13e-12, 2.61e-01, 2.61e-01]    []  
219000    [1.72e-03, 2.43e-01, 2.13e-10, 2.55e-01, 2.55e-01]    [2.08e-03, 2.43e-01, 2.25e-12, 2.55e-01, 2.55e-01]    []  
220000    [9.42e-04, 2.44e-01, 2.52e-10, 2.49e-01, 2.49e-01]    [1.35e-03, 2.44e-01, 3.82e-12, 2.49e-01, 2.49e-01]    []  
221000    [1.71e-02, 2.37e-01, 2.27e-12, 3.21e-01, 3.21e-01]    [1.82e-02, 2.37e-01, 1.55e-12, 3.21e-01, 3.21e-01]    []  
222000    [2.11e-03, 2.48e-01, 1.40e-11, 2.73e-01, 2.73e-01]    [3.30e-03, 2.48e-01, 1.88e-13, 2.73e-01, 2.73e-01]    []  
223000    [8.04e-04, 2.44e-01, 7.82e-11, 2.33e-01, 2.33e-01]    [2.35e-03, 2.44e-01, 1.63e-12, 2.33e-01, 2.33e-01]    []  
224000    [7.59e-04, 2.46e-01, 1.74e-10, 2.42e-01, 2.42e-01]    [2.55e-03, 2.46e-01, 1.67e-12, 2.42e-01, 2.42e-01]    []  
225000    [6.05e-03, 2.40e-01, 1.13e-10, 2.40e-01, 2.40e-01]    [8.37e-03, 2.40e-01, 1.84e-12, 2.40e-01, 2.40e-01]    []  
226000    [5.19e-04, 2.45e-01, 2.38e-10, 2.19e-01, 2.19e-01]    [2.96e-03, 2.45e-01, 2.22e-12, 2.19e-01, 2.19e-01]    []  
227000    [3.27e-03, 2.41e-01, 3.47e-10, 2.14e-01, 2.14e-01]    [6.29e-03, 2.41e-01, 1.97e-12, 2.14e-01, 2.14e-01]    []  
228000    [1.44e-03, 2.42e-01, 3.38e-10, 2.09e-01, 2.09e-01]    [4.81e-03, 2.42e-01, 1.60e-12, 2.09e-01, 2.09e-01]    []  
229000    [1.36e-03, 2.42e-01, 3.35e-10, 2.05e-01, 2.05e-01]    [5.20e-03, 2.42e-01, 1.33e-12, 2.05e-01, 2.05e-01]    []  
230000    [1.45e-03, 2.42e-01, 2.96e-10, 2.01e-01, 2.01e-01]    [5.84e-03, 2.42e-01, 1.18e-12, 2.01e-01, 2.01e-01]    []  
231000    [1.28e-03, 2.42e-01, 1.08e-12, 1.97e-01, 1.97e-01]    [1.75e-03, 2.42e-01, 9.72e-13, 1.97e-01, 1.97e-01]    []  
232000    [1.11e-03, 2.45e-01, 7.40e-14, 2.69e-01, 2.69e-01]    [1.70e-03, 2.45e-01, 5.88e-13, 2.69e-01, 2.69e-01]    []  
233000    [5.49e-04, 2.45e-01, 1.84e-08, 2.13e-01, 2.13e-01]    [1.18e-03, 2.45e-01, 2.29e-14, 2.13e-01, 2.13e-01]    []  
234000    [1.23e-03, 2.42e-01, 7.13e-10, 1.87e-01, 1.87e-01]    [1.91e-03, 2.42e-01, 1.80e-14, 1.87e-01, 1.87e-01]    []  
235000    [1.17e-03, 2.42e-01, 2.32e-10, 1.83e-01, 1.83e-01]    [1.98e-03, 2.42e-01, 1.24e-14, 1.83e-01, 1.83e-01]    []  
236000    [2.34e-02, 2.34e-01, 2.41e-11, 3.51e-01, 3.51e-01]    [2.42e-02, 2.34e-01, 1.65e-13, 3.51e-01, 3.51e-01]    []  
237000    [1.20e-03, 2.41e-01, 1.03e-10, 1.77e-01, 1.77e-01]    [2.34e-03, 2.41e-01, 5.37e-15, 1.77e-01, 1.77e-01]    []  
238000    [3.18e-03, 2.40e-01, 1.68e-09, 1.74e-01, 1.74e-01]    [4.31e-03, 2.40e-01, 2.04e-13, 1.74e-01, 1.74e-01]    []  
239000    [2.33e-04, 2.43e-01, 4.92e-09, 1.78e-01, 1.78e-01]    [1.51e-03, 2.43e-01, 1.13e-13, 1.78e-01, 1.78e-01]    []  
240000    [1.05e-02, 2.37e-01, 3.11e-09, 2.03e-01, 2.03e-01]    [1.18e-02, 2.37e-01, 1.37e-13, 2.03e-01, 2.03e-01]    []  
241000    [7.52e-04, 2.42e-01, 1.02e-14, 1.66e-01, 1.66e-01]    [1.43e-03, 2.42e-01, 1.22e-12, 1.66e-01, 1.66e-01]    []  
242000    [1.62e-02, 2.51e-01, 2.28e-14, 1.98e-01, 1.98e-01]    [1.70e-02, 2.51e-01, 1.43e-13, 1.98e-01, 1.98e-01]    []  
243000    [2.56e-03, 2.40e-01, 3.78e-14, 1.63e-01, 1.63e-01]    [3.00e-03, 2.40e-01, 1.87e-13, 1.63e-01, 1.63e-01]    []  
244000    [1.21e-03, 2.41e-01, 8.57e-14, 1.58e-01, 1.58e-01]    [1.65e-03, 2.41e-01, 5.44e-14, 1.58e-01, 1.58e-01]    []  
245000    [2.75e-03, 2.40e-01, 5.10e-14, 1.55e-01, 1.55e-01]    [3.09e-03, 2.40e-01, 7.02e-13, 1.55e-01, 1.55e-01]    []  
246000    [1.05e-03, 2.41e-01, 5.53e-14, 1.53e-01, 1.53e-01]    [2.53e-03, 2.41e-01, 3.96e-13, 1.53e-01, 1.53e-01]    []  
247000    [4.01e-04, 2.42e-01, 2.20e-13, 1.51e-01, 1.51e-01]    [1.37e-03, 2.42e-01, 4.68e-14, 1.51e-01, 1.51e-01]    []  
248000    [4.53e-02, 2.30e-01, 3.72e-14, 2.09e-01, 2.09e-01]    [4.56e-02, 2.30e-01, 3.95e-13, 2.09e-01, 2.09e-01]    []  
249000    [1.72e-03, 2.40e-01, 2.34e-12, 1.47e-01, 1.47e-01]    [2.39e-03, 2.40e-01, 1.45e-13, 1.47e-01, 1.47e-01]    []  
250000    [7.83e-02, 2.26e-01, 1.41e-09, 1.72e-01, 1.72e-01]    [7.83e-02, 2.26e-01, 6.44e-14, 1.72e-01, 1.72e-01]    []  
251000    [5.35e-02, 2.29e-01, 4.37e-15, 3.23e-01, 3.23e-01]    [5.97e-02, 2.29e-01, 1.25e-16, 3.23e-01, 3.23e-01]    []  
252000    [6.01e-03, 2.38e-01, 3.72e-15, 1.49e-01, 1.49e-01]    [1.32e-02, 2.38e-01, 2.47e-13, 1.49e-01, 1.49e-01]    []  
253000    [1.57e-03, 2.40e-01, 1.23e-13, 1.39e-01, 1.39e-01]    [8.98e-03, 2.40e-01, 2.48e-15, 1.39e-01, 1.39e-01]    []  
254000    [1.05e-03, 2.40e-01, 3.22e-15, 1.36e-01, 1.36e-01]    [8.28e-03, 2.40e-01, 1.02e-17, 1.36e-01, 1.36e-01]    []  
255000    [3.24e-02, 2.53e-01, 3.87e-15, 1.84e-01, 1.84e-01]    [4.04e-02, 2.53e-01, 4.44e-14, 1.84e-01, 1.84e-01]    []  
256000    [2.59e-03, 2.39e-01, 2.11e-11, 1.54e-01, 1.54e-01]    [9.27e-03, 2.39e-01, 6.46e-18, 1.54e-01, 1.54e-01]    []  
257000    [2.12e-03, 2.39e-01, 5.04e-15, 1.31e-01, 1.31e-01]    [8.59e-03, 2.39e-01, 8.42e-18, 1.31e-01, 1.31e-01]    []  
258000    [1.34e-03, 2.40e-01, 2.50e-14, 1.29e-01, 1.29e-01]    [7.54e-03, 2.40e-01, 3.36e-18, 1.29e-01, 1.29e-01]    []  
259000    [5.91e-04, 2.41e-01, 1.87e-15, 1.28e-01, 1.28e-01]    [6.55e-03, 2.41e-01, 1.37e-14, 1.28e-01, 1.28e-01]    []  
260000    [1.26e-03, 2.40e-01, 4.76e-15, 1.26e-01, 1.26e-01]    [6.98e-03, 2.40e-01, 2.32e-12, 1.26e-01, 1.26e-01]    []  
261000    [1.23e-02, 2.35e-01, 4.26e-13, 1.27e-01, 1.27e-01]    [1.26e-02, 2.35e-01, 2.01e-17, 1.27e-01, 1.27e-01]    []  
262000    [2.30e-03, 2.39e-01, 2.57e-13, 1.54e-01, 1.54e-01]    [2.53e-03, 2.39e-01, 2.00e-15, 1.54e-01, 1.54e-01]    []  
263000    [5.18e-02, 2.28e-01, 3.49e-13, 1.49e-01, 1.49e-01]    [5.20e-02, 2.28e-01, 5.74e-17, 1.49e-01, 1.49e-01]    []  
264000    [4.59e-03, 2.38e-01, 2.94e-13, 1.20e-01, 1.20e-01]    [4.86e-03, 2.38e-01, 4.70e-17, 1.20e-01, 1.20e-01]    []  
265000    [8.49e-04, 2.40e-01, 1.91e-12, 1.18e-01, 1.18e-01]    [1.22e-03, 2.40e-01, 1.90e-17, 1.18e-01, 1.18e-01]    []  
266000    [2.95e-02, 2.31e-01, 1.41e-13, 1.24e-01, 1.24e-01]    [2.97e-02, 2.31e-01, 2.87e-11, 1.24e-01, 1.24e-01]    []  
267000    [9.72e-04, 2.40e-01, 1.04e-13, 1.15e-01, 1.15e-01]    [1.31e-03, 2.40e-01, 8.18e-12, 1.15e-01, 1.15e-01]    []  
268000    [1.81e-02, 2.34e-01, 1.41e-12, 1.71e-01, 1.71e-01]    [1.82e-02, 2.34e-01, 4.29e-12, 1.71e-01, 1.71e-01]    []  
269000    [4.21e-03, 2.45e-01, 6.46e-08, 1.83e-01, 1.83e-01]    [4.64e-03, 2.45e-01, 7.48e-13, 1.83e-01, 1.83e-01]    []  
270000    [2.45e-04, 2.42e-01, 5.70e-08, 1.19e-01, 1.19e-01]    [6.70e-04, 2.42e-01, 3.71e-14, 1.19e-01, 1.19e-01]    []  
271000    [3.68e-03, 2.39e-01, 1.19e-12, 1.43e-01, 1.43e-01]    [7.94e-03, 2.39e-01, 2.47e-11, 1.43e-01, 1.43e-01]    []  
272000    [2.15e-03, 2.39e-01, 5.53e-13, 1.25e-01, 1.25e-01]    [7.93e-03, 2.39e-01, 5.59e-12, 1.25e-01, 1.25e-01]    []  
273000    [1.58e-03, 2.39e-01, 1.88e-13, 1.19e-01, 1.19e-01]    [6.93e-03, 2.39e-01, 1.02e-13, 1.19e-01, 1.19e-01]    []  
274000    [2.23e-02, 2.33e-01, 3.76e-14, 1.22e-01, 1.22e-01]    [2.77e-02, 2.32e-01, 1.04e-10, 1.22e-01, 1.22e-01]    []  
275000    [2.14e-03, 2.39e-01, 1.11e-12, 1.14e-01, 1.14e-01]    [7.62e-03, 2.39e-01, 3.48e-09, 1.14e-01, 1.14e-01]    []  
276000    [7.45e-03, 2.36e-01, 1.26e-14, 2.64e-01, 2.64e-01]    [1.30e-02, 2.36e-01, 4.60e-12, 2.64e-01, 2.64e-01]    []  
277000    [5.71e-03, 2.37e-01, 7.74e-13, 1.29e-01, 1.29e-01]    [1.11e-02, 2.37e-01, 1.27e-13, 1.29e-01, 1.29e-01]    []  
278000    [9.66e-04, 2.39e-01, 8.49e-13, 1.07e-01, 1.07e-01]    [6.38e-03, 2.39e-01, 7.66e-14, 1.07e-01, 1.07e-01]    []  
279000    [4.34e-03, 2.45e-01, 8.53e-13, 2.46e-01, 2.46e-01]    [9.58e-03, 2.44e-01, 2.39e-13, 2.46e-01, 2.46e-01]    []  
280000    [1.14e-02, 2.35e-01, 1.50e-12, 1.49e-01, 1.49e-01]    [1.72e-02, 2.35e-01, 2.57e-13, 1.49e-01, 1.49e-01]    []  
281000    [8.09e-04, 2.39e-01, 4.48e-12, 1.06e-01, 1.06e-01]    [5.84e-03, 2.39e-01, 9.75e-15, 1.06e-01, 1.06e-01]    []  
282000    [1.65e-03, 2.39e-01, 4.56e-12, 1.04e-01, 1.04e-01]    [6.60e-03, 2.39e-01, 1.60e-15, 1.04e-01, 1.04e-01]    []  
283000    [9.82e-03, 2.35e-01, 3.43e-12, 1.01e-01, 1.01e-01]    [1.46e-02, 2.35e-01, 2.69e-11, 1.01e-01, 1.01e-01]    []  
284000    [1.10e-03, 2.39e-01, 2.88e-12, 9.87e-02, 9.87e-02]    [5.70e-03, 2.39e-01, 2.27e-12, 9.87e-02, 9.87e-02]    []  
285000    [5.99e-03, 2.36e-01, 1.43e-12, 9.78e-02, 9.78e-02]    [1.04e-02, 2.36e-01, 1.70e-12, 9.78e-02, 9.78e-02]    []  
286000    [1.36e-04, 2.40e-01, 1.78e-12, 1.08e-01, 1.08e-01]    [4.36e-03, 2.40e-01, 1.77e-13, 1.08e-01, 1.08e-01]    []  
287000    [8.32e-04, 2.39e-01, 1.54e-12, 9.54e-02, 9.54e-02]    [4.89e-03, 2.39e-01, 3.13e-13, 9.54e-02, 9.54e-02]    []  
288000    [1.27e-03, 2.39e-01, 1.01e-12, 9.43e-02, 9.43e-02]    [5.18e-03, 2.39e-01, 8.76e-13, 9.43e-02, 9.43e-02]    []  
289000    [4.51e-04, 2.39e-01, 1.28e-12, 1.04e-01, 1.04e-01]    [4.26e-03, 2.40e-01, 1.50e-13, 1.04e-01, 1.04e-01]    []  
290000    [2.20e-03, 2.38e-01, 8.41e-13, 9.21e-02, 9.21e-02]    [5.90e-03, 2.38e-01, 4.35e-13, 9.21e-02, 9.21e-02]    []  
291000    [1.05e-03, 2.39e-01, 5.32e-12, 9.11e-02, 9.11e-02]    [1.35e-03, 2.39e-01, 8.91e-12, 9.11e-02, 9.11e-02]    []  
292000    [1.53e-03, 2.38e-01, 2.48e-12, 9.09e-02, 9.09e-02]    [1.86e-03, 2.38e-01, 4.58e-12, 9.09e-02, 9.09e-02]    []  
293000    [2.26e-04, 2.40e-01, 7.72e-12, 9.01e-02, 9.01e-02]    [8.43e-04, 2.40e-01, 1.94e-12, 9.01e-02, 9.01e-02]    []  
294000    [2.38e-02, 2.32e-01, 1.88e-12, 1.73e-01, 1.73e-01]    [2.42e-02, 2.32e-01, 1.78e-12, 1.73e-01, 1.73e-01]    []  
295000    [7.36e-04, 2.39e-01, 6.45e-12, 8.72e-02, 8.72e-02]    [1.42e-03, 2.39e-01, 8.76e-13, 8.72e-02, 8.72e-02]    []  
296000    [2.00e-03, 2.38e-01, 6.01e-12, 8.63e-02, 8.63e-02]    [2.61e-03, 2.38e-01, 7.03e-14, 8.63e-02, 8.63e-02]    []  
297000    [2.77e-03, 2.37e-01, 2.63e-13, 9.08e-02, 9.08e-02]    [3.37e-03, 2.37e-01, 7.08e-12, 9.08e-02, 9.08e-02]    []  
298000    [2.30e-03, 2.38e-01, 2.70e-12, 8.45e-02, 8.45e-02]    [2.93e-03, 2.38e-01, 1.38e-11, 8.45e-02, 8.45e-02]    []  
299000    [1.55e-03, 2.38e-01, 5.29e-14, 8.40e-02, 8.40e-02]    [2.55e-03, 2.38e-01, 2.62e-08, 8.40e-02, 8.40e-02]    []  
300000    [2.41e-03, 2.38e-01, 4.24e-12, 8.28e-02, 8.28e-02]    [3.55e-03, 2.38e-01, 1.61e-11, 8.28e-02, 8.28e-02]    []  
301000    [6.91e-03, 2.36e-01, 3.17e-13, 1.01e-01, 1.01e-01]    [7.26e-03, 2.36e-01, 3.75e-12, 1.01e-01, 1.01e-01]    []  
302000    [6.05e-03, 2.36e-01, 3.02e-13, 8.43e-02, 8.43e-02]    [6.43e-03, 2.36e-01, 8.46e-14, 8.43e-02, 8.43e-02]    []  
303000    [4.86e-04, 2.39e-01, 4.29e-13, 8.12e-02, 8.12e-02]    [7.06e-04, 2.39e-01, 1.22e-12, 8.12e-02, 8.12e-02]    []  
304000    [6.52e-02, 2.55e-01, 2.94e-13, 1.69e-01, 1.69e-01]    [6.54e-02, 2.55e-01, 8.70e-13, 1.69e-01, 1.69e-01]    []  
305000    [5.80e-04, 2.39e-01, 3.96e-13, 7.83e-02, 7.83e-02]    [7.52e-04, 2.39e-01, 2.56e-13, 7.83e-02, 7.83e-02]    []  
306000    [5.39e-04, 2.39e-01, 4.31e-13, 7.75e-02, 7.75e-02]    [9.31e-04, 2.39e-01, 2.14e-13, 7.75e-02, 7.75e-02]    []  
307000    [6.67e-03, 2.36e-01, 3.45e-13, 2.50e-01, 2.50e-01]    [7.08e-03, 2.36e-01, 2.88e-11, 2.50e-01, 2.50e-01]    []  
308000    [8.48e-05, 2.40e-01, 1.47e-12, 7.61e-02, 7.61e-02]    [4.85e-04, 2.40e-01, 2.14e-13, 7.61e-02, 7.61e-02]    []  
309000    [1.83e-03, 2.43e-01, 4.13e-13, 1.06e-01, 1.06e-01]    [2.20e-03, 2.43e-01, 1.04e-11, 1.06e-01, 1.06e-01]    []  
310000    [2.37e-02, 2.32e-01, 4.67e-13, 7.53e-02, 7.53e-02]    [2.46e-02, 2.32e-01, 5.72e-10, 7.53e-02, 7.53e-02]    []  

Best model at step 308000:
  train loss: 3.92e-01
  test loss: 3.93e-01
  test metric: []

Epoch 310000: saving model to /itf-fi-ml/home/adamjak/heart/MSc/deepxDE/models/heart_model_128x6_tanh_Glorot normal_mini_2norm_domain3k_rs10k-310000.pt ...

'train' took 77486.676019 s

Saving loss history to /itf-fi-ml/home/adamjak/heart/MSc/deepxDE/loss.dat ...
Saving training data to /itf-fi-ml/home/adamjak/heart/MSc/deepxDE/train.dat ...
Saving test data to /itf-fi-ml/home/adamjak/heart/MSc/deepxDE/test.dat ...
