Using backend: pytorch
Other supported backends: tensorflow.compat.v1, tensorflow, jax, paddle.
paddle supports more examples now and is recommended.
2023-10-10 15:36:54,411 [INFO]: Experiment started.
2023-10-10 15:36:54,412 [INFO]: Configuration: {'TRAINING': {'n_neurons': 128, 'n_layers': 6, 'activation': 'tanh', 'initializer': 'Glorot normal', 'lr_phase1': 0.0008, 'lr_phase2': 0.0008, 'epochs_phase1': 15000, 'epochs_phase2': 150000, 'weights1': [0, 0, 0, 1, 1], 'weights2': [1, 1, 1, 1, 1]}, 'DATA': {'test_size': 0.8, 'num_domain': 70000, 'num_boundary': 2500, 'resampling_period': 50000, 'xy_slice': 2, 't_slice': 2}, 'path_directory': './experiments/2023-10-10 15:36_128x6_tanh_Glorot normal_numdom70000_rs50000'}
Set the default float type to float32
Device ID: 2, Free Memory: 29930.0 MB
self.triangles shape: (141944, 3)
Compiling model...
'compile' took 0.000126 s

Training model...

Step      Train loss                                            Test loss                                             Test metric
0         [0.00e+00, 0.00e+00, 0.00e+00, 3.63e+03, 3.63e+03]    [0.00e+00, 0.00e+00, 0.00e+00, 3.63e+03, 3.63e+03]    []  
1000      [0.00e+00, 0.00e+00, 0.00e+00, 2.09e+03, 2.09e+03]    [0.00e+00, 0.00e+00, 0.00e+00, 2.09e+03, 2.09e+03]    []  
2000      [0.00e+00, 0.00e+00, 0.00e+00, 2.09e+03, 2.09e+03]    [0.00e+00, 0.00e+00, 0.00e+00, 2.09e+03, 2.09e+03]    []  
3000      [0.00e+00, 0.00e+00, 0.00e+00, 1.89e+02, 1.89e+02]    [0.00e+00, 0.00e+00, 0.00e+00, 1.89e+02, 1.89e+02]    []  
4000      [0.00e+00, 0.00e+00, 0.00e+00, 1.25e+01, 1.25e+01]    [0.00e+00, 0.00e+00, 0.00e+00, 1.25e+01, 1.25e+01]    []  
5000      [0.00e+00, 0.00e+00, 0.00e+00, 8.40e+00, 8.40e+00]    [0.00e+00, 0.00e+00, 0.00e+00, 8.40e+00, 8.40e+00]    []  
6000      [0.00e+00, 0.00e+00, 0.00e+00, 6.30e+00, 6.30e+00]    [0.00e+00, 0.00e+00, 0.00e+00, 6.30e+00, 6.30e+00]    []  
7000      [0.00e+00, 0.00e+00, 0.00e+00, 5.51e+00, 5.51e+00]    [0.00e+00, 0.00e+00, 0.00e+00, 5.51e+00, 5.51e+00]    []  
8000      [0.00e+00, 0.00e+00, 0.00e+00, 3.35e+00, 3.35e+00]    [0.00e+00, 0.00e+00, 0.00e+00, 3.35e+00, 3.35e+00]    []  
9000      [0.00e+00, 0.00e+00, 0.00e+00, 2.80e+00, 2.80e+00]    [0.00e+00, 0.00e+00, 0.00e+00, 2.80e+00, 2.80e+00]    []  
10000     [0.00e+00, 0.00e+00, 0.00e+00, 2.43e+00, 2.43e+00]    [0.00e+00, 0.00e+00, 0.00e+00, 2.43e+00, 2.43e+00]    []  
11000     [0.00e+00, 0.00e+00, 0.00e+00, 1.41e+00, 1.41e+00]    [0.00e+00, 0.00e+00, 0.00e+00, 1.41e+00, 1.41e+00]    []  
12000     [0.00e+00, 0.00e+00, 0.00e+00, 1.37e+00, 1.37e+00]    [0.00e+00, 0.00e+00, 0.00e+00, 1.37e+00, 1.37e+00]    []  
13000     [0.00e+00, 0.00e+00, 0.00e+00, 7.55e-01, 7.55e-01]    [0.00e+00, 0.00e+00, 0.00e+00, 7.55e-01, 7.55e-01]    []  
14000     [0.00e+00, 0.00e+00, 0.00e+00, 1.72e+00, 1.72e+00]    [0.00e+00, 0.00e+00, 0.00e+00, 1.72e+00, 1.72e+00]    []  
15000     [0.00e+00, 0.00e+00, 0.00e+00, 7.79e-01, 7.79e-01]    [0.00e+00, 0.00e+00, 0.00e+00, 7.79e-01, 7.79e-01]    []  

Best model at step 13000:
  train loss: 1.51e+00
  test loss: 1.51e+00
  test metric: []

Epoch 15000: saving model to ./experiments/2023-10-10 15:36_128x6_tanh_Glorot normal_numdom70000_rs50000/model-15000.pt ...

'train' took 6569.508544 s

Saving loss history to ./experiments/2023-10-10 15:36_128x6_tanh_Glorot normal_numdom70000_rs50000/loss.dat ...
Saving training data to ./experiments/2023-10-10 15:36_128x6_tanh_Glorot normal_numdom70000_rs50000/train.dat ...
Saving test data to ./experiments/2023-10-10 15:36_128x6_tanh_Glorot normal_numdom70000_rs50000/test.dat ...
Mean residual: 5.283e-01
Adding new point: [35036.254    4748.6177    363.88458] 

Compiling model...
'compile' took 0.000192 s

Training model...

Step      Train loss                                            Test loss                                             Test metric
15000     [3.67e+00, 2.95e-04, 9.39e-02, 7.79e-01, 7.79e-01]    [3.67e+00, 2.95e-04, 9.39e-02, 7.79e-01, 7.79e-01]    []  
16000     [2.92e-02, 7.48e-04, 2.06e-05, 8.25e-01, 8.25e-01]    [2.92e-02, 7.48e-04, 2.06e-05, 8.25e-01, 8.25e-01]    []  
17000     [1.09e-02, 8.99e-04, 1.93e-03, 4.04e-01, 4.04e-01]    [1.09e-02, 8.99e-04, 1.93e-03, 4.04e-01, 4.04e-01]    []  
18000     [1.82e-02, 8.79e-04, 4.02e-04, 5.27e-01, 5.27e-01]    [1.82e-02, 8.79e-04, 4.02e-04, 5.27e-01, 5.27e-01]    []  
19000     [1.01e-02, 8.62e-04, 2.33e-04, 7.19e-01, 7.19e-01]    [1.01e-02, 8.62e-04, 2.33e-04, 7.19e-01, 7.19e-01]    []  
Epoch 19000: early stopping

Best model at step 17000:
  train loss: 8.22e-01
  test loss: 8.22e-01
  test metric: []

'train' took 1773.105159 s

Mean residual: 2.399e-02
Adding new point: [23367.018    1777.1832    264.09125] 

Compiling model...
'compile' took 0.000189 s

Training model...

Step      Train loss                                            Test loss                                             Test metric
19000     [1.08e-02, 8.62e-04, 2.33e-04, 7.19e-01, 7.19e-01]    [1.01e-02, 8.62e-04, 2.33e-04, 7.19e-01, 7.19e-01]    []  
20000     [3.86e-03, 8.34e-04, 1.40e-04, 3.28e-01, 3.28e-01]    [3.86e-03, 8.34e-04, 1.40e-04, 3.28e-01, 3.28e-01]    []  
21000     [8.38e-03, 6.74e-04, 4.40e-04, 9.26e-01, 9.26e-01]    [8.38e-03, 6.74e-04, 4.40e-04, 9.26e-01, 9.26e-01]    []  
22000     [2.37e-03, 6.36e-04, 3.30e-05, 3.03e-01, 3.03e-01]    [2.37e-03, 6.36e-04, 3.30e-05, 3.03e-01, 3.03e-01]    []  
23000     [2.85e-03, 6.31e-04, 5.91e-04, 1.22e+00, 1.22e+00]    [2.85e-03, 6.31e-04, 5.91e-04, 1.22e+00, 1.22e+00]    []  
24000     [1.97e-03, 4.92e-04, 1.47e-04, 3.39e-01, 3.39e-01]    [1.97e-03, 4.92e-04, 1.47e-04, 3.39e-01, 3.39e-01]    []  
Epoch 24000: early stopping

Best model at step 22000:
  train loss: 6.09e-01
  test loss: 6.09e-01
  test metric: []

'train' took 2199.310394 s

Mean residual: 1.616e-02
Adding new point: [19733.1      9180.5625    257.18243] 

Compiling model...
'compile' took 0.000165 s

Training model...

Step      Train loss                                            Test loss                                             Test metric
24000     [2.01e-03, 4.92e-04, 1.47e-04, 3.39e-01, 3.39e-01]    [1.97e-03, 4.92e-04, 1.47e-04, 3.39e-01, 3.39e-01]    []  
25000     [1.87e-03, 4.54e-04, 5.52e-05, 8.93e-01, 8.93e-01]    [1.87e-03, 4.54e-04, 5.52e-05, 8.93e-01, 8.93e-01]    []  
26000     [1.57e-03, 4.57e-04, 3.11e-04, 2.70e-01, 2.70e-01]    [1.57e-03, 4.57e-04, 3.11e-04, 2.70e-01, 2.70e-01]    []  
27000     [1.90e-03, 4.46e-04, 2.47e-04, 4.98e-01, 4.98e-01]    [1.90e-03, 4.46e-04, 2.47e-04, 4.98e-01, 4.98e-01]    []  
28000     [1.02e-03, 4.49e-04, 1.32e-04, 2.19e-01, 2.19e-01]    [1.02e-03, 4.49e-04, 1.32e-04, 2.19e-01, 2.19e-01]    []  
29000     [9.31e-04, 4.24e-04, 3.99e-05, 2.38e-01, 2.38e-01]    [9.31e-04, 4.24e-04, 3.99e-05, 2.38e-01, 2.38e-01]    []  
30000     [9.24e-04, 4.11e-04, 1.59e-05, 2.15e-01, 2.15e-01]    [9.24e-04, 4.11e-04, 1.59e-05, 2.15e-01, 2.15e-01]    []  
31000     [1.04e-03, 4.06e-04, 9.47e-05, 2.19e-01, 2.19e-01]    [1.04e-03, 4.06e-04, 9.47e-05, 2.19e-01, 2.19e-01]    []  
32000     [8.98e-04, 3.82e-04, 5.00e-06, 3.04e-01, 3.04e-01]    [8.98e-04, 3.82e-04, 5.00e-06, 3.04e-01, 3.04e-01]    []  
Epoch 32000: early stopping

Best model at step 30000:
  train loss: 4.31e-01
  test loss: 4.31e-01
  test metric: []

'train' took 3515.919593 s

Mean residual: 1.394e-02
Adding new point: [14523.206 10507.414   431.599] 

Compiling model...
'compile' took 0.000160 s

Training model...

Step      Train loss                                            Test loss                                             Test metric
32000     [9.26e-04, 3.82e-04, 5.00e-06, 3.04e-01, 3.04e-01]    [8.98e-04, 3.82e-04, 5.00e-06, 3.04e-01, 3.04e-01]    []  
33000     [1.11e-03, 3.88e-04, 3.23e-05, 1.62e-01, 1.62e-01]    [1.11e-03, 3.88e-04, 3.23e-05, 1.62e-01, 1.62e-01]    []  
34000     [1.27e-03, 3.74e-04, 4.19e-05, 4.00e-01, 4.00e-01]    [1.27e-03, 3.74e-04, 4.19e-05, 4.00e-01, 4.00e-01]    []  
35000     [9.48e-04, 3.51e-04, 4.71e-05, 4.19e-01, 4.19e-01]    [9.48e-04, 3.51e-04, 4.71e-05, 4.19e-01, 4.19e-01]    []  
Epoch 35000: early stopping

Best model at step 33000:
  train loss: 3.26e-01
  test loss: 3.26e-01
  test metric: []

'train' took 1325.049614 s

Mean residual: 1.343e-02
Adding new point: [16692.568   13170.911     173.55287] 

Compiling model...
'compile' took 0.000169 s

Training model...

Step      Train loss                                            Test loss                                             Test metric
35000     [9.94e-04, 3.51e-04, 4.71e-05, 4.19e-01, 4.19e-01]    [9.48e-04, 3.51e-04, 4.71e-05, 4.19e-01, 4.19e-01]    []  
36000     [8.20e-04, 3.54e-04, 7.09e-05, 1.73e-01, 1.73e-01]    [8.20e-04, 3.54e-04, 7.09e-05, 1.73e-01, 1.73e-01]    []  
37000     [8.32e-04, 3.38e-04, 8.83e-05, 1.53e-01, 1.53e-01]    [8.29e-04, 3.38e-04, 8.83e-05, 1.53e-01, 1.53e-01]    []  
38000     [9.78e-04, 3.34e-04, 9.85e-05, 1.67e-01, 1.67e-01]    [9.78e-04, 3.34e-04, 9.85e-05, 1.67e-01, 1.67e-01]    []  
39000     [1.84e-03, 3.27e-04, 3.33e-05, 3.37e-01, 3.37e-01]    [1.84e-03, 3.27e-04, 3.33e-05, 3.37e-01, 3.37e-01]    []  
Epoch 39000: early stopping

Best model at step 37000:
  train loss: 3.07e-01
  test loss: 3.07e-01
  test metric: []

'train' took 1773.108488 s

Mean residual: 2.086e-02
Adding new point: [22332.045  10966.728    275.9238] 

Compiling model...
'compile' took 0.000172 s

Training model...

Step      Train loss                                            Test loss                                             Test metric
39000     [1.87e-03, 3.27e-04, 3.33e-05, 3.37e-01, 3.37e-01]    [1.84e-03, 3.27e-04, 3.33e-05, 3.37e-01, 3.37e-01]    []  
40000     [9.69e-04, 3.24e-04, 5.10e-05, 1.24e-01, 1.24e-01]    [9.69e-04, 3.24e-04, 5.10e-05, 1.24e-01, 1.24e-01]    []  
41000     [1.08e-03, 3.04e-04, 6.01e-05, 2.44e-01, 2.44e-01]    [1.08e-03, 3.04e-04, 6.01e-05, 2.44e-01, 2.44e-01]    []  
42000     [7.53e-04, 3.18e-04, 1.42e-05, 1.74e-01, 1.74e-01]    [7.53e-04, 3.18e-04, 1.42e-05, 1.74e-01, 1.74e-01]    []  
Epoch 42000: early stopping

Best model at step 40000:
  train loss: 2.49e-01
  test loss: 2.49e-01
  test metric: []

'train' took 1324.442901 s

Mean residual: 1.287e-02
Adding new point: [69372.805    33746.098      124.810875] 

Compiling model...
'compile' took 0.000170 s

Training model...

Step      Train loss                                            Test loss                                             Test metric
42000     [7.82e-04, 3.18e-04, 1.42e-05, 1.74e-01, 1.74e-01]    [7.53e-04, 3.18e-04, 1.42e-05, 1.74e-01, 1.74e-01]    []  
43000     [7.89e-04, 3.25e-04, 3.27e-05, 2.11e-01, 2.11e-01]    [7.89e-04, 3.25e-04, 3.27e-05, 2.11e-01, 2.11e-01]    []  
44000     [1.17e-03, 3.11e-04, 3.58e-05, 3.18e-01, 3.18e-01]    [1.17e-03, 3.11e-04, 3.58e-05, 3.18e-01, 3.18e-01]    []  
Epoch 44001: early stopping

Best model at step 42000:
  train loss: 3.48e-01
  test loss: 3.48e-01
  test metric: []

'train' took 875.521415 s

Mean residual: 1.861e-02
Adding new point: [12109.726  8481.627   544.406] 

Compiling model...
'compile' took 0.000188 s

Training model...

Step      Train loss                                            Test loss                                             Test metric
44001     [1.51e-03, 3.12e-04, 1.39e-04, 3.83e-01, 3.83e-01]    [1.48e-03, 3.12e-04, 1.39e-04, 3.83e-01, 3.83e-01]    []  
45000     [8.31e-04, 3.20e-04, 1.14e-04, 3.64e-01, 3.64e-01]    [8.28e-04, 3.20e-04, 1.14e-04, 3.64e-01, 3.64e-01]    []  
46000     [8.18e-04, 3.03e-04, 3.68e-05, 1.47e-01, 1.47e-01]    [8.18e-04, 3.03e-04, 3.68e-05, 1.47e-01, 1.47e-01]    []  
47000     [8.09e-04, 2.87e-04, 3.99e-05, 9.76e-02, 9.76e-02]    [8.09e-04, 2.87e-04, 3.99e-05, 9.76e-02, 9.76e-02]    []  
48000     [1.01e-03, 2.87e-04, 1.07e-05, 2.04e-01, 2.04e-01]    [1.01e-03, 2.87e-04, 1.07e-05, 2.04e-01, 2.04e-01]    []  
49000     [8.94e-04, 2.71e-04, 3.95e-05, 1.56e-01, 1.56e-01]    [8.94e-04, 2.71e-04, 3.95e-05, 1.56e-01, 1.56e-01]    []  
Epoch 49000: early stopping

Best model at step 47000:
  train loss: 1.96e-01
  test loss: 1.96e-01
  test metric: []

'train' took 2221.367587 s

Mean residual: 1.290e-02
Adding new point: [17925.084   12087.61      249.94296] 

Compiling model...
'compile' took 0.000173 s

Training model...

Step      Train loss                                            Test loss                                             Test metric
49000     [9.34e-04, 2.71e-04, 3.95e-05, 1.56e-01, 1.56e-01]    [8.94e-04, 2.71e-04, 3.95e-05, 1.56e-01, 1.56e-01]    []  
50000     [7.29e-04, 2.75e-04, 6.58e-05, 1.28e-01, 1.28e-01]    [7.25e-04, 2.75e-04, 6.58e-05, 1.28e-01, 1.28e-01]    []  
51000     [7.84e-04, 2.62e-04, 1.12e-04, 1.09e-01, 1.09e-01]    [7.84e-04, 2.62e-04, 1.12e-04, 1.09e-01, 1.09e-01]    []  
52000     [1.02e-03, 2.61e-04, 1.55e-04, 1.70e-01, 1.70e-01]    [1.02e-03, 2.61e-04, 1.55e-04, 1.70e-01, 1.70e-01]    []  
53000     [6.28e-04, 2.53e-04, 1.45e-05, 7.26e-02, 7.26e-02]    [6.28e-04, 2.53e-04, 1.45e-05, 7.26e-02, 7.26e-02]    []  
54000     [1.07e-03, 2.50e-04, 4.61e-04, 4.01e-01, 4.01e-01]    [1.06e-03, 2.50e-04, 4.61e-04, 4.01e-01, 4.01e-01]    []  
55000     [6.57e-04, 2.48e-04, 5.50e-06, 7.01e-02, 7.01e-02]    [6.57e-04, 2.48e-04, 5.50e-06, 7.01e-02, 7.01e-02]    []  
56000     [9.87e-04, 2.50e-04, 3.24e-05, 1.38e-01, 1.38e-01]    [9.77e-04, 2.50e-04, 3.24e-05, 1.38e-01, 1.38e-01]    []  
57000     [1.68e-03, 2.25e-04, 6.57e-05, 9.22e-02, 9.22e-02]    [1.68e-03, 2.25e-04, 6.57e-05, 9.22e-02, 9.22e-02]    []  
Epoch 57000: early stopping

Best model at step 55000:
  train loss: 1.41e-01
  test loss: 1.41e-01
  test metric: []

'train' took 3522.368366 s

Mean residual: 1.967e-02
Adding new point: [19561.932   13204.102     346.86404] 

Compiling model...
'compile' took 0.000175 s

Training model...

Step      Train loss                                            Test loss                                             Test metric
57000     [1.72e-03, 2.25e-04, 6.57e-05, 9.22e-02, 9.22e-02]    [1.68e-03, 2.25e-04, 6.57e-05, 9.22e-02, 9.22e-02]    []  
58000     [5.73e-04, 2.25e-04, 3.67e-05, 8.77e-02, 8.77e-02]    [5.73e-04, 2.25e-04, 3.67e-05, 8.77e-02, 8.77e-02]    []  
59000     [6.62e-04, 2.24e-04, 8.61e-05, 2.98e-01, 2.98e-01]    [6.62e-04, 2.24e-04, 8.61e-05, 2.98e-01, 2.98e-01]    []  
60000     [7.51e-04, 2.22e-04, 3.40e-05, 8.31e-02, 8.31e-02]    [7.51e-04, 2.22e-04, 3.40e-05, 8.31e-02, 8.31e-02]    []  
61000     [6.30e-04, 2.25e-04, 5.08e-05, 2.01e-01, 2.01e-01]    [6.30e-04, 2.25e-04, 5.08e-05, 2.01e-01, 2.01e-01]    []  
62000     [1.06e-03, 2.19e-04, 7.34e-05, 9.44e-02, 9.44e-02]    [1.06e-03, 2.19e-04, 7.34e-05, 9.44e-02, 9.44e-02]    []  
Epoch 62000: early stopping

Best model at step 60000:
  train loss: 1.67e-01
  test loss: 1.67e-01
  test metric: []

'train' took 2196.755716 s

Mean residual: 1.405e-02
Adding new point: [12644.207    9085.55      349.90347] 

Compiling model...
'compile' took 0.000181 s

Training model...

Step      Train loss                                            Test loss                                             Test metric
62000     [1.10e-03, 2.19e-04, 7.34e-05, 9.44e-02, 9.44e-02]    [1.06e-03, 2.19e-04, 7.34e-05, 9.44e-02, 9.44e-02]    []  
63000     [5.29e-04, 2.15e-04, 1.42e-04, 6.29e-02, 6.29e-02]    [5.29e-04, 2.15e-04, 1.42e-04, 6.29e-02, 6.29e-02]    []  
64000     [8.22e-04, 2.16e-04, 1.85e-04, 8.24e-02, 8.24e-02]    [8.22e-04, 2.16e-04, 1.85e-04, 8.24e-02, 8.24e-02]    []  
65000     [5.68e-04, 2.07e-04, 9.99e-06, 1.05e-01, 1.05e-01]    [5.68e-04, 2.07e-04, 9.99e-06, 1.05e-01, 1.05e-01]    []  
Epoch 65000: early stopping

Best model at step 63000:
  train loss: 1.27e-01
  test loss: 1.27e-01
  test metric: []

'train' took 1268.517595 s

Mean residual: 1.030e-02
Adding new point: [71836.25  49343.91    564.039] 

Compiling model...
'compile' took 0.000172 s

Training model...

Step      Train loss                                            Test loss                                             Test metric
65000     [6.08e-04, 2.07e-04, 9.99e-06, 1.05e-01, 1.05e-01]    [5.68e-04, 2.07e-04, 9.99e-06, 1.05e-01, 1.05e-01]    []  
66000     [8.10e-04, 1.96e-04, 1.84e-05, 1.05e-01, 1.05e-01]    [8.10e-04, 1.96e-04, 1.84e-05, 1.05e-01, 1.05e-01]    []  
67000     [9.02e-04, 1.91e-04, 3.76e-05, 1.26e-01, 1.26e-01]    [9.02e-04, 1.91e-04, 3.76e-05, 1.26e-01, 1.26e-01]    []  
Epoch 67001: early stopping

Best model at step 65000:
  train loss: 2.11e-01
  test loss: 2.11e-01
  test metric: []

'train' took 898.155982 s

Mean residual: 1.132e-02
Adding new point: [13333.551  9337.885   342.544] 

Compiling model...
'compile' took 0.000189 s

Training model...

Step      Train loss                                            Test loss                                             Test metric
67001     [6.80e-04, 1.91e-04, 3.22e-05, 9.27e-02, 9.27e-02]    [6.29e-04, 1.91e-04, 3.22e-05, 9.27e-02, 9.27e-02]    []  
68000     [6.37e-04, 1.89e-04, 8.50e-05, 1.15e-01, 1.15e-01]    [6.37e-04, 1.89e-04, 8.50e-05, 1.15e-01, 1.15e-01]    []  
69000     [1.73e-03, 1.85e-04, 2.99e-05, 1.38e-01, 1.38e-01]    [1.73e-03, 1.85e-04, 2.99e-05, 1.38e-01, 1.38e-01]    []  
Epoch 69002: early stopping

Best model at step 67001:
  train loss: 1.86e-01
  test loss: 1.86e-01
  test metric: []

'train' took 874.505552 s

Mean residual: 8.767e-03
Adding new point: [11558.856    8666.603     334.27087] 

Compiling model...
'compile' took 0.000176 s

Training model...

Step      Train loss                                            Test loss                                             Test metric
69002     [6.33e-04, 1.85e-04, 2.55e-05, 6.98e-02, 6.98e-02]    [5.85e-04, 1.84e-04, 2.55e-05, 6.98e-02, 6.98e-02]    []  
70000     [6.09e-04, 1.75e-04, 7.49e-05, 6.44e-02, 6.44e-02]    [6.09e-04, 1.75e-04, 7.49e-05, 6.44e-02, 6.44e-02]    []  
71000     [1.12e-03, 1.76e-04, 7.86e-05, 4.67e-01, 4.67e-01]    [1.12e-03, 1.76e-04, 7.86e-05, 4.67e-01, 4.67e-01]    []  
72000     [7.61e-04, 1.83e-04, 1.89e-05, 8.28e-02, 8.28e-02]    [7.60e-04, 1.83e-04, 1.89e-05, 8.28e-02, 8.28e-02]    []  
Epoch 72000: early stopping

Best model at step 70000:
  train loss: 1.30e-01
  test loss: 1.30e-01
  test metric: []

'train' took 1323.110427 s

Mean residual: 9.303e-03
Adding new point: [12917.619    9614.543     394.24414] 

Compiling model...
'compile' took 0.000173 s

Training model...

Step      Train loss                                            Test loss                                             Test metric
72000     [8.21e-04, 1.83e-04, 1.89e-05, 8.28e-02, 8.28e-02]    [7.60e-04, 1.83e-04, 1.89e-05, 8.28e-02, 8.28e-02]    []  
73000     [5.60e-04, 1.79e-04, 4.02e-05, 1.43e-01, 1.43e-01]    [5.56e-04, 1.79e-04, 4.02e-05, 1.43e-01, 1.43e-01]    []  
74000     [6.40e-04, 1.77e-04, 1.92e-05, 5.12e-02, 5.12e-02]    [6.38e-04, 1.77e-04, 1.92e-05, 5.12e-02, 5.12e-02]    []  
75000     [1.01e-03, 1.83e-04, 1.11e-05, 7.31e-02, 7.31e-02]    [1.01e-03, 1.83e-04, 1.11e-05, 7.31e-02, 7.31e-02]    []  
76000     [4.26e-04, 1.69e-04, 7.05e-06, 5.12e-02, 5.12e-02]    [4.23e-04, 1.69e-04, 7.05e-06, 5.12e-02, 5.12e-02]    []  
77000     [4.74e-04, 1.74e-04, 6.89e-06, 4.32e-02, 4.32e-02]    [4.70e-04, 1.74e-04, 6.89e-06, 4.32e-02, 4.32e-02]    []  
78000     [4.78e-04, 1.59e-04, 1.36e-05, 5.98e-02, 5.98e-02]    [4.78e-04, 1.59e-04, 1.36e-05, 5.98e-02, 5.98e-02]    []  
79000     [5.81e-04, 1.58e-04, 1.51e-04, 9.51e-02, 9.51e-02]    [5.80e-04, 1.58e-04, 1.51e-04, 9.51e-02, 9.51e-02]    []  
Epoch 79000: early stopping

Best model at step 77000:
  train loss: 8.70e-02
  test loss: 8.70e-02
  test metric: []

'train' took 3084.267616 s

Mean residual: 1.133e-02
Adding new point: [1.4276564e+04 1.0890715e+04 1.1056067e+01] 

Compiling model...
'compile' took 0.000161 s

Training model...

Step      Train loss                                            Test loss                                             Test metric
79000     [8.02e-04, 1.58e-04, 1.51e-04, 9.51e-02, 9.51e-02]    [5.80e-04, 1.58e-04, 1.51e-04, 9.51e-02, 9.51e-02]    []  
80000     [5.67e-04, 1.53e-04, 7.92e-05, 3.49e-01, 3.49e-01]    [5.60e-04, 1.53e-04, 7.92e-05, 3.49e-01, 3.49e-01]    []  
81000     [4.15e-04, 1.37e-04, 1.23e-04, 3.49e-02, 3.49e-02]    [4.12e-04, 1.37e-04, 1.23e-04, 3.49e-02, 3.49e-02]    []  
82000     [4.56e-04, 1.40e-04, 2.69e-05, 3.82e-02, 3.82e-02]    [4.56e-04, 1.40e-04, 2.69e-05, 3.82e-02, 3.82e-02]    []  
83000     [4.20e-04, 1.26e-04, 8.18e-05, 6.55e-02, 6.55e-02]    [4.20e-04, 1.26e-04, 8.18e-05, 6.55e-02, 6.55e-02]    []  
Epoch 83000: early stopping

Best model at step 81000:
  train loss: 7.04e-02
  test loss: 7.04e-02
  test metric: []

'train' took 717.424585 s

Mean residual: 7.595e-03
Adding new point: [6.8218156e+04 5.1851230e+04 5.3970345e+01] 

Compiling model...
'compile' took 0.000167 s

Training model...

Step      Train loss                                            Test loss                                             Test metric
83000     [4.64e-04, 1.26e-04, 8.18e-05, 6.55e-02, 6.55e-02]    [4.20e-04, 1.26e-04, 8.18e-05, 6.55e-02, 6.55e-02]    []  
84000     [4.39e-04, 1.30e-04, 4.91e-05, 5.75e-02, 5.75e-02]    [4.39e-04, 1.30e-04, 4.91e-05, 5.75e-02, 5.75e-02]    []  
85000     [4.41e-04, 1.29e-04, 8.02e-05, 4.21e-02, 4.21e-02]    [4.41e-04, 1.29e-04, 8.02e-05, 4.21e-02, 4.21e-02]    []  
86000     [1.09e-03, 1.58e-04, 3.65e-05, 1.25e-01, 1.25e-01]    [1.09e-03, 1.57e-04, 3.65e-05, 1.25e-01, 1.25e-01]    []  
87000     [5.83e-04, 1.72e-04, 2.41e-04, 1.33e-01, 1.33e-01]    [5.83e-04, 1.72e-04, 2.41e-04, 1.33e-01, 1.33e-01]    []  
Epoch 87000: early stopping

Best model at step 85000:
  train loss: 8.48e-02
  test loss: 8.48e-02
  test metric: []

'train' took 668.468021 s

Mean residual: 8.683e-03
Adding new point: [67247.37    50589.5       481.00262] 

Compiling model...
'compile' took 0.000174 s

Training model...

Step      Train loss                                            Test loss                                             Test metric
87000     [6.11e-04, 1.72e-04, 2.41e-04, 1.33e-01, 1.33e-01]    [5.83e-04, 1.72e-04, 2.41e-04, 1.33e-01, 1.33e-01]    []  
88000     [4.60e-04, 1.60e-04, 9.76e-05, 3.83e-01, 3.83e-01]    [4.60e-04, 1.60e-04, 9.76e-05, 3.83e-01, 3.83e-01]    []  
89000     [4.68e-04, 1.55e-04, 5.05e-05, 4.48e-02, 4.48e-02]    [4.68e-04, 1.55e-04, 5.05e-05, 4.48e-02, 4.48e-02]    []  
90000     [6.30e-04, 1.82e-04, 3.50e-05, 5.31e-02, 5.31e-02]    [6.30e-04, 1.82e-04, 3.50e-05, 5.31e-02, 5.31e-02]    []  
91000     [4.38e-04, 1.71e-04, 7.98e-05, 9.91e-02, 9.91e-02]    [4.38e-04, 1.71e-04, 7.98e-05, 9.91e-02, 9.91e-02]    []  
Epoch 91000: early stopping

Best model at step 89000:
  train loss: 9.03e-02
  test loss: 9.03e-02
  test metric: []

'train' took 668.483672 s

Mean residual: 9.316e-03
Adding new point: [20320.57    9694.607    596.2521] 

Compiling model...
'compile' took 0.000167 s

Training model...

Step      Train loss                                            Test loss                                             Test metric
91000     [4.61e-04, 1.71e-04, 7.98e-05, 9.91e-02, 9.91e-02]    [4.38e-04, 1.71e-04, 7.98e-05, 9.91e-02, 9.91e-02]    []  
92000     [2.89e-04, 1.72e-04, 3.89e-05, 2.75e-02, 2.75e-02]    [2.88e-04, 1.71e-04, 3.89e-05, 2.75e-02, 2.75e-02]    []  
93000     [4.22e-04, 1.61e-04, 1.52e-05, 3.51e-02, 3.51e-02]    [4.19e-04, 1.61e-04, 1.52e-05, 3.51e-02, 3.51e-02]    []  
94000     [4.55e-04, 1.55e-04, 3.12e-05, 4.25e-02, 4.25e-02]    [4.55e-04, 1.55e-04, 3.12e-05, 4.25e-02, 4.25e-02]    []  
Epoch 94000: early stopping

Best model at step 92000:
  train loss: 5.56e-02
  test loss: 5.56e-02
  test metric: []

'train' took 501.365679 s

Mean residual: 9.870e-03
Adding new point: [13574.637   9751.694    543.0662] 

Compiling model...
'compile' took 0.000165 s

Training model...

Step      Train loss                                            Test loss                                             Test metric
94000     [4.76e-04, 1.55e-04, 3.12e-05, 4.25e-02, 4.25e-02]    [4.55e-04, 1.55e-04, 3.12e-05, 4.25e-02, 4.25e-02]    []  
95000     [4.46e-04, 1.54e-04, 4.90e-05, 1.05e-01, 1.05e-01]    [4.45e-04, 1.54e-04, 4.90e-05, 1.05e-01, 1.05e-01]    []  
96000     [1.21e-03, 1.81e-04, 4.02e-05, 1.31e-01, 1.31e-01]    [1.20e-03, 1.81e-04, 4.02e-05, 1.31e-01, 1.31e-01]    []  
Epoch 96001: early stopping

Best model at step 94000:
  train loss: 8.56e-02
  test loss: 8.56e-02
  test metric: []

'train' took 334.453132 s

Mean residual: 1.696e-02
Adding new point: [67853.79    50037.17      257.55505] 

Compiling model...
'compile' took 0.000180 s

Training model...

Step      Train loss                                            Test loss                                             Test metric
96001     [1.39e-03, 1.75e-04, 9.20e-06, 1.41e-01, 1.41e-01]    [1.35e-03, 1.75e-04, 9.20e-06, 1.41e-01, 1.41e-01]    []  
97000     [3.52e-04, 1.88e-04, 4.84e-06, 2.59e-02, 2.59e-02]    [3.50e-04, 1.88e-04, 4.84e-06, 2.59e-02, 2.59e-02]    []  
98000     [4.15e-04, 1.78e-04, 5.75e-06, 5.16e-02, 5.16e-02]    [4.13e-04, 1.78e-04, 5.75e-06, 5.16e-02, 5.16e-02]    []  
99000     [3.61e-04, 1.82e-04, 1.21e-05, 2.52e-02, 2.52e-02]    [3.60e-04, 1.82e-04, 1.21e-05, 2.52e-02, 2.52e-02]    []  
100000    [1.05e-03, 1.75e-04, 8.06e-05, 3.95e-01, 3.95e-01]    [1.05e-03, 1.75e-04, 8.06e-05, 3.95e-01, 3.95e-01]    []  
101000    [7.98e-04, 1.24e-04, 1.72e-05, 3.46e-02, 3.46e-02]    [7.98e-04, 1.24e-04, 1.72e-05, 3.46e-02, 3.46e-02]    []  
Epoch 101000: early stopping

Best model at step 99000:
  train loss: 5.09e-02
  test loss: 5.09e-02
  test metric: []

'train' took 843.584698 s

Mean residual: 7.791e-03
Adding new point: [15492.044  10775.552    398.9158] 

Compiling model...
'compile' took 0.000370 s

Training model...

Step      Train loss                                            Test loss                                             Test metric
101000    [8.85e-04, 1.24e-04, 1.72e-05, 3.46e-02, 3.46e-02]    [7.98e-04, 1.24e-04, 1.72e-05, 3.46e-02, 3.46e-02]    []  
102000    [6.31e-04, 1.45e-04, 1.50e-05, 3.16e-02, 3.16e-02]    [6.20e-04, 1.45e-04, 1.50e-05, 3.16e-02, 3.16e-02]    []  
103000    [4.23e-04, 1.60e-04, 5.21e-06, 2.45e-02, 2.45e-02]    [4.24e-04, 1.60e-04, 5.21e-06, 2.45e-02, 2.45e-02]    []  
104000    [9.47e-04, 1.60e-04, 6.14e-06, 4.14e-02, 4.14e-02]    [9.42e-04, 1.60e-04, 6.14e-06, 4.14e-02, 4.14e-02]    []  
105000    [6.93e-04, 1.51e-04, 7.49e-05, 1.12e+00, 1.12e+00]    [6.91e-04, 1.51e-04, 7.49e-05, 1.12e+00, 1.12e+00]    []  
Epoch 105000: early stopping

Best model at step 103000:
  train loss: 4.96e-02
  test loss: 4.96e-02
  test metric: []

'train' took 679.650975 s

Mean residual: 1.103e-02
Adding new point: [1.793216e+04 1.434369e+04 1.718365e+01] 

Compiling model...
'compile' took 0.000268 s

Training model...

Step      Train loss                                            Test loss                                             Test metric
105000    [7.25e-04, 1.51e-04, 7.49e-05, 1.12e+00, 1.12e+00]    [6.91e-04, 1.51e-04, 7.49e-05, 1.12e+00, 1.12e+00]    []  
106000    [4.46e-04, 1.62e-04, 4.07e-05, 1.30e-01, 1.30e-01]    [4.46e-04, 1.62e-04, 4.07e-05, 1.30e-01, 1.30e-01]    []  
107000    [5.95e-04, 1.75e-04, 8.10e-05, 7.23e-02, 7.23e-02]    [5.96e-04, 1.75e-04, 8.10e-05, 7.23e-02, 7.23e-02]    []  
108000    [1.07e-03, 1.86e-04, 3.50e-05, 1.50e-01, 1.50e-01]    [1.07e-03, 1.86e-04, 3.50e-05, 1.50e-01, 1.50e-01]    []  
109000    [9.42e-04, 1.79e-04, 1.14e-04, 2.19e-01, 2.19e-01]    [9.42e-04, 1.79e-04, 1.14e-04, 2.19e-01, 2.19e-01]    []  
Epoch 109000: early stopping

Best model at step 107000:
  train loss: 1.45e-01
  test loss: 1.45e-01
  test metric: []

'train' took 678.381927 s

Mean residual: 1.393e-02
Adding new point: [16804.896   12468.96      321.50995] 

Compiling model...
'compile' took 0.000392 s

Training model...

Step      Train loss                                            Test loss                                             Test metric
109000    [9.75e-04, 1.79e-04, 1.14e-04, 2.19e-01, 2.19e-01]    [9.42e-04, 1.79e-04, 1.14e-04, 2.19e-01, 2.19e-01]    []  
110000    [5.29e-04, 1.82e-04, 2.97e-04, 4.00e-02, 4.00e-02]    [5.29e-04, 1.82e-04, 2.97e-04, 4.00e-02, 4.00e-02]    []  
111000    [5.57e-04, 1.84e-04, 6.47e-05, 2.40e-02, 2.40e-02]    [5.58e-04, 1.84e-04, 6.47e-05, 2.40e-02, 2.40e-02]    []  
112000    [6.13e-04, 1.87e-04, 1.66e-04, 1.35e+00, 1.35e+00]    [6.13e-04, 1.87e-04, 1.66e-04, 1.35e+00, 1.35e+00]    []  
113000    [4.86e-04, 1.47e-04, 4.11e-05, 2.64e-02, 2.64e-02]    [4.86e-04, 1.47e-04, 4.11e-05, 2.64e-02, 2.64e-02]    []  
Epoch 113000: early stopping

Best model at step 111000:
  train loss: 4.88e-02
  test loss: 4.88e-02
  test metric: []

'train' took 678.763798 s

Mean residual: 7.444e-03
Adding new point: [14409.027  11340.243    268.4374] 

Compiling model...
'compile' took 0.000350 s

Training model...

Step      Train loss                                            Test loss                                             Test metric
113000    [5.10e-04, 1.47e-04, 4.11e-05, 2.64e-02, 2.64e-02]    [4.86e-04, 1.47e-04, 4.11e-05, 2.64e-02, 2.64e-02]    []  
114000    [5.25e-04, 1.43e-04, 1.80e-04, 3.72e-02, 3.72e-02]    [5.25e-04, 1.43e-04, 1.80e-04, 3.72e-02, 3.72e-02]    []  
115000    [4.20e-04, 1.73e-04, 1.84e-05, 2.01e-02, 2.01e-02]    [4.20e-04, 1.73e-04, 1.84e-05, 2.01e-02, 2.01e-02]    []  
116000    [1.24e-03, 1.99e-04, 1.56e-04, 2.77e-02, 2.77e-02]    [1.24e-03, 1.99e-04, 1.56e-04, 2.77e-02, 2.77e-02]    []  
117000    [7.21e-04, 1.91e-04, 2.92e-05, 4.47e-02, 4.47e-02]    [7.21e-04, 1.90e-04, 2.92e-05, 4.47e-02, 4.47e-02]    []  
Epoch 117000: early stopping

Best model at step 115000:
  train loss: 4.08e-02
  test loss: 4.08e-02
  test metric: []

'train' took 684.254106 s

Mean residual: 1.155e-02
Adding new point: [13724.241   6332.015    411.2651] 

Compiling model...
'compile' took 0.000259 s

Training model...

Step      Train loss                                            Test loss                                             Test metric
117000    [7.60e-04, 1.91e-04, 2.92e-05, 4.47e-02, 4.47e-02]    [7.21e-04, 1.90e-04, 2.92e-05, 4.47e-02, 4.47e-02]    []  
118000    [4.69e-04, 1.73e-04, 9.33e-05, 1.44e-01, 1.44e-01]    [4.69e-04, 1.73e-04, 9.33e-05, 1.44e-01, 1.44e-01]    []  
119000    [4.90e-04, 1.66e-04, 7.72e-06, 1.98e-02, 1.98e-02]    [4.90e-04, 1.66e-04, 7.72e-06, 1.98e-02, 1.98e-02]    []  
120000    [6.09e-04, 1.43e-04, 2.30e-05, 2.20e-02, 2.20e-02]    [6.09e-04, 1.43e-04, 2.30e-05, 2.20e-02, 2.20e-02]    []  
121000    [4.84e-04, 1.65e-04, 1.71e-05, 2.32e-02, 2.32e-02]    [4.84e-04, 1.65e-04, 1.71e-05, 2.32e-02, 2.32e-02]    []  
Epoch 121000: early stopping

Best model at step 119000:
  train loss: 4.02e-02
  test loss: 4.02e-02
  test metric: []

'train' took 678.832617 s

Mean residual: 8.034e-03
Adding new point: [15200.95    9283.732    429.8438] 

Compiling model...
'compile' took 0.000335 s

Training model...

Step      Train loss                                            Test loss                                             Test metric
121000    [5.05e-04, 1.65e-04, 1.71e-05, 2.32e-02, 2.32e-02]    [4.84e-04, 1.65e-04, 1.71e-05, 2.32e-02, 2.32e-02]    []  
122000    [4.09e-04, 1.73e-04, 3.31e-05, 1.81e-01, 1.81e-01]    [4.09e-04, 1.73e-04, 3.31e-05, 1.81e-01, 1.81e-01]    []  
123000    [4.38e-04, 1.86e-04, 1.62e-05, 2.08e-02, 2.08e-02]    [4.36e-04, 1.86e-04, 1.62e-05, 2.08e-02, 2.08e-02]    []  
124000    [6.30e-04, 2.07e-04, 6.36e-05, 6.85e-02, 6.85e-02]    [6.31e-04, 2.07e-04, 6.36e-05, 6.85e-02, 6.85e-02]    []  
125000    [6.87e-04, 1.97e-04, 2.51e-05, 2.30e-02, 2.30e-02]    [6.88e-04, 1.97e-04, 2.51e-05, 2.30e-02, 2.30e-02]    []  
Epoch 125000: early stopping

Best model at step 123000:
  train loss: 4.23e-02
  test loss: 4.23e-02
  test metric: []

'train' took 685.310952 s

Mean residual: 1.016e-02
Adding new point: [16292.624   5080.48     548.5466] 

Compiling model...
'compile' took 0.000347 s

Training model...

Step      Train loss                                            Test loss                                             Test metric
125000    [7.42e-04, 1.97e-04, 2.51e-05, 2.30e-02, 2.30e-02]    [6.88e-04, 1.97e-04, 2.51e-05, 2.30e-02, 2.30e-02]    []  
126000    [4.65e-04, 1.89e-04, 1.03e-04, 1.67e-01, 1.67e-01]    [4.65e-04, 1.89e-04, 1.03e-04, 1.67e-01, 1.67e-01]    []  
127000    [4.83e-04, 1.91e-04, 7.33e-05, 3.68e-02, 3.68e-02]    [4.83e-04, 1.91e-04, 7.33e-05, 3.68e-02, 3.68e-02]    []  
Epoch 127001: early stopping

Best model at step 125000:
  train loss: 4.69e-02
  test loss: 4.68e-02
  test metric: []

'train' took 339.577976 s

Mean residual: 7.869e-03
Adding new point: [18125.812  14618.301    258.6792] 

Compiling model...
'compile' took 0.000224 s

Training model...

Step      Train loss                                            Test loss                                             Test metric
127001    [4.85e-04, 1.91e-04, 3.18e-05, 3.54e-02, 3.54e-02]    [4.65e-04, 1.91e-04, 3.18e-05, 3.54e-02, 3.54e-02]    []  
128000    [3.80e-04, 1.91e-04, 4.16e-05, 1.77e-02, 1.77e-02]    [3.78e-04, 1.91e-04, 4.16e-05, 1.77e-02, 1.77e-02]    []  
129000    [5.55e-04, 1.93e-04, 4.42e-05, 2.29e-02, 2.29e-02]    [5.55e-04, 1.93e-04, 4.42e-05, 2.29e-02, 2.29e-02]    []  
130000    [5.79e-04, 2.11e-04, 2.20e-05, 2.85e-02, 2.85e-02]    [5.63e-04, 2.11e-04, 2.20e-05, 2.85e-02, 2.85e-02]    []  
Epoch 130000: early stopping

Best model at step 128000:
  train loss: 3.59e-02
  test loss: 3.59e-02
  test metric: []

'train' took 509.585363 s

Mean residual: 8.385e-03
Adding new point: [17005.447  12600.602    141.4267] 

Compiling model...
'compile' took 0.000316 s

Training model...

Step      Train loss                                            Test loss                                             Test metric
130000    [5.98e-04, 2.11e-04, 2.20e-05, 2.85e-02, 2.85e-02]    [5.63e-04, 2.11e-04, 2.20e-05, 2.85e-02, 2.85e-02]    []  
131000    [5.16e-04, 2.13e-04, 1.41e-04, 2.39e-02, 2.39e-02]    [5.16e-04, 2.12e-04, 1.41e-04, 2.39e-02, 2.39e-02]    []  
132000    [4.36e-04, 2.02e-04, 1.36e-05, 6.66e-02, 6.66e-02]    [4.35e-04, 2.02e-04, 1.36e-05, 6.66e-02, 6.66e-02]    []  
133000    [3.50e-04, 1.95e-04, 6.03e-05, 1.47e-02, 1.47e-02]    [3.51e-04, 1.95e-04, 6.03e-05, 1.47e-02, 1.47e-02]    []  
134000    [1.53e-03, 1.95e-04, 1.51e-04, 2.76e-01, 2.76e-01]    [1.53e-03, 1.95e-04, 1.51e-04, 2.76e-01, 2.76e-01]    []  
135000    [2.61e-03, 2.10e-04, 1.67e-04, 9.24e-01, 9.24e-01]    [2.61e-03, 2.10e-04, 1.67e-04, 9.24e-01, 9.24e-01]    []  
Epoch 135000: early stopping

Best model at step 133000:
  train loss: 3.00e-02
  test loss: 3.00e-02
  test metric: []

'train' took 855.119034 s

Mean residual: 2.157e-02
Adding new point: [18487.406    4517.557     509.85254] 

Compiling model...
'compile' took 0.000292 s

Training model...

Step      Train loss                                            Test loss                                             Test metric
135000    [2.64e-03, 2.10e-04, 1.67e-04, 9.24e-01, 9.24e-01]    [2.61e-03, 2.10e-04, 1.67e-04, 9.24e-01, 9.24e-01]    []  
136000    [5.90e-04, 2.17e-04, 2.15e-05, 3.10e-02, 3.10e-02]    [5.82e-04, 2.17e-04, 2.15e-05, 3.10e-02, 3.10e-02]    []  
137000    [4.56e-04, 2.20e-04, 1.43e-04, 1.46e-02, 1.46e-02]    [4.56e-04, 2.20e-04, 1.43e-04, 1.46e-02, 1.46e-02]    []  
138000    [4.14e-04, 2.19e-04, 7.89e-05, 1.40e-02, 1.40e-02]    [4.14e-04, 2.19e-04, 7.89e-05, 1.40e-02, 1.40e-02]    []  
139000    [1.76e-03, 2.65e-04, 5.39e-05, 9.80e-02, 9.80e-02]    [1.76e-03, 2.65e-04, 5.39e-05, 9.80e-02, 9.80e-02]    []  
140000    [7.60e-04, 2.82e-04, 8.13e-04, 5.11e-02, 5.11e-02]    [7.60e-04, 2.82e-04, 8.13e-04, 5.11e-02, 5.11e-02]    []  
Epoch 140000: early stopping

Best model at step 138000:
  train loss: 2.86e-02
  test loss: 2.86e-02
  test metric: []

'train' took 855.773548 s

Mean residual: 1.174e-02
Adding new point: [15770.146  13220.882    351.6599] 

Compiling model...
'compile' took 0.000278 s

Training model...

Step      Train loss                                            Test loss                                             Test metric
140000    [7.92e-04, 2.82e-04, 8.13e-04, 5.11e-02, 5.11e-02]    [7.60e-04, 2.82e-04, 8.13e-04, 5.11e-02, 5.11e-02]    []  
141000    [5.24e-04, 2.56e-04, 3.92e-04, 1.90e-02, 1.90e-02]    [5.24e-04, 2.56e-04, 3.92e-04, 1.90e-02, 1.90e-02]    []  
142000    [5.28e-04, 2.75e-04, 5.10e-06, 1.32e-02, 1.32e-02]    [5.28e-04, 2.75e-04, 5.10e-06, 1.32e-02, 1.32e-02]    []  
143000    [5.70e-04, 2.67e-04, 3.11e-05, 1.33e-02, 1.33e-02]    [5.71e-04, 2.67e-04, 3.11e-05, 1.33e-02, 1.33e-02]    []  
144000    [5.25e-04, 2.71e-04, 5.97e-05, 1.72e-02, 1.72e-02]    [5.09e-04, 2.71e-04, 5.97e-05, 1.72e-02, 1.72e-02]    []  
Epoch 144000: early stopping

Best model at step 142000:
  train loss: 2.73e-02
  test loss: 2.73e-02
  test metric: []

'train' took 683.079419 s

Mean residual: 9.840e-03
Adding new point: [13993.201    6096.202     453.71783] 

Compiling model...
'compile' took 0.000353 s

Training model...

Step      Train loss                                            Test loss                                             Test metric
144000    [6.42e-04, 2.71e-04, 5.97e-05, 1.72e-02, 1.72e-02]    [5.09e-04, 2.71e-04, 5.97e-05, 1.72e-02, 1.72e-02]    []  
145000    [5.28e-04, 2.77e-04, 6.62e-05, 1.07e-01, 1.07e-01]    [5.13e-04, 2.77e-04, 6.62e-05, 1.07e-01, 1.07e-01]    []  
146000    [6.19e-04, 2.69e-04, 6.89e-05, 1.79e-01, 1.79e-01]    [6.12e-04, 2.69e-04, 6.89e-05, 1.79e-01, 1.79e-01]    []  
Epoch 146001: early stopping

Best model at step 144000:
  train loss: 3.55e-02
  test loss: 3.53e-02
  test metric: []

'train' took 341.954148 s

Mean residual: 1.049e-02
Adding new point: [14190.388   6110.83     430.5724] 

Compiling model...
'compile' took 0.000265 s

Training model...

Step      Train loss                                            Test loss                                             Test metric
146001    [7.52e-04, 2.64e-04, 3.84e-05, 1.81e-01, 1.81e-01]    [7.08e-04, 2.64e-04, 3.84e-05, 1.81e-01, 1.81e-01]    []  
147000    [6.32e-04, 2.46e-04, 2.23e-05, 2.82e-02, 2.82e-02]    [6.32e-04, 2.46e-04, 2.23e-05, 2.82e-02, 2.82e-02]    []  
148000    [6.74e-04, 2.46e-04, 3.26e-05, 2.26e-02, 2.26e-02]    [6.71e-04, 2.46e-04, 3.26e-05, 2.26e-02, 2.26e-02]    []  
149000    [5.10e-04, 2.87e-04, 3.64e-06, 1.31e-02, 1.31e-02]    [5.07e-04, 2.87e-04, 3.64e-06, 1.31e-02, 1.31e-02]    []  
150000    [4.48e-04, 3.01e-04, 4.61e-05, 1.17e-02, 1.17e-02]    [4.47e-04, 3.01e-04, 4.61e-05, 1.17e-02, 1.17e-02]    []  
151000    [5.64e-04, 2.88e-04, 9.38e-05, 3.53e-02, 3.53e-02]    [5.64e-04, 2.88e-04, 9.38e-05, 3.53e-02, 3.53e-02]    []  
152000    [4.27e-04, 2.86e-04, 1.68e-05, 1.15e-02, 1.15e-02]    [4.26e-04, 2.86e-04, 1.68e-05, 1.15e-02, 1.15e-02]    []  
153000    [6.26e-04, 2.82e-04, 2.21e-05, 2.57e-01, 2.57e-01]    [6.26e-04, 2.82e-04, 2.21e-05, 2.57e-01, 2.57e-01]    []  
154000    [3.34e-04, 2.90e-04, 1.80e-05, 1.14e-02, 1.14e-02]    [3.26e-04, 2.90e-04, 1.80e-05, 1.14e-02, 1.14e-02]    []  
155000    [3.74e-04, 2.92e-04, 1.05e-05, 2.00e-02, 2.00e-02]    [3.75e-04, 2.92e-04, 1.05e-05, 2.00e-02, 2.00e-02]    []  
156000    [4.85e-04, 2.97e-04, 1.06e-04, 1.44e-01, 1.44e-01]    [4.85e-04, 2.97e-04, 1.06e-04, 1.44e-01, 1.44e-01]    []  
Epoch 156000: early stopping

Best model at step 154000:
  train loss: 2.35e-02
  test loss: 2.35e-02
  test metric: []

'train' took 1700.650737 s

Mean residual: 1.063e-02
Adding new point: [ 9510.558   18573.254     442.63834] 

Compiling model...
'compile' took 0.000358 s

Training model...

Step      Train loss                                            Test loss                                             Test metric
156000    [5.15e-04, 2.97e-04, 1.06e-04, 1.44e-01, 1.44e-01]    [4.85e-04, 2.97e-04, 1.06e-04, 1.44e-01, 1.44e-01]    []  
157000    [4.11e-04, 2.77e-04, 2.70e-06, 1.05e-02, 1.05e-02]    [4.07e-04, 2.77e-04, 2.70e-06, 1.05e-02, 1.05e-02]    []  
158000    [8.28e-04, 2.53e-04, 4.67e-05, 2.00e-01, 2.00e-01]    [8.28e-04, 2.53e-04, 4.67e-05, 2.00e-01, 2.00e-01]    []  
159000    [2.84e-04, 2.79e-04, 4.75e-05, 1.23e-02, 1.23e-02]    [2.84e-04, 2.79e-04, 4.75e-05, 1.23e-02, 1.23e-02]    []  
Epoch 159000: early stopping

Best model at step 157000:
  train loss: 2.18e-02
  test loss: 2.18e-02
  test metric: []

'train' took 509.148322 s

Mean residual: 9.147e-03
Adding new point: [16497.941   6756.618    396.1378] 

Compiling model...
'compile' took 0.000325 s

Training model...

Step      Train loss                                            Test loss                                             Test metric
159000    [2.97e-04, 2.79e-04, 4.75e-05, 1.23e-02, 1.23e-02]    [2.84e-04, 2.79e-04, 4.75e-05, 1.23e-02, 1.23e-02]    []  
160000    [3.74e-04, 2.54e-04, 5.64e-05, 9.04e-02, 9.04e-02]    [3.72e-04, 2.54e-04, 5.64e-05, 9.04e-02, 9.04e-02]    []  
161000    [1.98e-03, 2.54e-04, 6.90e-05, 2.16e-01, 2.16e-01]    [1.96e-03, 2.54e-04, 6.90e-05, 2.16e-01, 2.16e-01]    []  
Epoch 161001: early stopping

Best model at step 159000:
  train loss: 2.53e-02
  test loss: 2.53e-02
  test metric: []

'train' took 340.494805 s

Mean residual: 1.819e-02
Adding new point: [16252.59     7056.1523    593.59845] 

Compiling model...
'compile' took 0.000210 s

Training model...

Step      Train loss                                            Test loss                                             Test metric
161001    [1.31e-03, 2.50e-04, 1.62e-05, 6.80e-02, 6.80e-02]    [1.27e-03, 2.50e-04, 1.62e-05, 6.80e-02, 6.80e-02]    []  
162000    [4.08e-04, 2.38e-04, 1.93e-05, 1.29e-02, 1.29e-02]    [4.07e-04, 2.38e-04, 1.93e-05, 1.29e-02, 1.29e-02]    []  
163000    [7.17e-04, 2.59e-04, 2.47e-05, 3.37e-02, 3.37e-02]    [7.07e-04, 2.59e-04, 2.47e-05, 3.37e-02, 3.37e-02]    []  
164000    [2.62e-04, 2.42e-04, 4.19e-06, 1.12e-02, 1.12e-02]    [2.62e-04, 2.42e-04, 4.19e-06, 1.12e-02, 1.12e-02]    []  
165000    [5.19e-04, 2.64e-04, 2.02e-05, 9.01e-02, 9.01e-02]    [5.17e-04, 2.63e-04, 2.02e-05, 9.01e-02, 9.01e-02]    []  
166000    [2.81e-04, 2.67e-04, 6.19e-06, 9.68e-03, 9.68e-03]    [2.63e-04, 2.66e-04, 6.19e-06, 9.68e-03, 9.68e-03]    []  
167000    [7.05e-04, 4.34e-04, 7.17e-06, 1.83e-02, 1.83e-02]    [7.05e-04, 4.34e-04, 7.17e-06, 1.83e-02, 1.83e-02]    []  
168000    [8.53e-04, 4.16e-04, 1.05e-05, 9.53e-03, 9.53e-03]    [8.53e-04, 4.16e-04, 1.05e-05, 9.53e-03, 9.53e-03]    []  
Epoch 168000: early stopping

Best model at step 166000:
  train loss: 1.99e-02
  test loss: 1.99e-02
  test metric: []

'train' took 1187.675192 s

Mean residual: 1.699e-02
Adding new point: [13910.904     9734.936       64.822945] 

Compiling model...
'compile' took 0.000305 s

Training model...

Step      Train loss                                            Test loss                                             Test metric
168000    [8.68e-04, 4.16e-04, 1.05e-05, 9.53e-03, 9.53e-03]    [8.53e-04, 4.16e-04, 1.05e-05, 9.53e-03, 9.53e-03]    []  
169000    [4.36e-04, 3.82e-04, 1.36e-04, 9.36e-03, 9.36e-03]    [4.36e-04, 3.82e-04, 1.36e-04, 9.36e-03, 9.36e-03]    []  
170000    [5.48e-04, 3.37e-04, 5.94e-04, 2.08e-01, 2.08e-01]    [5.49e-04, 3.37e-04, 5.94e-04, 2.08e-01, 2.08e-01]    []  
171000    [4.17e-04, 3.63e-04, 3.38e-04, 9.22e-03, 9.22e-03]    [4.17e-04, 3.63e-04, 3.38e-04, 9.22e-03, 9.22e-03]    []  
172000    [6.10e-04, 4.15e-04, 1.90e-05, 2.72e-02, 2.72e-02]    [5.99e-04, 4.15e-04, 1.90e-05, 2.72e-02, 2.72e-02]    []  
173000    [6.15e-04, 4.03e-04, 8.77e-05, 1.05e-02, 1.05e-02]    [6.11e-04, 4.03e-04, 8.77e-05, 1.05e-02, 1.05e-02]    []  
Epoch 173000: early stopping

Best model at step 171000:
  train loss: 1.96e-02
  test loss: 1.96e-02
  test metric: []

'train' took 847.092274 s

Mean residual: 1.270e-02
Adding new point: [ 5733.1475 22196.19     449.2643] 

Compiling model...
'compile' took 0.000283 s

Training model...

Step      Train loss                                            Test loss                                             Test metric
173000    [6.28e-04, 4.03e-04, 8.77e-05, 1.05e-02, 1.05e-02]    [6.11e-04, 4.03e-04, 8.77e-05, 1.05e-02, 1.05e-02]    []  
174000    [6.76e-04, 3.09e-04, 7.94e-05, 1.00e-02, 1.00e-02]    [6.73e-04, 3.09e-04, 7.94e-05, 1.00e-02, 1.00e-02]    []  
175000    [4.48e-04, 3.74e-04, 2.49e-05, 8.73e-03, 8.73e-03]    [4.45e-04, 3.74e-04, 2.49e-05, 8.73e-03, 8.73e-03]    []  
176000    [1.20e-03, 3.82e-04, 1.01e-04, 1.74e-02, 1.74e-02]    [1.20e-03, 3.82e-04, 1.01e-04, 1.74e-02, 1.74e-02]    []  
177000    [3.28e-04, 3.70e-04, 2.84e-06, 8.41e-03, 8.41e-03]    [3.28e-04, 3.70e-04, 2.84e-06, 8.41e-03, 8.41e-03]    []  
178000    [4.19e-04, 3.93e-04, 4.87e-06, 9.25e-03, 9.25e-03]    [4.19e-04, 3.93e-04, 4.87e-06, 9.25e-03, 9.25e-03]    []  
179000    [4.22e-04, 4.04e-04, 2.11e-05, 1.03e-02, 1.03e-02]    [4.22e-04, 4.04e-04, 2.11e-05, 1.03e-02, 1.03e-02]    []  
Epoch 179000: early stopping

Best model at step 177000:
  train loss: 1.75e-02
  test loss: 1.75e-02
  test metric: []

'train' took 1019.966492 s

Mean residual: 1.151e-02
Adding new point: [14382.064    6159.3535    579.15247] 

Compiling model...
'compile' took 0.000313 s

Training model...

Step      Train loss                                            Test loss                                             Test metric
179000    [4.44e-04, 4.04e-04, 2.11e-05, 1.03e-02, 1.03e-02]    [4.22e-04, 4.04e-04, 2.11e-05, 1.03e-02, 1.03e-02]    []  
180000    [5.59e-04, 3.62e-04, 1.86e-04, 3.67e-02, 3.67e-02]    [5.59e-04, 3.62e-04, 1.86e-04, 3.67e-02, 3.67e-02]    []  
181000    [4.39e-04, 4.24e-04, 1.46e-05, 9.23e-03, 9.23e-03]    [4.39e-04, 4.24e-04, 1.46e-05, 9.23e-03, 9.23e-03]    []  
182000    [5.43e-04, 3.99e-04, 4.85e-05, 1.09e-02, 1.09e-02]    [5.42e-04, 3.99e-04, 4.85e-05, 1.09e-02, 1.09e-02]    []  
183000    [4.82e-04, 4.23e-04, 1.58e-05, 1.13e-02, 1.13e-02]    [4.82e-04, 4.23e-04, 1.58e-05, 1.13e-02, 1.13e-02]    []  
Epoch 183000: early stopping

Best model at step 181000:
  train loss: 1.93e-02
  test loss: 1.93e-02
  test metric: []

'train' took 679.055904 s

Mean residual: 1.298e-02
Adding new point: [19490.807    3093.4473    567.07416] 

Compiling model...
'compile' took 0.000231 s

Training model...

Step      Train loss                                            Test loss                                             Test metric
183000    [4.96e-04, 4.23e-04, 1.58e-05, 1.13e-02, 1.13e-02]    [4.82e-04, 4.23e-04, 1.58e-05, 1.13e-02, 1.13e-02]    []  
184000    [1.30e-03, 4.04e-04, 8.16e-05, 2.39e-02, 2.39e-02]    [1.30e-03, 4.04e-04, 8.16e-05, 2.39e-02, 2.39e-02]    []  
185000    [3.59e-04, 4.01e-04, 1.49e-05, 8.65e-03, 8.65e-03]    [3.58e-04, 4.01e-04, 1.49e-05, 8.65e-03, 8.65e-03]    []  
186000    [3.04e-04, 4.04e-04, 1.75e-05, 7.73e-03, 7.73e-03]    [3.04e-04, 4.04e-04, 1.75e-05, 7.73e-03, 7.73e-03]    []  
187000    [4.02e-04, 4.03e-04, 8.29e-05, 7.71e-03, 7.71e-03]    [4.02e-04, 4.03e-04, 8.29e-05, 7.71e-03, 7.71e-03]    []  
188000    [3.51e-04, 3.52e-04, 1.70e-04, 7.56e-03, 7.56e-03]    [3.51e-04, 3.52e-04, 1.70e-04, 7.56e-03, 7.56e-03]    []  
189000    [2.85e-04, 3.44e-04, 9.25e-07, 7.51e-03, 7.51e-03]    [2.84e-04, 3.44e-04, 9.25e-07, 7.51e-03, 7.51e-03]    []  
190000    [2.71e-04, 3.04e-04, 2.46e-04, 7.90e-03, 7.90e-03]    [2.71e-04, 3.04e-04, 2.46e-04, 7.90e-03, 7.90e-03]    []  
191000    [4.19e-04, 2.99e-04, 4.12e-05, 5.89e-02, 5.89e-02]    [4.17e-04, 2.99e-04, 4.12e-05, 5.89e-02, 5.89e-02]    []  
Epoch 191000: early stopping

Best model at step 189000:
  train loss: 1.56e-02
  test loss: 1.56e-02
  test metric: []

'train' took 1361.146475 s

Mean residual: 9.758e-03
Adding new point: [24678.873  11662.455    261.0328] 

Compiling model...
'compile' took 0.000310 s

Training model...

Step      Train loss                                            Test loss                                             Test metric
191000    [4.34e-04, 2.99e-04, 4.12e-05, 5.89e-02, 5.89e-02]    [4.17e-04, 2.99e-04, 4.12e-05, 5.89e-02, 5.89e-02]    []  
192000    [2.88e-04, 3.03e-04, 2.65e-05, 7.58e-03, 7.58e-03]    [2.88e-04, 3.03e-04, 2.65e-05, 7.58e-03, 7.58e-03]    []  
193000    [3.80e-04, 3.34e-04, 3.82e-06, 7.36e-03, 7.36e-03]    [3.79e-04, 3.34e-04, 3.82e-06, 7.36e-03, 7.36e-03]    []  
194000    [4.45e-04, 3.16e-04, 4.35e-05, 7.18e-03, 7.18e-03]    [4.45e-04, 3.16e-04, 4.35e-05, 7.18e-03, 7.18e-03]    []  
195000    [3.55e-04, 3.35e-04, 2.08e-06, 7.01e-03, 7.01e-03]    [3.55e-04, 3.34e-04, 2.08e-06, 7.01e-03, 7.01e-03]    []  
196000    [3.34e-04, 2.67e-04, 1.13e-05, 7.68e-03, 7.68e-03]    [3.34e-04, 2.66e-04, 1.13e-05, 7.68e-03, 7.68e-03]    []  
197000    [9.48e-04, 2.93e-04, 1.78e-04, 1.11e-01, 1.11e-01]    [9.23e-04, 2.93e-04, 1.78e-04, 1.11e-01, 1.11e-01]    []  
Epoch 197000: early stopping

Best model at step 195000:
  train loss: 1.47e-02
  test loss: 1.47e-02
  test metric: []

'train' took 1020.515467 s

Mean residual: 1.051e-02
Adding new point: [16968.943   13463.371     327.92688] 

Compiling model...
'compile' took 0.000270 s

Training model...

Step      Train loss                                            Test loss                                             Test metric
197000    [1.02e-03, 2.93e-04, 1.78e-04, 1.11e-01, 1.11e-01]    [9.23e-04, 2.93e-04, 1.78e-04, 1.11e-01, 1.11e-01]    []  
198000    [3.65e-04, 2.80e-04, 1.05e-04, 7.31e-03, 7.31e-03]    [3.50e-04, 2.79e-04, 1.05e-04, 7.31e-03, 7.31e-03]    []  
199000    [3.67e-04, 2.13e-04, 4.38e-05, 2.92e-02, 2.92e-02]    [3.60e-04, 2.12e-04, 4.38e-05, 2.92e-02, 2.92e-02]    []  
200000    [5.59e-04, 2.12e-04, 1.45e-04, 4.01e-02, 4.01e-02]    [5.59e-04, 2.11e-04, 1.45e-04, 4.01e-02, 4.01e-02]    []  
Epoch 200000: early stopping

Best model at step 198000:
  train loss: 1.54e-02
  test loss: 1.53e-02
  test metric: []

'train' took 515.319846 s

Mean residual: 1.269e-02
Adding new point: [ 8742.742  34334.574    529.1155] 

Compiling model...
'compile' took 0.000242 s

Training model...

Step      Train loss                                            Test loss                                             Test metric
200000    [5.78e-04, 2.12e-04, 1.45e-04, 4.01e-02, 4.01e-02]    [5.59e-04, 2.11e-04, 1.45e-04, 4.01e-02, 4.01e-02]    []  
201000    [2.62e-04, 2.13e-04, 1.56e-05, 6.92e-03, 6.92e-03]    [2.62e-04, 2.13e-04, 1.56e-05, 6.92e-03, 6.92e-03]    []  
202000    [8.42e-04, 2.43e-04, 2.68e-05, 6.72e-03, 6.72e-03]    [8.42e-04, 2.43e-04, 2.68e-05, 6.72e-03, 6.72e-03]    []  
203000    [1.79e-03, 2.81e-04, 2.46e-04, 1.83e-02, 1.83e-02]    [1.79e-03, 2.80e-04, 2.46e-04, 1.83e-02, 1.83e-02]    []  
Epoch 203000: early stopping

Best model at step 201000:
  train loss: 1.43e-02
  test loss: 1.43e-02
  test metric: []

'train' took 513.086821 s

Mean residual: 1.349e-02
Adding new point: [68237.42    55757.62      121.54552] 

Compiling model...
'compile' took 0.000397 s

Training model...

Step      Train loss                                            Test loss                                             Test metric
203000    [2.81e-03, 2.81e-04, 2.46e-04, 1.83e-02, 1.83e-02]    [1.79e-03, 2.80e-04, 2.46e-04, 1.83e-02, 1.83e-02]    []  
204000    [6.13e-04, 2.87e-04, 2.82e-04, 2.06e-02, 2.06e-02]    [6.14e-04, 2.87e-04, 2.82e-04, 2.06e-02, 2.06e-02]    []  
205000    [5.90e-04, 3.18e-04, 5.89e-05, 7.08e-03, 7.08e-03]    [5.90e-04, 3.18e-04, 5.89e-05, 7.08e-03, 7.08e-03]    []  
206000    [5.68e-04, 3.39e-04, 1.02e-05, 6.38e-03, 6.38e-03]    [5.68e-04, 3.39e-04, 1.02e-05, 6.38e-03, 6.38e-03]    []  
207000    [5.85e-04, 3.31e-04, 4.24e-06, 8.46e-03, 8.46e-03]    [5.86e-04, 3.31e-04, 4.24e-06, 8.46e-03, 8.46e-03]    []  
208000    [1.11e-03, 3.37e-04, 6.73e-05, 2.89e-01, 2.89e-01]    [1.11e-03, 3.37e-04, 6.73e-05, 2.89e-01, 2.89e-01]    []  
Epoch 208000: early stopping

Best model at step 206000:
  train loss: 1.37e-02
  test loss: 1.37e-02
  test metric: []

'train' took 853.446508 s

Mean residual: 1.806e-02
Adding new point: [13600.735   11120.194     109.71873] 

Compiling model...
'compile' took 0.000209 s

Training model...

Step      Train loss                                            Test loss                                             Test metric
208000    [1.13e-03, 3.37e-04, 6.73e-05, 2.89e-01, 2.89e-01]    [1.11e-03, 3.37e-04, 6.73e-05, 2.89e-01, 2.89e-01]    []  
209000    [3.66e-04, 3.01e-04, 4.37e-06, 6.27e-03, 6.27e-03]    [3.65e-04, 3.01e-04, 4.37e-06, 6.27e-03, 6.27e-03]    []  
210000    [3.95e-04, 2.91e-04, 2.09e-06, 6.55e-03, 6.55e-03]    [3.96e-04, 2.91e-04, 2.09e-06, 6.55e-03, 6.55e-03]    []  
211000    [6.86e-04, 3.01e-04, 8.41e-05, 6.55e-02, 6.55e-02]    [6.86e-04, 3.01e-04, 8.41e-05, 6.55e-02, 6.55e-02]    []  
Epoch 211000: early stopping

Best model at step 209000:
  train loss: 1.32e-02
  test loss: 1.32e-02
  test metric: []

'train' took 511.706393 s

Mean residual: 1.424e-02
Adding new point: [62177.11     55796.71        62.223667] 

Compiling model...
'compile' took 0.000207 s

Training model...

Step      Train loss                                            Test loss                                             Test metric
211000    [7.53e-04, 3.01e-04, 8.41e-05, 6.55e-02, 6.55e-02]    [6.86e-04, 3.01e-04, 8.41e-05, 6.55e-02, 6.55e-02]    []  
212000    [5.19e-04, 3.03e-04, 4.22e-05, 2.21e-01, 2.21e-01]    [5.17e-04, 3.03e-04, 4.22e-05, 2.21e-01, 2.21e-01]    []  
213000    [5.20e-04, 3.19e-04, 5.55e-06, 6.05e-03, 6.05e-03]    [5.20e-04, 3.19e-04, 5.55e-06, 6.05e-03, 6.05e-03]    []  
214000    [3.40e-04, 3.39e-04, 4.13e-06, 5.96e-03, 5.96e-03]    [3.40e-04, 3.38e-04, 4.13e-06, 5.96e-03, 5.96e-03]    []  
215000    [7.30e-04, 3.32e-04, 5.91e-05, 1.19e-01, 1.19e-01]    [7.30e-04, 3.32e-04, 5.91e-05, 1.19e-01, 1.19e-01]    []  
216000    [4.66e-04, 3.01e-04, 5.30e-06, 5.98e-03, 5.98e-03]    [4.64e-04, 3.01e-04, 5.30e-06, 5.98e-03, 5.98e-03]    []  
Epoch 216000: early stopping

Best model at step 214000:
  train loss: 1.26e-02
  test loss: 1.26e-02
  test metric: []

'train' took 848.778436 s

Mean residual: 9.479e-03
Adding new point: [16345.733  12912.295    459.9433] 

Compiling model...
'compile' took 0.000242 s

Training model...

Step      Train loss                                            Test loss                                             Test metric
216000    [4.83e-04, 3.01e-04, 5.30e-06, 5.98e-03, 5.98e-03]    [4.64e-04, 3.01e-04, 5.30e-06, 5.98e-03, 5.98e-03]    []  
217000    [4.49e-04, 3.17e-04, 2.58e-05, 5.95e-03, 5.95e-03]    [4.49e-04, 3.17e-04, 2.58e-05, 5.95e-03, 5.95e-03]    []  
218000    [5.28e-04, 3.28e-04, 2.58e-04, 2.86e-02, 2.86e-02]    [5.29e-04, 3.27e-04, 2.58e-04, 2.86e-02, 2.86e-02]    []  
Epoch 218001: early stopping

Best model at step 217000:
  train loss: 1.27e-02
  test loss: 1.27e-02
  test metric: []

'train' took 341.284674 s

Mean residual: 1.079e-02
Adding new point: [14021.382  11249.586    268.0519] 

Compiling model...
'compile' took 0.000229 s

Training model...

Step      Train loss                                            Test loss                                             Test metric
218001    [5.00e-04, 3.30e-04, 2.37e-05, 3.67e-02, 3.67e-02]    [4.60e-04, 3.30e-04, 2.37e-05, 3.67e-02, 3.67e-02]    []  
219000    [2.60e-04, 3.05e-04, 1.34e-05, 5.63e-03, 5.63e-03]    [2.58e-04, 3.05e-04, 1.34e-05, 5.63e-03, 5.63e-03]    []  
220000    [5.25e-04, 3.25e-04, 5.68e-05, 5.82e-03, 5.82e-03]    [5.25e-04, 3.25e-04, 5.68e-05, 5.82e-03, 5.82e-03]    []  
221000    [4.80e-04, 3.33e-04, 5.28e-06, 5.82e-03, 5.82e-03]    [4.77e-04, 3.32e-04, 5.28e-06, 5.82e-03, 5.82e-03]    []  
Epoch 221000: early stopping

Best model at step 219000:
  train loss: 1.18e-02
  test loss: 1.18e-02
  test metric: []

'train' took 511.182765 s

Mean residual: 9.928e-03
Adding new point: [69479.07    54467.574     377.95782] 

Compiling model...
'compile' took 0.000579 s

Training model...

Step      Train loss                                            Test loss                                             Test metric
221000    [4.96e-04, 3.33e-04, 5.28e-06, 5.82e-03, 5.82e-03]    [4.77e-04, 3.32e-04, 5.28e-06, 5.82e-03, 5.82e-03]    []  
222000    [4.31e-04, 2.99e-04, 2.26e-06, 5.81e-03, 5.81e-03]    [4.30e-04, 2.98e-04, 2.26e-06, 5.81e-03, 5.81e-03]    []  
223000    [4.52e-04, 2.79e-04, 8.02e-05, 6.98e-03, 6.98e-03]    [4.52e-04, 2.79e-04, 8.02e-05, 6.98e-03, 6.98e-03]    []  
224000    [5.17e-04, 3.44e-04, 1.50e-05, 2.94e-02, 2.94e-02]    [5.16e-04, 3.44e-04, 1.50e-05, 2.94e-02, 2.94e-02]    []  
Epoch 224000: early stopping

Best model at step 222000:
  train loss: 1.24e-02
  test loss: 1.23e-02
  test metric: []

'train' took 511.854605 s

Mean residual: 1.179e-02
Adding new point: [22707.328   69421.42      186.12428] 

Compiling model...
'compile' took 0.000268 s

Training model...

Step      Train loss                                            Test loss                                             Test metric
224000    [5.29e-04, 3.44e-04, 1.50e-05, 2.94e-02, 2.94e-02]    [5.16e-04, 3.44e-04, 1.50e-05, 2.94e-02, 2.94e-02]    []  
225000    [3.75e-04, 3.60e-04, 4.58e-05, 5.59e-03, 5.59e-03]    [3.75e-04, 3.60e-04, 4.58e-05, 5.59e-03, 5.59e-03]    []  
226000    [6.60e-04, 3.40e-04, 5.92e-05, 4.92e-02, 4.92e-02]    [6.60e-04, 3.39e-04, 5.92e-05, 4.92e-02, 4.92e-02]    []  
227000    [3.92e-04, 3.31e-04, 1.92e-05, 5.40e-03, 5.40e-03]    [3.91e-04, 3.31e-04, 1.92e-05, 5.40e-03, 5.40e-03]    []  
228000    [8.10e-04, 3.65e-04, 1.75e-05, 3.03e-02, 3.03e-02]    [8.08e-04, 3.65e-04, 1.75e-05, 3.03e-02, 3.03e-02]    []  
229000    [2.73e-04, 3.14e-04, 1.06e-06, 5.43e-03, 5.43e-03]    [2.73e-04, 3.14e-04, 1.06e-06, 5.43e-03, 5.43e-03]    []  
Epoch 229000: early stopping

Best model at step 229000:
  train loss: 1.15e-02
  test loss: 1.15e-02
  test metric: []

'train' took 856.150626 s

Mean residual: 9.881e-03
Adding new point: [14851.405   10781.859     288.24042] 

Compiling model...
'compile' took 0.000311 s

Training model...

Step      Train loss                                            Test loss                                             Test metric
229000    [2.97e-04, 3.14e-04, 1.06e-06, 5.43e-03, 5.43e-03]    [2.73e-04, 3.14e-04, 1.06e-06, 5.43e-03, 5.43e-03]    []  
230000    [3.14e-04, 3.08e-04, 1.20e-05, 5.30e-03, 5.30e-03]    [3.07e-04, 3.08e-04, 1.20e-05, 5.30e-03, 5.30e-03]    []  
231000    [6.89e-04, 3.48e-04, 5.53e-05, 3.73e-02, 3.73e-02]    [6.87e-04, 3.48e-04, 5.53e-05, 3.73e-02, 3.73e-02]    []  
232000    [2.69e-04, 3.22e-04, 3.93e-05, 5.39e-03, 5.39e-03]    [2.69e-04, 3.21e-04, 3.93e-05, 5.39e-03, 5.39e-03]    []  
Epoch 232000: early stopping

Best model at step 230000:
  train loss: 1.12e-02
  test loss: 1.12e-02
  test metric: []

'train' took 519.196219 s

Mean residual: 9.694e-03
Adding new point: [10005.021   9927.763    580.9701] 

Compiling model...
'compile' took 0.000475 s

Training model...

Step      Train loss                                            Test loss                                             Test metric
232000    [2.82e-04, 3.22e-04, 3.93e-05, 5.39e-03, 5.39e-03]    [2.69e-04, 3.21e-04, 3.93e-05, 5.39e-03, 5.39e-03]    []  
233000    [2.60e-04, 3.10e-04, 1.12e-05, 5.27e-03, 5.27e-03]    [2.60e-04, 3.09e-04, 1.12e-05, 5.27e-03, 5.27e-03]    []  
234000    [6.37e-04, 3.59e-04, 7.63e-05, 6.63e-03, 6.63e-03]    [6.36e-04, 3.59e-04, 7.63e-05, 6.63e-03, 6.63e-03]    []  
235000    [5.30e-04, 3.57e-04, 2.49e-05, 7.25e-03, 7.25e-03]    [5.30e-04, 3.56e-04, 2.49e-05, 7.25e-03, 7.25e-03]    []  
Epoch 235000: early stopping

Best model at step 233000:
  train loss: 1.11e-02
  test loss: 1.11e-02
  test metric: []

'train' took 513.382459 s

Mean residual: 1.147e-02
Adding new point: [ 7351.638 18162.281   300.836] 

Compiling model...
'compile' took 0.000290 s

Training model...

Step      Train loss                                            Test loss                                             Test metric
235000    [5.64e-04, 3.57e-04, 2.49e-05, 7.25e-03, 7.25e-03]    [5.30e-04, 3.56e-04, 2.49e-05, 7.25e-03, 7.25e-03]    []  
236000    [3.69e-04, 3.72e-04, 3.30e-06, 5.18e-03, 5.18e-03]    [3.68e-04, 3.72e-04, 3.30e-06, 5.18e-03, 5.18e-03]    []  
237000    [6.39e-04, 3.37e-04, 4.24e-05, 5.32e-03, 5.32e-03]    [6.39e-04, 3.36e-04, 4.24e-05, 5.32e-03, 5.32e-03]    []  
238000    [5.18e-04, 3.40e-04, 1.11e-05, 7.09e-03, 7.09e-03]    [5.14e-04, 3.39e-04, 1.11e-05, 7.09e-03, 7.09e-03]    []  
Epoch 238000: early stopping

Best model at step 236000:
  train loss: 1.11e-02
  test loss: 1.11e-02
  test metric: []

'train' took 510.654885 s

Mean residual: 1.039e-02
Adding new point: [ 6276.676  14912.506    524.9549] 

Compiling model...
'compile' took 0.000771 s

Training model...

Step      Train loss                                            Test loss                                             Test metric
238000    [5.72e-04, 3.40e-04, 1.11e-05, 7.09e-03, 7.09e-03]    [5.14e-04, 3.39e-04, 1.11e-05, 7.09e-03, 7.09e-03]    []  
239000    [5.93e-04, 3.47e-04, 5.35e-05, 5.77e-02, 5.77e-02]    [5.94e-04, 3.47e-04, 5.35e-05, 5.77e-02, 5.77e-02]    []  
240000    [4.99e-04, 3.35e-04, 7.97e-05, 6.03e-02, 6.03e-02]    [4.99e-04, 3.35e-04, 7.97e-05, 6.03e-02, 6.03e-02]    []  
Epoch 240001: early stopping

Best model at step 238000:
  train loss: 1.51e-02
  test loss: 1.50e-02
  test metric: []

'train' took 340.903759 s

Mean residual: 1.271e-02
Adding new point: [ 8277.346   18897.879     489.73096] 

Compiling model...
'compile' took 0.000237 s

Training model...

Step      Train loss                                            Test loss                                             Test metric
240001    [6.36e-04, 3.36e-04, 4.82e-05, 1.35e-02, 1.35e-02]    [5.56e-04, 3.35e-04, 4.82e-05, 1.35e-02, 1.35e-02]    []  
241000    [3.93e-04, 3.36e-04, 5.72e-05, 2.29e-02, 2.29e-02]    [3.93e-04, 3.36e-04, 5.72e-05, 2.29e-02, 2.29e-02]    []  
242000    [2.50e-04, 3.02e-04, 8.64e-06, 4.93e-03, 4.93e-03]    [2.50e-04, 3.01e-04, 8.64e-06, 4.93e-03, 4.93e-03]    []  
243000    [2.52e-04, 2.88e-04, 5.02e-06, 4.91e-03, 4.91e-03]    [2.51e-04, 2.88e-04, 5.02e-06, 4.91e-03, 4.91e-03]    []  
244000    [3.30e-04, 2.92e-04, 2.53e-06, 4.81e-03, 4.81e-03]    [3.30e-04, 2.92e-04, 2.53e-06, 4.81e-03, 4.81e-03]    []  
245000    [3.70e-04, 2.89e-04, 3.05e-06, 4.94e-03, 4.94e-03]    [3.66e-04, 2.89e-04, 3.05e-06, 4.94e-03, 4.94e-03]    []  
246000    [4.30e-04, 2.88e-04, 4.34e-06, 4.81e-03, 4.81e-03]    [4.04e-04, 2.88e-04, 4.34e-06, 4.81e-03, 4.81e-03]    []  
Epoch 246000: early stopping

Best model at step 244000:
  train loss: 1.03e-02
  test loss: 1.03e-02
  test metric: []

'train' took 1033.059159 s

Mean residual: 9.379e-03
Adding new point: [69177.27    52569.1        87.85508] 

Compiling model...
'compile' took 0.000439 s

Training model...

Step      Train loss                                            Test loss                                             Test metric
246000    [4.53e-04, 2.88e-04, 4.34e-06, 4.81e-03, 4.81e-03]    [4.04e-04, 2.88e-04, 4.34e-06, 4.81e-03, 4.81e-03]    []  
247000    [7.25e-04, 3.05e-04, 7.37e-04, 5.50e-02, 5.50e-02]    [7.25e-04, 3.05e-04, 7.37e-04, 5.50e-02, 5.50e-02]    []  
248000    [5.24e-04, 3.26e-04, 1.34e-04, 4.96e-03, 4.96e-03]    [5.24e-04, 3.26e-04, 1.34e-04, 4.96e-03, 4.96e-03]    []  
Epoch 248001: early stopping

Best model at step 246000:
  train loss: 1.04e-02
  test loss: 1.03e-02
  test metric: []

'train' took 341.963086 s

Mean residual: 1.020e-02
Adding new point: [66198.98    30779.031     350.00153] 

Compiling model...
'compile' took 0.000214 s

Training model...

Step      Train loss                                            Test loss                                             Test metric
248001    [5.26e-04, 3.26e-04, 7.47e-05, 4.98e-03, 4.98e-03]    [5.08e-04, 3.26e-04, 7.47e-05, 4.98e-03, 4.98e-03]    []  
249000    [5.40e-04, 3.28e-04, 1.04e-04, 4.70e-03, 4.70e-03]    [5.40e-04, 3.28e-04, 1.04e-04, 4.70e-03, 4.70e-03]    []  
250000    [2.98e-04, 3.31e-04, 6.83e-06, 5.44e-03, 5.44e-03]    [2.99e-04, 3.30e-04, 6.83e-06, 5.44e-03, 5.44e-03]    []  
251000    [8.79e-04, 2.36e-04, 6.14e-05, 7.39e-02, 7.39e-02]    [8.80e-04, 2.36e-04, 6.14e-05, 7.39e-02, 7.39e-02]    []  
Epoch 251000: early stopping

Best model at step 249000:
  train loss: 1.04e-02
  test loss: 1.04e-02
  test metric: []

'train' took 502.156226 s

Mean residual: 1.467e-02
Adding new point: [ 6788.3306 16660.988    282.5582] 

Compiling model...
'compile' took 0.000179 s

Training model...

Step      Train loss                                            Test loss                                             Test metric
251000    [9.39e-04, 2.36e-04, 6.14e-05, 7.39e-02, 7.39e-02]    [8.80e-04, 2.36e-04, 6.14e-05, 7.39e-02, 7.39e-02]    []  
252000    [4.29e-04, 2.58e-04, 2.50e-05, 1.99e-02, 1.99e-02]    [4.29e-04, 2.58e-04, 2.50e-05, 1.99e-02, 1.99e-02]    []  
253000    [5.87e-04, 3.29e-04, 3.43e-06, 4.57e-03, 4.57e-03]    [5.86e-04, 3.28e-04, 3.43e-06, 4.57e-03, 4.57e-03]    []  
254000    [7.93e-04, 3.28e-04, 1.56e-05, 4.55e-03, 4.55e-03]    [7.90e-04, 3.28e-04, 1.56e-05, 4.55e-03, 4.55e-03]    []  
255000    [4.01e-04, 3.19e-04, 8.85e-05, 7.06e-03, 7.06e-03]    [3.99e-04, 3.19e-04, 8.85e-05, 7.06e-03, 7.06e-03]    []  
Epoch 255000: early stopping

Best model at step 253000:
  train loss: 1.01e-02
  test loss: 1.01e-02
  test metric: []

'train' took 667.583759 s

Mean residual: 1.076e-02
Adding new point: [ 5605.988  14270.028    599.0884] 

Compiling model...
'compile' took 0.000158 s

Training model...

Step      Train loss                                            Test loss                                             Test metric
255000    [4.09e-04, 3.19e-04, 8.85e-05, 7.06e-03, 7.06e-03]    [3.99e-04, 3.19e-04, 8.85e-05, 7.06e-03, 7.06e-03]    []  
256000    [2.79e-04, 3.06e-04, 1.64e-05, 4.50e-03, 4.50e-03]    [2.79e-04, 3.05e-04, 1.64e-05, 4.50e-03, 4.50e-03]    []  
257000    [6.43e-04, 3.05e-04, 1.98e-05, 5.94e-02, 5.94e-02]    [6.39e-04, 3.05e-04, 1.98e-05, 5.94e-02, 5.94e-02]    []  
258000    [3.91e-04, 2.86e-04, 7.10e-05, 4.51e-03, 4.51e-03]    [3.90e-04, 2.86e-04, 7.10e-05, 4.51e-03, 4.51e-03]    []  
Epoch 258000: early stopping

Best model at step 256000:
  train loss: 9.60e-03
  test loss: 9.60e-03
  test metric: []

'train' took 501.851941 s

Mean residual: 9.671e-03
Adding new point: [12658.1875 11385.172    241.9692] 

Compiling model...
'compile' took 0.000164 s

Training model...

Step      Train loss                                            Test loss                                             Test metric
258000    [4.11e-04, 2.86e-04, 7.10e-05, 4.51e-03, 4.51e-03]    [3.90e-04, 2.86e-04, 7.10e-05, 4.51e-03, 4.51e-03]    []  
259000    [4.12e-04, 2.77e-04, 7.33e-06, 4.73e-03, 4.73e-03]    [3.97e-04, 2.77e-04, 7.33e-06, 4.73e-03, 4.73e-03]    []  
260000    [3.90e-04, 2.63e-04, 3.75e-05, 7.58e-03, 7.58e-03]    [3.90e-04, 2.63e-04, 3.75e-05, 7.58e-03, 7.58e-03]    []  
Epoch 260001: early stopping

Best model at step 258000:
  train loss: 9.79e-03
  test loss: 9.77e-03
  test metric: []

'train' took 334.685784 s

Mean residual: 9.126e-03
Adding new point: [68744.43    53103.38      355.38318] 

Compiling model...
'compile' took 0.000206 s

Training model...

Step      Train loss                                            Test loss                                             Test metric
260001    [4.36e-04, 2.61e-04, 4.35e-05, 9.69e-03, 9.69e-03]    [4.05e-04, 2.60e-04, 4.35e-05, 9.69e-03, 9.69e-03]    []  
261000    [2.67e-04, 2.78e-04, 3.05e-06, 4.36e-03, 4.36e-03]    [2.68e-04, 2.77e-04, 3.05e-06, 4.36e-03, 4.36e-03]    []  
262000    [4.42e-04, 3.13e-04, 9.26e-05, 5.35e-03, 5.35e-03]    [4.40e-04, 3.12e-04, 9.26e-05, 5.35e-03, 5.35e-03]    []  
263000    [2.77e-04, 2.94e-04, 6.39e-06, 4.24e-03, 4.24e-03]    [2.76e-04, 2.93e-04, 6.39e-06, 4.24e-03, 4.24e-03]    []  
264000    [5.49e-04, 3.18e-04, 1.30e-05, 3.68e-02, 3.68e-02]    [5.48e-04, 3.17e-04, 1.30e-05, 3.68e-02, 3.68e-02]    []  
265000    [3.97e-04, 3.22e-04, 1.06e-05, 4.28e-03, 4.28e-03]    [3.96e-04, 3.22e-04, 1.06e-05, 4.28e-03, 4.28e-03]    []  
Epoch 265000: early stopping

Best model at step 263000:
  train loss: 9.05e-03
  test loss: 9.05e-03
  test metric: []

'train' took 835.287252 s

Mean residual: 1.211e-02
Adding new point: [68622.09    54099.3       451.17017] 

Compiling model...
'compile' took 0.000173 s

Training model...

Step      Train loss                                            Test loss                                             Test metric
265000    [4.08e-04, 3.22e-04, 1.06e-05, 4.28e-03, 4.28e-03]    [3.96e-04, 3.22e-04, 1.06e-05, 4.28e-03, 4.28e-03]    []  
266000    [2.69e-04, 3.30e-04, 9.07e-06, 4.28e-03, 4.28e-03]    [2.63e-04, 3.29e-04, 9.07e-06, 4.28e-03, 4.28e-03]    []  
267000    [2.50e-04, 2.85e-04, 9.74e-06, 4.25e-03, 4.25e-03]    [2.50e-04, 2.84e-04, 9.74e-06, 4.25e-03, 4.25e-03]    []  
268000    [3.54e-04, 2.96e-04, 1.58e-05, 4.16e-03, 4.16e-03]    [3.55e-04, 2.95e-04, 1.58e-05, 4.16e-03, 4.16e-03]    []  
269000    [3.35e-04, 2.92e-04, 1.96e-05, 4.19e-03, 4.19e-03]    [3.25e-04, 2.92e-04, 1.96e-05, 4.19e-03, 4.19e-03]    []  
Epoch 269000: early stopping

Best model at step 268000:
  train loss: 8.98e-03
  test loss: 8.98e-03
  test metric: []

'train' took 668.218257 s

Mean residual: 9.234e-03
Adding new point: [67952.54    53240.605     540.54767] 

Compiling model...
'compile' took 0.000176 s

Training model...

Step      Train loss                                            Test loss                                             Test metric
269000    [3.46e-04, 2.92e-04, 1.96e-05, 4.19e-03, 4.19e-03]    [3.25e-04, 2.92e-04, 1.96e-05, 4.19e-03, 4.19e-03]    []  
270000    [6.47e-04, 2.68e-04, 2.78e-05, 1.39e-02, 1.39e-02]    [6.46e-04, 2.68e-04, 2.78e-05, 1.39e-02, 1.39e-02]    []  
271000    [1.91e-04, 2.43e-04, 1.37e-06, 4.12e-03, 4.12e-03]    [1.91e-04, 2.43e-04, 1.37e-06, 4.12e-03, 4.12e-03]    []  
272000    [4.00e-04, 2.39e-04, 7.15e-06, 8.04e-03, 8.04e-03]    [3.90e-04, 2.38e-04, 7.15e-06, 8.04e-03, 8.04e-03]    []  
273000    [3.22e-04, 2.62e-04, 8.91e-06, 1.08e-02, 1.08e-02]    [3.21e-04, 2.61e-04, 8.91e-06, 1.08e-02, 1.08e-02]    []  
Epoch 273000: early stopping

Best model at step 271000:
  train loss: 8.68e-03
  test loss: 8.68e-03
  test metric: []

'train' took 668.273936 s

Mean residual: 1.023e-02
Adding new point: [20668.4     61380.457     242.92445] 

Compiling model...
'compile' took 0.000174 s

Training model...

Step      Train loss                                            Test loss                                             Test metric
273000    [3.44e-04, 2.62e-04, 8.91e-06, 1.08e-02, 1.08e-02]    [3.21e-04, 2.61e-04, 8.91e-06, 1.08e-02, 1.08e-02]    []  
274000    [5.67e-04, 2.85e-04, 6.19e-05, 4.86e-03, 4.86e-03]    [5.67e-04, 2.85e-04, 6.19e-05, 4.86e-03, 4.86e-03]    []  
275000    [3.82e-04, 2.76e-04, 3.90e-06, 4.02e-03, 4.02e-03]    [3.82e-04, 2.76e-04, 3.90e-06, 4.02e-03, 4.02e-03]    []  
276000    [2.34e-03, 2.70e-04, 5.03e-05, 1.63e-01, 1.63e-01]    [2.34e-03, 2.70e-04, 5.03e-05, 1.63e-01, 1.63e-01]    []  
277000    [2.63e-04, 2.57e-04, 2.19e-04, 4.04e-03, 4.04e-03]    [2.62e-04, 2.57e-04, 2.19e-04, 4.04e-03, 4.04e-03]    []  
Epoch 277000: early stopping

Best model at step 275000:
  train loss: 8.70e-03
  test loss: 8.70e-03
  test metric: []

'train' took 668.204960 s

Mean residual: 9.047e-03
Adding new point: [ 3788.7336  27962.168     398.21564] 

Compiling model...
'compile' took 0.000174 s

Training model...

Step      Train loss                                            Test loss                                             Test metric
277000    [2.79e-04, 2.57e-04, 2.19e-04, 4.04e-03, 4.04e-03]    [2.62e-04, 2.57e-04, 2.19e-04, 4.04e-03, 4.04e-03]    []  
278000    [2.73e-04, 2.39e-04, 2.95e-06, 3.89e-03, 3.89e-03]    [2.73e-04, 2.39e-04, 2.95e-06, 3.89e-03, 3.89e-03]    []  
279000    [3.26e-04, 2.43e-04, 1.28e-04, 3.90e-03, 3.90e-03]    [3.26e-04, 2.43e-04, 1.28e-04, 3.90e-03, 3.90e-03]    []  
280000    [7.00e-04, 3.44e-04, 6.31e-05, 1.30e+00, 1.30e+00]    [6.99e-04, 3.44e-04, 6.31e-05, 1.30e+00, 1.30e+00]    []  
Epoch 280000: early stopping

Best model at step 278000:
  train loss: 8.30e-03
  test loss: 8.30e-03
  test metric: []

'train' took 501.184269 s

Mean residual: 1.429e-02
Adding new point: [17343.432  12907.       506.3045] 

Compiling model...
'compile' took 0.000162 s

Training model...

Step      Train loss                                            Test loss                                             Test metric
280000    [7.20e-04, 3.44e-04, 6.31e-05, 1.30e+00, 1.30e+00]    [6.99e-04, 3.44e-04, 6.31e-05, 1.30e+00, 1.30e+00]    []  
281000    [3.15e-04, 3.33e-04, 6.63e-06, 7.00e-03, 7.00e-03]    [3.12e-04, 3.32e-04, 6.63e-06, 7.00e-03, 7.00e-03]    []  
282000    [1.37e-03, 3.00e-04, 2.49e-04, 5.78e-03, 5.78e-03]    [1.37e-03, 3.00e-04, 2.49e-04, 5.78e-03, 5.78e-03]    []  
283000    [2.65e-04, 3.32e-04, 1.97e-05, 3.88e-03, 3.88e-03]    [2.65e-04, 3.31e-04, 1.97e-05, 3.88e-03, 3.88e-03]    []  
284000    [5.96e-04, 3.07e-04, 7.64e-05, 3.28e-02, 3.28e-02]    [5.95e-04, 3.07e-04, 7.64e-05, 3.28e-02, 3.28e-02]    []  
